2018-10-16 06:51:25,762 	 [INFO] | steps_accounts.py:13] > Configure Client
2018-10-16 06:51:25,768 	 [INFO] | steps_accounts.py:23] > Execute Request
2018-10-16 06:51:28,490 	 [INFO] | steps_accounts.py:33] > Validation Smoke code response= 200
2018-10-16 06:51:28,496 	 [INFO] | steps_me.py:13] > Configure Client
2018-10-16 06:51:28,523 	 [INFO] | steps_me.py:13] > Configure Client
2018-10-16 06:51:28,533 	 [INFO] | steps_me.py:13] > Configure Client
2018-10-16 06:51:28,542 	 [INFO] | steps_me.py:13] > Configure Client
2018-10-16 06:51:28,551 	 [INFO] | steps_me.py:13] > Configure Client
2018-10-16 06:51:28,553 	 [INFO] | steps_me.py:22] > Execute Request
2018-10-16 06:51:36,373 	 [INFO] | steps_me.py:32] > Validation Smoke
2018-10-16 06:51:58,945 	 [INFO] | steps_me.py:13] > Configure Client
2018-10-16 06:51:58,947 	 [INFO] | steps_me.py:22] > Execute Request
2018-10-16 06:52:02,176 	 [INFO] | steps_me.py:32] > Validation Smoke
2018-10-16 06:53:38,834 	 [INFO] | steps_accounts.py:13] > Configure Client
2018-10-16 06:53:38,835 	 [INFO] | steps_accounts.py:23] > Execute Request
2018-10-16 06:53:42,074 	 [INFO] | steps_accounts.py:33] > Validation Smoke code response= 200
2018-10-16 06:53:42,080 	 [INFO] | steps_accounts.py:13] > Configure Client
2018-10-16 06:53:42,083 	 [INFO] | steps_accounts.py:39] > Execute Request
2018-10-16 06:53:44,650 	 [INFO] | steps_accounts.py:33] > Validation Smoke code response= 200
2018-10-16 06:53:44,653 	 [INFO] | steps_accounts.py:13] > Configure Client
2018-10-16 06:53:44,654 	 [INFO] | steps_accounts.py:39] > Execute Request
2018-10-16 06:53:47,794 	 [INFO] | steps_accounts.py:33] > Validation Smoke code response= 200
2018-10-16 06:53:47,800 	 [INFO] | steps_accounts.py:13] > Configure Client
2018-10-16 06:53:47,806 	 [INFO] | steps_accounts.py:39] > Execute Request
2018-10-16 06:53:50,926 	 [INFO] | steps_accounts.py:33] > Validation Smoke code response= 200
2018-10-16 06:53:50,934 	 [INFO] | steps_accounts.py:13] > Configure Client
2018-10-16 06:53:50,941 	 [INFO] | steps_accounts.py:39] > Execute Request
2018-10-16 06:53:53,149 	 [INFO] | steps_accounts.py:33] > Validation Smoke code response= 200
2018-10-16 06:54:04,236 	 [INFO] | steps_accounts.py:13] > Configure Client
2018-10-16 06:54:04,238 	 [INFO] | steps_accounts.py:23] > Execute Request
2018-10-16 06:54:07,199 	 [INFO] | steps_accounts.py:33] > Validation Smoke code response= 200
2018-10-16 06:54:07,212 	 [INFO] | steps_accounts.py:13] > Configure Client
2018-10-16 06:54:07,214 	 [INFO] | steps_accounts.py:39] > Execute Request
2018-10-16 06:54:09,524 	 [INFO] | steps_accounts.py:33] > Validation Smoke code response= 200
2018-10-16 06:54:09,530 	 [INFO] | steps_accounts.py:13] > Configure Client
2018-10-16 06:54:09,534 	 [INFO] | steps_accounts.py:39] > Execute Request
2018-10-16 06:54:12,130 	 [INFO] | steps_accounts.py:33] > Validation Smoke code response= 200
2018-10-16 06:54:12,137 	 [INFO] | steps_accounts.py:13] > Configure Client
2018-10-16 06:54:12,141 	 [INFO] | steps_accounts.py:39] > Execute Request
2018-10-16 06:54:14,759 	 [INFO] | steps_accounts.py:33] > Validation Smoke code response= 200
2018-10-16 06:54:14,766 	 [INFO] | steps_accounts.py:13] > Configure Client
2018-10-16 06:54:14,769 	 [INFO] | steps_accounts.py:39] > Execute Request
2018-10-16 06:54:17,941 	 [INFO] | steps_accounts.py:33] > Validation Smoke code response= 200
2018-10-16 06:54:17,950 	 [INFO] | steps_me.py:13] > Configure Client
2018-10-16 06:54:17,954 	 [INFO] | steps_me.py:22] > Execute Request
2018-10-16 06:54:20,228 	 [INFO] | steps_me.py:32] > Validation Smoke
2018-10-16 07:05:21,955 	 [INFO] | steps_accounts.py:13] > Configure Client
2018-10-16 07:05:21,956 	 [INFO] | steps_accounts.py:23] > Execute Request
2018-10-16 07:05:24,310 	 [INFO] | steps_accounts.py:33] > Validation Smoke code response= 200
2018-10-16 07:05:24,317 	 [INFO] | steps_accounts.py:49] > Configure Client
2018-10-16 07:10:37,016 	 [INFO] | steps_accounts.py:13] > Configure Client
2018-10-16 07:10:37,017 	 [INFO] | steps_accounts.py:23] > Execute Request
2018-10-16 07:10:39,353 	 [INFO] | steps_accounts.py:33] > Validation Smoke code response= 200
2018-10-16 07:10:39,361 	 [INFO] | steps_accounts.py:39] > Configure Client
2018-10-16 07:20:16,830 	 [INFO] | steps_accounts.py:13] > Configure Client
2018-10-16 07:20:16,830 	 [INFO] | steps_accounts.py:23] > Execute Request
2018-10-16 07:20:19,467 	 [INFO] | steps_accounts.py:33] > Validation Smoke code response= 200
2018-10-16 07:20:19,467 	 [INFO] | steps_accounts.py:39] > Configure Client
2018-10-16 07:45:56,605 	 [INFO] | steps_accounts.py:13] > Configure Client
2018-10-16 07:45:56,605 	 [INFO] | steps_accounts.py:23] > Execute Request
2018-10-16 07:45:59,127 	 [INFO] | steps_accounts.py:33] > Validation Smoke code response= 200
2018-10-16 07:45:59,127 	 [INFO] | steps_accounts.py:39] > Configure Client
2018-10-16 07:45:59,127 	 [INFO] | steps_accounts.py:13] > Configure Client
2018-10-16 07:45:59,143 	 [INFO] | steps_accounts.py:23] > Execute Request
2018-10-16 07:46:01,695 	 [INFO] | steps_accounts.py:33] > Validation Smoke code response= 200
2018-10-16 07:46:01,695 	 [INFO] | steps_accounts.py:39] > Configure Client
2018-10-16 07:47:06,575 	 [INFO] | steps_accounts.py:13] > Configure Client
2018-10-16 07:47:06,582 	 [INFO] | steps_accounts.py:23] > Execute Request
2018-10-16 07:47:09,031 	 [INFO] | steps_accounts.py:33] > Validation Smoke code response= 200
2018-10-16 07:47:09,031 	 [INFO] | steps_accounts.py:39] > Configure Client
2018-10-16 07:47:09,031 	 [INFO] | steps_accounts.py:13] > Configure Client
2018-10-16 07:47:09,046 	 [INFO] | steps_accounts.py:23] > Execute Request
2018-10-16 07:47:11,476 	 [INFO] | steps_accounts.py:33] > Validation Smoke code response= 200
2018-10-16 07:47:11,481 	 [INFO] | steps_accounts.py:39] > Configure Client
2018-10-16 07:55:19,079 	 [INFO] | steps_accounts.py:13] > Configure Client
2018-10-16 07:55:19,079 	 [INFO] | steps_accounts.py:23] > Execute Request
2018-10-16 07:55:22,230 	 [INFO] | steps_accounts.py:33] > Validation Smoke code response= 200
2018-10-16 07:55:22,236 	 [INFO] | steps_accounts.py:39] > Configure Client
2018-10-16 07:55:22,248 	 [INFO] | steps_accounts.py:13] > Configure Client
2018-10-16 07:55:22,252 	 [INFO] | steps_accounts.py:23] > Execute Request
2018-10-16 07:55:24,421 	 [INFO] | steps_accounts.py:33] > Validation Smoke code response= 200
2018-10-16 07:55:24,427 	 [INFO] | steps_accounts.py:39] > Configure Client
2018-10-16 07:55:24,431 	 [INFO] | steps_accounts.py:49] > Execute Request
2018-10-16 07:55:27,414 	 [INFO] | steps_accounts.py:33] > Validation Smoke code response= 200
2018-10-16 07:57:17,652 	 [INFO] | steps_accounts.py:13] > Configure Client
2018-10-16 07:57:17,655 	 [INFO] | steps_accounts.py:23] > Execute Request
2018-10-16 07:57:20,026 	 [INFO] | steps_accounts.py:33] > Validation Smoke code response= 200
2018-10-16 07:57:20,031 	 [INFO] | steps_accounts.py:39] > Configure Client
2018-10-16 07:57:20,033 	 [INFO] | steps_accounts.py:49] > Execute Request
2018-10-16 07:57:22,296 	 [INFO] | steps_accounts.py:33] > Validation Smoke code response= 200
2018-10-16 07:57:22,296 	 [INFO] | steps_accounts.py:13] > Configure Client
2018-10-16 07:57:22,296 	 [INFO] | steps_accounts.py:23] > Execute Request
2018-10-16 07:57:24,682 	 [INFO] | steps_accounts.py:33] > Validation Smoke code response= 200
2018-10-16 07:57:24,682 	 [INFO] | steps_accounts.py:39] > Configure Client
2018-10-16 07:57:24,692 	 [INFO] | steps_accounts.py:49] > Execute Request
2018-10-16 07:57:27,051 	 [INFO] | steps_accounts.py:33] > Validation Smoke code response= 200
2018-10-16 08:12:14,860 	 [INFO] | steps_accounts.py:13] > Configure Client
2018-10-16 08:12:14,863 	 [INFO] | steps_accounts.py:23] > Execute Request
2018-10-16 08:12:17,815 	 [INFO] | steps_accounts.py:33] > Validation Smoke code response= 200
2018-10-16 08:12:17,824 	 [INFO] | steps_accounts.py:39] > Configure Client
2018-10-16 08:12:17,828 	 [INFO] | steps_accounts.py:49] > Execute Request
2018-10-16 08:12:20,669 	 [INFO] | steps_accounts.py:33] > Validation Smoke code response= 200
2018-10-16 08:12:20,669 	 [INFO] | steps_accounts.py:13] > Configure Client
2018-10-16 08:12:20,669 	 [INFO] | steps_accounts.py:23] > Execute Request
2018-10-16 08:12:23,631 	 [INFO] | steps_accounts.py:33] > Validation Smoke code response= 200
2018-10-16 08:12:23,638 	 [INFO] | steps_accounts.py:39] > Configure Client
2018-10-16 08:12:23,642 	 [INFO] | steps_accounts.py:49] > Execute Request
2018-10-16 08:12:26,105 	 [INFO] | steps_accounts.py:33] > Validation Smoke code response= 200
2018-10-16 08:16:19,777 	 [INFO] | steps_accounts.py:13] > Configure Client
2018-10-16 08:16:19,780 	 [INFO] | steps_accounts.py:23] > Execute Request
2018-10-16 08:16:22,096 	 [INFO] | steps_accounts.py:33] > Validation Smoke code response= 200
2018-10-16 08:16:22,103 	 [INFO] | steps_accounts.py:39] > Configure Client
2018-10-16 08:16:22,108 	 [INFO] | steps_accounts.py:49] > Execute Request
2018-10-16 08:16:24,957 	 [INFO] | steps_accounts.py:33] > Validation Smoke code response= 200
2018-10-16 08:16:24,962 	 [INFO] | steps_accounts.py:13] > Configure Client
2018-10-16 08:16:24,966 	 [INFO] | steps_accounts.py:23] > Execute Request
2018-10-16 08:16:27,495 	 [INFO] | steps_accounts.py:33] > Validation Smoke code response= 200
2018-10-16 08:16:27,503 	 [INFO] | steps_accounts.py:39] > Configure Client
2018-10-16 08:16:27,508 	 [INFO] | steps_accounts.py:49] > Execute Request
2018-10-16 08:16:29,846 	 [INFO] | steps_accounts.py:33] > Validation Smoke code response= 200
2018-10-16 08:19:28,652 	 [INFO] | steps_accounts.py:13] > Configure Client
2018-10-16 08:19:28,654 	 [INFO] | steps_accounts.py:23] > Execute Request
2018-10-16 08:19:32,115 	 [INFO] | steps_accounts.py:33] > Validation Smoke code response= 200
2018-10-16 08:19:32,122 	 [INFO] | steps_accounts.py:39] > Configure Client
2018-10-16 08:19:32,130 	 [INFO] | steps_accounts.py:49] > Execute Request
2018-10-16 08:19:33,975 	 [INFO] | steps_accounts.py:13] > Configure Client
2018-10-16 08:19:33,980 	 [INFO] | steps_accounts.py:23] > Execute Request
2018-10-16 08:19:36,624 	 [INFO] | steps_accounts.py:33] > Validation Smoke code response= 200
2018-10-16 08:19:36,634 	 [INFO] | steps_accounts.py:39] > Configure Client
2018-10-16 08:19:36,639 	 [INFO] | steps_accounts.py:49] > Execute Request
2018-10-16 08:20:22,055 	 [INFO] | steps_accounts.py:13] > Configure Client
2018-10-16 08:20:22,057 	 [INFO] | steps_accounts.py:23] > Execute Request
2018-10-16 08:20:24,870 	 [INFO] | steps_accounts.py:33] > Validation Smoke code response= 200
2018-10-16 08:20:24,880 	 [INFO] | steps_accounts.py:39] > Configure Client
2018-10-16 08:20:24,884 	 [INFO] | steps_accounts.py:49] > Execute Request
2018-10-16 08:20:27,385 	 [INFO] | steps_accounts.py:33] > Validation Smoke code response= 200
2018-10-16 08:20:27,391 	 [INFO] | steps_accounts.py:13] > Configure Client
2018-10-16 08:20:27,401 	 [INFO] | steps_accounts.py:39] > Configure Client
2018-10-16 08:20:27,404 	 [INFO] | steps_accounts.py:49] > Execute Request
2018-10-16 08:20:30,663 	 [INFO] | steps_accounts.py:33] > Validation Smoke code response= 200
2018-10-16 08:21:46,545 	 [INFO] | steps_accounts.py:13] > Configure Client
2018-10-16 08:21:46,547 	 [INFO] | steps_accounts.py:23] > Execute Request
2018-10-16 08:21:49,206 	 [INFO] | steps_accounts.py:33] > Validation Smoke code response= 200
2018-10-16 08:21:49,208 	 [INFO] | steps_accounts.py:39] > Configure Client
2018-10-16 08:21:49,213 	 [INFO] | steps_accounts.py:49] > Execute Request
2018-10-16 08:21:51,155 	 [INFO] | steps_accounts.py:13] > Configure Client
2018-10-16 08:21:51,159 	 [INFO] | steps_accounts.py:23] > Execute Request
2018-10-16 08:21:54,214 	 [INFO] | steps_accounts.py:33] > Validation Smoke code response= 200
2018-10-16 08:21:54,222 	 [INFO] | steps_accounts.py:39] > Configure Client
2018-10-16 08:21:54,227 	 [INFO] | steps_accounts.py:49] > Execute Request
2018-10-16 08:22:50,476 	 [INFO] | steps_accounts.py:13] > Configure Client
2018-10-16 08:22:50,481 	 [INFO] | steps_accounts.py:23] > Execute Request
2018-10-16 08:22:53,524 	 [INFO] | steps_accounts.py:33] > Validation Smoke code response= 200
2018-10-16 08:22:53,529 	 [INFO] | steps_accounts.py:39] > Configure Client
2018-10-16 08:22:53,534 	 [INFO] | steps_accounts.py:49] > Execute Request
2018-10-16 08:22:56,403 	 [INFO] | steps_accounts.py:33] > Validation Smoke code response= 200
2018-10-16 08:22:56,413 	 [INFO] | steps_accounts.py:13] > Configure Client
2018-10-16 08:22:56,423 	 [INFO] | steps_accounts.py:39] > Configure Client
2018-10-16 08:22:56,429 	 [INFO] | steps_accounts.py:49] > Execute Request
2018-10-16 08:22:59,647 	 [INFO] | steps_accounts.py:33] > Validation Smoke code response= 200
2018-10-16 08:24:30,566 	 [INFO] | steps_accounts.py:13] > Configure Client
2018-10-16 08:24:30,568 	 [INFO] | steps_accounts.py:23] > Execute Request
2018-10-16 08:24:34,088 	 [INFO] | steps_accounts.py:33] > Validation Smoke code response= 200
2018-10-16 08:24:34,096 	 [INFO] | steps_accounts.py:39] > Configure Client
2018-10-16 08:24:34,100 	 [INFO] | steps_accounts.py:49] > Execute Request
2018-10-16 08:27:03,565 	 [INFO] | steps_accounts.py:13] > Configure Client
2018-10-16 08:27:03,568 	 [INFO] | steps_accounts.py:23] > Execute Request
2018-10-16 08:27:06,959 	 [INFO] | steps_accounts.py:33] > Validation Smoke code response= 200
2018-10-16 08:27:06,968 	 [INFO] | steps_accounts.py:39] > Configure Client
2018-10-16 08:27:06,973 	 [INFO] | steps_accounts.py:48] > Execute Request
2018-10-16 08:28:26,136 	 [INFO] | steps_accounts.py:13] > Configure Client
2018-10-16 08:28:26,138 	 [INFO] | steps_accounts.py:23] > Execute Request
2018-10-16 08:28:28,822 	 [INFO] | steps_accounts.py:33] > Validation Smoke code response= 200
2018-10-16 08:28:28,829 	 [INFO] | steps_accounts.py:39] > Configure Client
2018-10-16 08:28:28,833 	 [INFO] | steps_accounts.py:48] > Execute Request
2018-10-16 08:31:19,387 	 [INFO] | steps_accounts.py:13] > Configure Client
2018-10-16 08:31:19,388 	 [INFO] | steps_accounts.py:23] > Execute Request
2018-10-16 08:31:22,268 	 [INFO] | steps_accounts.py:33] > Validation Smoke code response= 200
2018-10-16 08:31:22,276 	 [INFO] | steps_accounts.py:13] > Configure Client
2018-10-16 08:31:22,282 	 [INFO] | steps_accounts.py:23] > Execute Request
2018-10-16 08:31:24,823 	 [INFO] | steps_accounts.py:33] > Validation Smoke code response= 200
2018-10-16 08:32:35,348 	 [INFO] | steps_accounts.py:13] > Configure Client
2018-10-16 08:32:35,348 	 [INFO] | steps_accounts.py:23] > Execute Request
2018-10-16 08:32:35,505 	 [INFO] | steps_accounts.py:13] > Configure Client
2018-10-16 08:32:35,507 	 [INFO] | steps_accounts.py:23] > Execute Request
2018-10-16 08:32:37,858 	 [INFO] | steps_accounts.py:33] > Validation Smoke code response= 200
2018-10-16 08:32:37,863 	 [INFO] | steps_accounts.py:13] > Configure Client
2018-10-16 08:32:37,863 	 [INFO] | steps_accounts.py:33] > Validation Smoke code response= 200
2018-10-16 08:32:37,867 	 [INFO] | steps_accounts.py:23] > Execute Request
2018-10-16 08:32:37,871 	 [INFO] | steps_accounts.py:13] > Configure Client
2018-10-16 08:32:37,875 	 [INFO] | steps_accounts.py:23] > Execute Request
2018-10-16 08:32:40,728 	 [INFO] | steps_accounts.py:33] > Validation Smoke code response= 200
2018-10-16 08:32:40,729 	 [INFO] | steps_accounts.py:33] > Validation Smoke code response= 200
2018-10-16 08:33:32,143 	 [INFO] | steps_accounts.py:13] > Configure Client
2018-10-16 08:33:32,145 	 [INFO] | steps_accounts.py:23] > Execute Request
2018-10-16 08:33:34,831 	 [INFO] | steps_accounts.py:33] > Validation Smoke code response= 200
2018-10-16 08:34:47,341 	 [INFO] | steps_accounts.py:13] > Configure Client
2018-10-16 08:34:47,347 	 [INFO] | steps_accounts.py:23] > Execute Request
2018-10-16 08:34:49,952 	 [INFO] | steps_accounts.py:33] > Validation Smoke code response= 200
2018-10-16 08:34:49,959 	 [INFO] | steps_accounts.py:39] > Configure Client
2018-10-16 08:34:49,971 	 [INFO] | steps_accounts.py:13] > Configure Client
2018-10-16 08:34:49,987 	 [INFO] | steps_accounts.py:39] > Configure Client
2018-10-16 08:34:49,993 	 [INFO] | steps_accounts.py:48] > Execute Request
2018-10-16 08:34:52,460 	 [INFO] | steps_accounts.py:33] > Validation Smoke code response= 200
2018-10-16 08:35:19,385 	 [INFO] | steps_accounts.py:13] > Configure Client
2018-10-16 08:35:19,385 	 [INFO] | steps_accounts.py:23] > Execute Request
2018-10-16 08:35:22,086 	 [INFO] | steps_accounts.py:33] > Validation Smoke code response= 200
2018-10-16 08:35:22,094 	 [INFO] | steps_accounts.py:39] > Configure Client
2018-10-16 08:35:22,097 	 [INFO] | steps_accounts.py:48] > Execute Request
2018-10-16 08:35:24,609 	 [INFO] | steps_accounts.py:33] > Validation Smoke code response= 200
2018-10-16 08:35:24,616 	 [INFO] | steps_accounts.py:13] > Configure Client
2018-10-16 08:35:24,628 	 [INFO] | steps_accounts.py:39] > Configure Client
2018-10-16 08:35:24,632 	 [INFO] | steps_accounts.py:48] > Execute Request
2018-10-16 08:35:27,163 	 [INFO] | steps_accounts.py:33] > Validation Smoke code response= 200
2018-10-16 08:36:26,044 	 [INFO] | steps_accounts.py:13] > Configure Client
2018-10-16 08:36:26,047 	 [INFO] | steps_accounts.py:23] > Execute Request
2018-10-16 08:36:28,417 	 [INFO] | steps_accounts.py:33] > Validation Smoke code response= 200
2018-10-16 08:36:28,425 	 [INFO] | steps_accounts.py:39] > Configure Client
2018-10-16 08:36:28,429 	 [INFO] | steps_accounts.py:48] > Execute Request
2018-10-16 08:36:30,074 	 [INFO] | steps_accounts.py:13] > Configure Client
2018-10-16 08:36:30,075 	 [INFO] | steps_accounts.py:23] > Execute Request
2018-10-16 08:36:32,579 	 [INFO] | steps_accounts.py:33] > Validation Smoke code response= 200
2018-10-16 08:36:32,582 	 [INFO] | steps_accounts.py:39] > Configure Client
2018-10-16 08:36:32,587 	 [INFO] | steps_accounts.py:48] > Execute Request
2018-10-16 08:44:12,887 	 [INFO] | steps_accounts.py:13] > Configure Client
2018-10-16 08:44:12,887 	 [INFO] | steps_accounts.py:23] > Execute Request
2018-10-16 08:44:16,425 	 [INFO] | steps_accounts.py:33] > Validation Smoke code response= 200
2018-10-16 08:44:16,431 	 [INFO] | steps_accounts.py:39] > Configure Client
2018-10-16 08:44:16,434 	 [INFO] | steps_accounts.py:48] > Execute Request
2018-10-16 08:44:18,070 	 [INFO] | steps_accounts.py:13] > Configure Client
2018-10-16 08:44:18,074 	 [INFO] | steps_accounts.py:23] > Execute Request
2018-10-16 08:44:20,562 	 [INFO] | steps_accounts.py:33] > Validation Smoke code response= 200
2018-10-16 08:44:20,564 	 [INFO] | steps_accounts.py:39] > Configure Client
2018-10-16 08:44:20,571 	 [INFO] | steps_accounts.py:48] > Execute Request
2018-10-16 08:45:55,137 	 [INFO] | steps_accounts.py:13] > Configure Client
2018-10-16 08:45:55,143 	 [INFO] | steps_accounts.py:23] > Execute Request
2018-10-16 08:45:57,838 	 [INFO] | steps_accounts.py:33] > Validation Smoke code response= 200
2018-10-16 08:45:57,848 	 [INFO] | steps_accounts.py:39] > Configure Client
2018-10-16 08:45:57,851 	 [INFO] | steps_accounts.py:48] > Execute Request
2018-10-16 08:49:39,747 	 [INFO] | steps_accounts.py:13] > Configure Client
2018-10-16 08:49:39,749 	 [INFO] | steps_accounts.py:23] > Execute Request
2018-10-16 08:49:42,275 	 [INFO] | steps_accounts.py:33] > Validation Smoke code response= 200
2018-10-16 08:49:42,282 	 [INFO] | steps_accounts.py:39] > Configure Client
2018-10-16 08:49:42,285 	 [INFO] | steps_accounts.py:48] > Execute Request
2018-10-16 08:49:44,129 	 [INFO] | steps_accounts.py:13] > Configure Client
2018-10-16 08:49:44,130 	 [INFO] | steps_accounts.py:23] > Execute Request
2018-10-16 08:49:46,521 	 [INFO] | steps_accounts.py:33] > Validation Smoke code response= 200
2018-10-16 08:49:46,527 	 [INFO] | steps_accounts.py:39] > Configure Client
2018-10-16 08:49:46,531 	 [INFO] | steps_accounts.py:48] > Execute Request
2018-10-16 08:50:24,732 	 [INFO] | steps_accounts.py:13] > Configure Client
2018-10-16 08:50:24,732 	 [INFO] | steps_accounts.py:23] > Execute Request
2018-10-16 08:50:27,475 	 [INFO] | steps_accounts.py:33] > Validation Smoke code response= 200
2018-10-16 08:50:27,481 	 [INFO] | steps_accounts.py:39] > Configure Client
2018-10-16 08:50:27,485 	 [INFO] | steps_accounts.py:48] > Execute Request
2018-10-16 08:50:30,394 	 [INFO] | steps_accounts.py:33] > Validation Smoke code response= 200
2018-10-16 08:50:30,401 	 [INFO] | steps_accounts.py:13] > Configure Client
2018-10-16 08:50:30,406 	 [INFO] | steps_accounts.py:23] > Execute Request
2018-10-16 08:50:33,424 	 [INFO] | steps_accounts.py:33] > Validation Smoke code response= 200
2018-10-16 08:50:33,429 	 [INFO] | steps_accounts.py:39] > Configure Client
2018-10-16 08:50:33,433 	 [INFO] | steps_accounts.py:48] > Execute Request
2018-10-16 08:51:58,560 	 [INFO] | steps_accounts.py:13] > Configure Client
2018-10-16 08:51:58,560 	 [INFO] | steps_accounts.py:23] > Execute Request
2018-10-16 08:52:00,910 	 [INFO] | steps_accounts.py:33] > Validation Smoke code response= 200
2018-10-16 08:52:00,916 	 [INFO] | steps_accounts.py:39] > Configure Client
2018-10-16 08:52:00,921 	 [INFO] | steps_accounts.py:48] > Execute Request
2018-10-16 08:52:03,077 	 [INFO] | steps_accounts.py:33] > Validation Smoke code response= 200
2018-10-16 08:52:03,083 	 [INFO] | steps_accounts.py:13] > Configure Client
2018-10-16 08:52:03,086 	 [INFO] | steps_accounts.py:23] > Execute Request
2018-10-16 08:52:05,398 	 [INFO] | steps_accounts.py:33] > Validation Smoke code response= 200
2018-10-16 08:52:05,399 	 [INFO] | steps_accounts.py:39] > Configure Client
2018-10-16 08:52:05,406 	 [INFO] | steps_accounts.py:48] > Execute Request
2018-10-16 08:52:07,552 	 [INFO] | steps_accounts.py:33] > Validation Smoke code response= 200
2018-10-16 08:53:22,545 	 [INFO] | steps_accounts.py:13] > Configure Client
2018-10-16 08:53:22,546 	 [INFO] | steps_accounts.py:23] > Execute Request
2018-10-16 08:53:25,038 	 [INFO] | steps_accounts.py:33] > Validation Smoke code response= 200
2018-10-16 08:53:25,048 	 [INFO] | steps_accounts.py:39] > Configure Client
2018-10-16 08:53:25,051 	 [INFO] | steps_accounts.py:48] > Execute Request
2018-10-16 08:53:27,349 	 [INFO] | steps_accounts.py:33] > Validation Smoke code response= 200
2018-10-16 08:53:27,356 	 [INFO] | steps_accounts.py:13] > Configure Client
2018-10-16 08:53:27,360 	 [INFO] | steps_accounts.py:23] > Execute Request
2018-10-16 08:53:29,842 	 [INFO] | steps_accounts.py:33] > Validation Smoke code response= 200
2018-10-16 08:53:29,848 	 [INFO] | steps_accounts.py:39] > Configure Client
2018-10-16 08:53:29,852 	 [INFO] | steps_accounts.py:48] > Execute Request
2018-10-16 08:53:32,391 	 [INFO] | steps_accounts.py:33] > Validation Smoke code response= 200
2018-10-16 09:02:55,544 	 [INFO] | steps_accounts.py:13] > Configure Client
2018-10-16 09:02:55,544 	 [INFO] | steps_accounts.py:23] > Execute Request
2018-10-16 09:02:56,645 	 [INFO] | steps_accounts.py:30] > Validation Smoke code response= 200
2018-10-16 09:02:56,650 	 [INFO] | steps_accounts.py:36] > Configure Client
2018-10-16 09:02:56,653 	 [INFO] | steps_accounts.py:45] > Execute Request
2018-10-16 09:02:58,958 	 [INFO] | steps_accounts.py:30] > Validation Smoke code response= 200
2018-10-16 09:02:58,964 	 [INFO] | steps_accounts.py:13] > Configure Client
2018-10-16 09:02:58,968 	 [INFO] | steps_accounts.py:23] > Execute Request
2018-10-16 09:02:59,705 	 [INFO] | steps_accounts.py:30] > Validation Smoke code response= 200
2018-10-16 09:02:59,715 	 [INFO] | steps_accounts.py:36] > Configure Client
2018-10-16 09:02:59,722 	 [INFO] | steps_accounts.py:45] > Execute Request
2018-10-16 09:03:02,238 	 [INFO] | steps_accounts.py:30] > Validation Smoke code response= 200
2018-10-16 09:04:46,229 	 [INFO] | steps_accounts.py:13] > Configure Client
2018-10-16 09:04:46,230 	 [INFO] | steps_accounts.py:23] > Execute Request
2018-10-16 09:04:47,415 	 [INFO] | steps_accounts.py:31] > Validation Smoke code response= 200
2018-10-16 09:04:47,421 	 [INFO] | steps_accounts.py:37] > Configure Client
2018-10-16 09:04:47,425 	 [INFO] | steps_accounts.py:46] > Execute Request
2018-10-16 09:04:50,143 	 [INFO] | steps_accounts.py:31] > Validation Smoke code response= 200
2018-10-16 09:04:50,152 	 [INFO] | steps_accounts.py:13] > Configure Client
2018-10-16 09:04:50,156 	 [INFO] | steps_accounts.py:23] > Execute Request
2018-10-16 09:04:50,912 	 [INFO] | steps_accounts.py:31] > Validation Smoke code response= 200
2018-10-16 09:04:50,922 	 [INFO] | steps_accounts.py:37] > Configure Client
2018-10-16 09:04:50,925 	 [INFO] | steps_accounts.py:46] > Execute Request
2018-10-16 09:04:53,620 	 [INFO] | steps_accounts.py:31] > Validation Smoke code response= 200
2018-10-16 09:08:01,070 	 [INFO] | steps_accounts.py:13] > Configure Client
2018-10-16 09:08:01,071 	 [INFO] | steps_accounts.py:23] > Execute Request
2018-10-16 09:08:02,065 	 [INFO] | steps_accounts.py:30] > Validation Smoke code response= 200
2018-10-16 09:08:02,072 	 [INFO] | steps_accounts.py:36] > Configure Client
2018-10-16 09:08:02,077 	 [INFO] | steps_me.py:22] > Execute Request
2018-10-16 09:08:04,917 	 [INFO] | steps_accounts.py:30] > Validation Smoke code response= 200
2018-10-16 09:08:04,926 	 [INFO] | steps_accounts.py:13] > Configure Client
2018-10-16 09:08:04,931 	 [INFO] | steps_accounts.py:23] > Execute Request
2018-10-16 09:08:05,718 	 [INFO] | steps_accounts.py:30] > Validation Smoke code response= 200
2018-10-16 09:08:05,724 	 [INFO] | steps_accounts.py:36] > Configure Client
2018-10-16 09:08:05,726 	 [INFO] | steps_me.py:22] > Execute Request
2018-10-16 09:08:07,985 	 [INFO] | steps_accounts.py:30] > Validation Smoke code response= 200
2018-10-16 09:08:40,811 	 [INFO] | steps_accounts.py:13] > Configure Client
2018-10-16 09:08:40,812 	 [INFO] | steps_accounts.py:23] > Execute Request
2018-10-16 09:08:41,983 	 [INFO] | steps_accounts.py:30] > Validation Smoke code response= 200
2018-10-16 09:08:41,985 	 [INFO] | steps_accounts.py:36] > Configure Client
2018-10-16 09:08:41,990 	 [INFO] | steps_accounts.py:45] > Execute Request
2018-10-16 09:08:43,026 	 [INFO] | steps_accounts.py:30] > Validation Smoke code response= 200
2018-10-16 09:08:43,031 	 [INFO] | steps_accounts.py:13] > Configure Client
2018-10-16 09:08:43,034 	 [INFO] | steps_accounts.py:23] > Execute Request
2018-10-16 09:08:43,962 	 [INFO] | steps_accounts.py:30] > Validation Smoke code response= 200
2018-10-16 09:08:43,969 	 [INFO] | steps_accounts.py:36] > Configure Client
2018-10-16 09:08:43,973 	 [INFO] | steps_accounts.py:45] > Execute Request
2018-10-16 09:08:44,781 	 [INFO] | steps_accounts.py:30] > Validation Smoke code response= 200
2018-10-16 09:17:31,459 	 [INFO] | steps_accounts.py:13] > Configure Client
2018-10-16 09:17:31,462 	 [INFO] | steps_accounts.py:23] > Execute Request
2018-10-16 09:17:32,775 	 [INFO] | steps_accounts.py:30] > Validation Smoke code response= 200
2018-10-16 09:17:32,782 	 [INFO] | steps_accounts.py:36] > Configure Client
2018-10-16 09:17:32,784 	 [INFO] | steps_accounts.py:45] > Execute Request
2018-10-16 09:17:33,809 	 [INFO] | steps_accounts.py:30] > Validation Smoke code response= 200
2018-10-16 09:17:33,816 	 [INFO] | steps_accounts.py:13] > Configure Client
2018-10-16 09:17:33,819 	 [INFO] | steps_accounts.py:23] > Execute Request
2018-10-16 09:17:34,643 	 [INFO] | steps_accounts.py:30] > Validation Smoke code response= 200
2018-10-16 09:17:34,649 	 [INFO] | steps_accounts.py:36] > Configure Client
2018-10-16 09:17:34,652 	 [INFO] | steps_accounts.py:45] > Execute Request
2018-10-16 09:17:35,371 	 [INFO] | steps_accounts.py:30] > Validation Smoke code response= 200
2018-10-16 09:17:35,379 	 [INFO] | steps_me.py:13] > Configure Client
2018-10-16 09:17:35,383 	 [INFO] | steps_me.py:22] > Execute Request
2018-10-16 09:17:38,479 	 [INFO] | steps_me.py:32] > Validation Smoke
2018-10-16 10:15:19,523 	 [INFO] | steps_accounts.py:13] > Configure Client
2018-10-16 10:15:19,527 	 [INFO] | steps_accounts.py:23] > Execute Request
2018-10-16 10:15:19,708 	 [INFO] | steps_accounts.py:36] > Configure Client
2018-10-16 10:15:19,712 	 [INFO] | steps_accounts.py:45] > Execute Request
2018-10-16 10:15:19,756 	 [INFO] | steps_accounts.py:13] > Configure Client
2018-10-16 10:15:19,764 	 [INFO] | steps_accounts.py:23] > Execute Request
2018-10-16 10:15:19,799 	 [INFO] | steps_accounts.py:36] > Configure Client
2018-10-16 10:15:19,814 	 [INFO] | steps_accounts.py:45] > Execute Request
2018-10-16 10:15:19,852 	 [INFO] | steps_me.py:13] > Configure Client
2018-10-16 10:15:19,861 	 [INFO] | steps_me.py:22] > Execute Request
2018-10-16 10:16:17,528 	 [INFO] | steps_accounts.py:13] > Configure Client
2018-10-16 10:16:17,531 	 [INFO] | steps_accounts.py:23] > Execute Request
2018-10-16 10:16:17,557 	 [INFO] | steps_accounts.py:36] > Configure Client
2018-10-16 10:16:17,559 	 [INFO] | steps_accounts.py:45] > Execute Request
2018-10-16 10:16:17,577 	 [INFO] | steps_accounts.py:13] > Configure Client
2018-10-16 10:16:17,580 	 [INFO] | steps_accounts.py:23] > Execute Request
2018-10-16 10:16:17,593 	 [INFO] | steps_accounts.py:36] > Configure Client
2018-10-16 10:16:17,595 	 [INFO] | steps_accounts.py:45] > Execute Request
2018-10-16 10:16:17,614 	 [INFO] | steps_me.py:13] > Configure Client
2018-10-16 10:16:17,620 	 [INFO] | steps_me.py:22] > Execute Request
2018-10-16 10:16:34,082 	 [INFO] | steps_accounts.py:13] > Configure Client
2018-10-16 10:16:34,082 	 [INFO] | steps_accounts.py:23] > Execute Request
2018-10-16 10:16:34,121 	 [INFO] | steps_accounts.py:36] > Configure Client
2018-10-16 10:16:34,123 	 [INFO] | steps_accounts.py:45] > Execute Request
2018-10-16 10:16:34,141 	 [INFO] | steps_accounts.py:13] > Configure Client
2018-10-16 10:16:34,143 	 [INFO] | steps_accounts.py:23] > Execute Request
2018-10-16 10:16:34,162 	 [INFO] | steps_accounts.py:36] > Configure Client
2018-10-16 10:16:34,164 	 [INFO] | steps_accounts.py:45] > Execute Request
2018-10-16 10:18:09,917 	 [INFO] | steps_accounts.py:13] > Configure Client
2018-10-16 10:18:09,919 	 [INFO] | steps_accounts.py:23] > Execute Request
2018-10-16 10:18:13,377 	 [INFO] | steps_accounts.py:30] > Validation Smoke code response= 200
2018-10-16 10:18:13,386 	 [INFO] | steps_accounts.py:36] > Configure Client
2018-10-16 10:18:13,389 	 [INFO] | steps_accounts.py:45] > Execute Request
2018-10-16 10:18:15,549 	 [INFO] | steps_accounts.py:30] > Validation Smoke code response= 200
2018-10-16 10:18:15,558 	 [INFO] | steps_accounts.py:13] > Configure Client
2018-10-16 10:18:15,563 	 [INFO] | steps_accounts.py:23] > Execute Request
2018-10-16 10:18:19,112 	 [INFO] | steps_accounts.py:30] > Validation Smoke code response= 200
2018-10-16 10:18:19,121 	 [INFO] | steps_accounts.py:36] > Configure Client
2018-10-16 10:18:19,123 	 [INFO] | steps_accounts.py:45] > Execute Request
2018-10-16 10:18:21,156 	 [INFO] | steps_accounts.py:30] > Validation Smoke code response= 200
2018-10-16 10:18:21,164 	 [INFO] | steps_me.py:13] > Configure Client
2018-10-16 10:18:21,179 	 [INFO] | steps_me.py:22] > Execute Request
2018-10-16 10:18:35,496 	 [INFO] | steps_me.py:32] > Validation Smoke
2018-10-16 10:33:32,676 	 [INFO] | steps_accounts.py:13] > Configure Client
2018-10-16 10:33:32,682 	 [INFO] | steps_accounts.py:23] > Execute Request
2018-10-16 10:33:33,749 	 [INFO] | steps_accounts.py:31] > Validation Smoke code response= 200
2018-10-16 10:33:33,756 	 [INFO] | steps_accounts.py:37] > Configure Client
2018-10-16 10:33:33,761 	 [INFO] | steps_accounts.py:46] > Execute Request
2018-10-16 10:33:34,628 	 [INFO] | steps_accounts.py:31] > Validation Smoke code response= 200
2018-10-16 10:33:34,635 	 [INFO] | steps_accounts.py:13] > Configure Client
2018-10-16 10:33:34,639 	 [INFO] | steps_accounts.py:23] > Execute Request
2018-10-16 10:33:35,577 	 [INFO] | steps_accounts.py:31] > Validation Smoke code response= 200
2018-10-16 10:34:00,110 	 [INFO] | steps_accounts.py:13] > Configure Client
2018-10-16 10:34:00,113 	 [INFO] | steps_accounts.py:23] > Execute Request
2018-10-16 10:34:00,928 	 [INFO] | steps_accounts.py:31] > Validation Smoke code response= 200
2018-10-16 10:34:00,932 	 [INFO] | steps_accounts.py:37] > Configure Client
2018-10-16 10:34:00,937 	 [INFO] | steps_accounts.py:46] > Execute Request
2018-10-16 10:34:01,772 	 [INFO] | steps_accounts.py:31] > Validation Smoke code response= 200
2018-10-16 10:34:01,780 	 [INFO] | steps_accounts.py:13] > Configure Client
2018-10-16 10:34:01,791 	 [INFO] | steps_accounts.py:23] > Execute Request
2018-10-16 10:34:02,642 	 [INFO] | steps_accounts.py:31] > Validation Smoke code response= 200
2018-10-16 10:36:44,345 	 [INFO] | steps_accounts.py:13] > Configure Client
2018-10-16 10:36:44,349 	 [INFO] | steps_accounts.py:23] > Execute Request
2018-10-16 10:37:04,269 	 [INFO] | steps_accounts.py:31] > Validation Smoke code response= 200
2018-10-16 10:37:04,275 	 [INFO] | steps_accounts.py:37] > Configure Client
2018-10-16 10:37:04,280 	 [INFO] | steps_accounts.py:46] > Execute Request
2018-10-16 10:37:12,506 	 [INFO] | steps_accounts.py:31] > Validation Smoke code response= 200
2018-10-16 10:37:12,514 	 [INFO] | steps_accounts.py:13] > Configure Client
2018-10-16 10:37:12,519 	 [INFO] | steps_accounts.py:23] > Execute Request
2018-10-16 10:37:22,593 	 [INFO] | steps_accounts.py:31] > Validation Smoke code response= 200
2018-10-16 10:38:07,178 	 [INFO] | steps_accounts.py:13] > Configure Client
2018-10-16 10:38:07,179 	 [INFO] | steps_accounts.py:23] > Execute Request
2018-10-16 10:38:10,826 	 [INFO] | steps_accounts.py:31] > Validation Smoke code response= 200
2018-10-16 10:38:10,834 	 [INFO] | steps_accounts.py:37] > Configure Client
2018-10-16 10:38:10,838 	 [INFO] | steps_accounts.py:46] > Execute Request
2018-10-16 10:38:15,944 	 [INFO] | steps_accounts.py:31] > Validation Smoke code response= 200
2018-10-16 10:38:15,952 	 [INFO] | steps_accounts.py:13] > Configure Client
2018-10-16 10:38:15,957 	 [INFO] | steps_accounts.py:23] > Execute Request
2018-10-16 10:38:29,260 	 [INFO] | steps_accounts.py:31] > Validation Smoke code response= 200
2018-10-16 10:39:26,658 	 [INFO] | steps_accounts.py:13] > Configure Client
2018-10-16 10:39:26,658 	 [INFO] | steps_accounts.py:23] > Execute Request
2018-10-16 10:39:32,130 	 [INFO] | steps_accounts.py:31] > Validation Smoke code response= 200
2018-10-16 10:39:32,139 	 [INFO] | steps_accounts.py:37] > Configure Client
2018-10-16 10:39:32,143 	 [INFO] | steps_accounts.py:23] > Execute Request
2018-10-16 10:39:33,000 	 [INFO] | steps_accounts.py:31] > Validation Smoke code response= 200
2018-10-16 10:39:33,006 	 [INFO] | steps_accounts.py:13] > Configure Client
2018-10-16 10:39:33,011 	 [INFO] | steps_accounts.py:23] > Execute Request
2018-10-16 10:39:33,838 	 [INFO] | steps_accounts.py:31] > Validation Smoke code response= 200
2018-10-16 11:47:51,439 	 [INFO] | steps_accounts.py:13] > Configure Client
2018-10-16 11:47:51,440 	 [INFO] | steps_accounts.py:32] > Execute Request
2018-10-16 11:47:52,557 	 [INFO] | steps_accounts.py:40] > Validation Smoke code response= 200
2018-10-16 11:47:52,557 	 [INFO] | steps_accounts.py:23] > Configure Client
2018-10-16 11:47:52,557 	 [INFO] | steps_accounts.py:32] > Execute Request
2018-10-16 11:47:53,232 	 [INFO] | steps_accounts.py:40] > Validation Smoke code response= 200
2018-10-16 11:47:53,237 	 [INFO] | steps_accounts.py:13] > Configure Client
2018-10-16 11:47:53,241 	 [INFO] | steps_accounts.py:32] > Execute Request
2018-10-16 11:47:54,052 	 [INFO] | steps_accounts.py:40] > Validation Smoke code response= 200
2018-10-16 11:47:54,052 	 [INFO] | steps_accounts.py:23] > Configure Client
2018-10-16 11:50:37,931 	 [INFO] | steps_accounts.py:13] > Configure Client
2018-10-16 11:50:37,931 	 [INFO] | steps_accounts.py:32] > Execute Request
2018-10-16 11:50:38,997 	 [INFO] | steps_accounts.py:40] > Validation Smoke code response= 200
2018-10-16 11:50:39,005 	 [INFO] | steps_accounts.py:23] > Configure Client
2018-10-16 11:50:39,009 	 [INFO] | steps_accounts.py:32] > Execute Request
2018-10-16 11:50:39,867 	 [INFO] | steps_accounts.py:40] > Validation Smoke code response= 200
2018-10-16 11:50:39,867 	 [INFO] | steps_accounts.py:13] > Configure Client
2018-10-16 11:50:39,867 	 [INFO] | steps_accounts.py:32] > Execute Request
2018-10-16 11:50:40,636 	 [INFO] | steps_accounts.py:40] > Validation Smoke code response= 200
2018-10-16 11:50:40,642 	 [INFO] | steps_accounts.py:23] > Configure Client
2018-10-16 11:50:40,650 	 [INFO] | steps_accounts.py:32] > Execute Request
2018-10-16 11:53:39,014 	 [INFO] | steps_accounts.py:13] > Configure Client
2018-10-16 11:53:39,014 	 [INFO] | steps_accounts.py:32] > Execute Request
2018-10-16 11:53:39,993 	 [INFO] | steps_accounts.py:40] > Validation Smoke code response= 200
2018-10-16 11:53:39,993 	 [INFO] | steps_accounts.py:23] > Configure Client
2018-10-16 11:53:39,993 	 [INFO] | steps_accounts.py:32] > Execute Request
2018-10-16 11:53:40,779 	 [INFO] | steps_accounts.py:40] > Validation Smoke code response= 200
2018-10-16 11:53:40,779 	 [INFO] | steps_accounts.py:13] > Configure Client
2018-10-16 11:53:40,779 	 [INFO] | steps_accounts.py:32] > Execute Request
2018-10-16 11:53:41,533 	 [INFO] | steps_accounts.py:40] > Validation Smoke code response= 200
2018-10-16 11:53:41,533 	 [INFO] | steps_accounts.py:23] > Configure Client
2018-10-16 11:53:41,533 	 [INFO] | steps_accounts.py:32] > Execute Request
2018-10-16 11:53:42,292 	 [INFO] | steps_accounts.py:40] > Validation Smoke code response= 403
2018-10-16 11:59:45,636 	 [INFO] | steps_accounts.py:13] > Configure Client
2018-10-16 11:59:45,639 	 [INFO] | steps_accounts.py:32] > Execute Request
2018-10-16 11:59:46,552 	 [INFO] | steps_accounts.py:40] > Validation Smoke code response= 200
2018-10-16 11:59:46,552 	 [INFO] | steps_accounts.py:23] > Configure Client
2018-10-16 11:59:46,552 	 [INFO] | steps_accounts.py:32] > Execute Request
2018-10-16 11:59:47,384 	 [INFO] | steps_accounts.py:40] > Validation Smoke code response= 200
2018-10-16 11:59:47,384 	 [INFO] | steps_accounts.py:13] > Configure Client
2018-10-16 11:59:47,384 	 [INFO] | steps_accounts.py:32] > Execute Request
2018-10-16 11:59:48,231 	 [INFO] | steps_accounts.py:40] > Validation Smoke code response= 200
2018-10-16 11:59:48,231 	 [INFO] | steps_accounts.py:23] > Configure Client
2018-10-16 11:59:48,231 	 [INFO] | steps_accounts.py:46] > Execute Request
2018-10-16 11:59:49,033 	 [INFO] | steps_accounts.py:40] > Validation Smoke code response= 403
2018-10-16 12:03:45,722 	 [INFO] | steps_accounts.py:13] > Configure Client
2018-10-16 12:03:45,726 	 [INFO] | steps_accounts.py:32] > Execute Request
2018-10-16 12:03:46,919 	 [INFO] | steps_accounts.py:40] > Validation Smoke code response= 200
2018-10-16 12:03:46,926 	 [INFO] | steps_accounts.py:23] > Configure Client
2018-10-16 12:03:46,929 	 [INFO] | steps_accounts.py:32] > Execute Request
2018-10-16 12:03:47,745 	 [INFO] | steps_accounts.py:40] > Validation Smoke code response= 200
2018-10-16 12:03:47,752 	 [INFO] | steps_accounts.py:13] > Configure Client
2018-10-16 12:03:47,758 	 [INFO] | steps_accounts.py:32] > Execute Request
2018-10-16 12:03:48,843 	 [INFO] | steps_accounts.py:40] > Validation Smoke code response= 200
2018-10-16 12:03:48,850 	 [INFO] | steps_accounts.py:23] > Configure Client
2018-10-16 12:03:48,856 	 [INFO] | steps_accounts.py:46] > Execute Request
2018-10-16 12:03:49,962 	 [INFO] | steps_accounts.py:40] > Validation Smoke code response= 403
2018-10-16 12:08:09,990 	 [INFO] | steps_accounts.py:13] > Configure Client
2018-10-16 12:08:09,993 	 [INFO] | steps_accounts.py:32] > Execute Request
2018-10-16 12:08:10,905 	 [INFO] | steps_accounts.py:40] > Validation Smoke code response= 200
2018-10-16 12:08:10,910 	 [INFO] | steps_accounts.py:23] > Configure Client
2018-10-16 12:08:10,913 	 [INFO] | steps_accounts.py:32] > Execute Request
2018-10-16 12:08:11,951 	 [INFO] | steps_accounts.py:40] > Validation Smoke code response= 200
2018-10-16 12:08:11,956 	 [INFO] | steps_accounts.py:13] > Configure Client
2018-10-16 12:08:11,961 	 [INFO] | steps_accounts.py:32] > Execute Request
2018-10-16 12:08:12,793 	 [INFO] | steps_accounts.py:40] > Validation Smoke code response= 200
2018-10-16 12:08:12,800 	 [INFO] | steps_accounts.py:23] > Configure Client
2018-10-16 12:08:12,806 	 [INFO] | steps_accounts.py:46] > Execute Request
2018-10-16 12:11:20,576 	 [INFO] | steps_accounts.py:13] > Configure Client
2018-10-16 12:11:20,579 	 [INFO] | steps_accounts.py:32] > Execute Request
2018-10-16 12:11:21,470 	 [INFO] | steps_accounts.py:40] > Validation Smoke code response= 200
2018-10-16 12:11:21,476 	 [INFO] | steps_accounts.py:23] > Configure Client
2018-10-16 12:11:21,480 	 [INFO] | steps_accounts.py:32] > Execute Request
2018-10-16 12:11:22,227 	 [INFO] | steps_accounts.py:40] > Validation Smoke code response= 200
2018-10-16 12:11:22,234 	 [INFO] | steps_accounts.py:13] > Configure Client
2018-10-16 12:11:22,238 	 [INFO] | steps_accounts.py:32] > Execute Request
2018-10-16 12:11:23,038 	 [INFO] | steps_accounts.py:40] > Validation Smoke code response= 200
2018-10-16 12:11:23,044 	 [INFO] | steps_accounts.py:23] > Configure Client
2018-10-16 12:11:23,049 	 [INFO] | steps_accounts.py:46] > Execute Request
2018-10-16 12:11:23,762 	 [INFO] | steps_accounts.py:40] > Validation Smoke code response= 403
2018-10-16 12:15:59,230 	 [INFO] | steps_accounts.py:13] > Configure Client
2018-10-16 12:15:59,233 	 [INFO] | steps_accounts.py:32] > Execute Request
2018-10-16 12:16:00,198 	 [INFO] | steps_accounts.py:40] > Validation Smoke code response= 200
2018-10-16 12:16:00,203 	 [INFO] | steps_accounts.py:23] > Configure Client
2018-10-16 12:16:00,206 	 [INFO] | steps_accounts.py:32] > Execute Request
2018-10-16 12:16:01,122 	 [INFO] | steps_accounts.py:40] > Validation Smoke code response= 200
2018-10-16 12:16:01,126 	 [INFO] | steps_accounts.py:13] > Configure Client
2018-10-16 12:16:01,130 	 [INFO] | steps_accounts.py:32] > Execute Request
2018-10-16 12:16:02,144 	 [INFO] | steps_accounts.py:40] > Validation Smoke code response= 200
2018-10-16 12:16:02,149 	 [INFO] | steps_accounts.py:23] > Configure Client
2018-10-16 12:16:02,155 	 [INFO] | steps_accounts.py:46] > Execute Request
2018-10-16 12:16:03,341 	 [INFO] | steps_accounts.py:40] > Validation Smoke code response= 200
2018-10-16 12:20:58,985 	 [INFO] | steps_accounts.py:13] > Configure Client
2018-10-16 12:20:58,988 	 [INFO] | steps_accounts.py:32] > Execute Request
2018-10-16 12:21:00,230 	 [INFO] | steps_accounts.py:40] > Validation Smoke code response= 200
2018-10-16 12:21:00,238 	 [INFO] | steps_accounts.py:23] > Configure Client
2018-10-16 12:21:00,243 	 [INFO] | steps_accounts.py:32] > Execute Request
2018-10-16 12:21:01,157 	 [INFO] | steps_accounts.py:40] > Validation Smoke code response= 200
2018-10-16 12:21:01,163 	 [INFO] | steps_accounts.py:13] > Configure Client
2018-10-16 12:21:01,169 	 [INFO] | steps_accounts.py:32] > Execute Request
2018-10-16 12:21:02,077 	 [INFO] | steps_accounts.py:40] > Validation Smoke code response= 200
2018-10-16 12:21:02,086 	 [INFO] | steps_accounts.py:23] > Configure Client
2018-10-16 12:21:02,095 	 [INFO] | steps_accounts.py:46] > Execute Request
2018-10-16 12:21:03,092 	 [INFO] | steps_accounts.py:40] > Validation Smoke code response= 400
2018-10-16 13:33:32,346 	 [INFO] | steps_accounts.py:13] > Configure Client
2018-10-16 13:33:32,348 	 [INFO] | steps_accounts.py:32] > Execute Request
2018-10-16 13:33:33,474 	 [INFO] | steps_accounts.py:40] > Validation Smoke code response= 200
2018-10-16 13:33:33,479 	 [INFO] | steps_accounts.py:23] > Configure Client
2018-10-16 13:33:33,482 	 [INFO] | steps_accounts.py:32] > Execute Request
2018-10-16 13:33:34,589 	 [INFO] | steps_accounts.py:40] > Validation Smoke code response= 200
2018-10-16 13:33:34,596 	 [INFO] | steps_accounts.py:13] > Configure Client
2018-10-16 13:33:34,602 	 [INFO] | steps_accounts.py:32] > Execute Request
2018-10-16 13:33:35,454 	 [INFO] | steps_accounts.py:40] > Validation Smoke code response= 200
2018-10-16 13:33:35,459 	 [INFO] | steps_accounts.py:23] > Configure Client
2018-10-16 13:33:35,465 	 [INFO] | steps_accounts.py:46] > Execute Request
2018-10-16 13:35:16,606 	 [INFO] | steps_accounts.py:13] > Configure Client
2018-10-16 13:35:16,610 	 [INFO] | steps_accounts.py:32] > Execute Request
2018-10-16 13:35:17,498 	 [INFO] | steps_accounts.py:40] > Validation Smoke code response= 200
2018-10-16 13:35:17,503 	 [INFO] | steps_accounts.py:23] > Configure Client
2018-10-16 13:35:17,507 	 [INFO] | steps_accounts.py:32] > Execute Request
2018-10-16 13:35:18,198 	 [INFO] | steps_accounts.py:40] > Validation Smoke code response= 200
2018-10-16 13:35:18,204 	 [INFO] | steps_accounts.py:13] > Configure Client
2018-10-16 13:35:18,208 	 [INFO] | steps_accounts.py:32] > Execute Request
2018-10-16 13:35:18,974 	 [INFO] | steps_accounts.py:40] > Validation Smoke code response= 200
2018-10-16 13:35:18,981 	 [INFO] | steps_accounts.py:23] > Configure Client
2018-10-16 13:35:18,986 	 [INFO] | steps_accounts.py:46] > Execute Request
2018-10-16 13:36:06,776 	 [INFO] | steps_accounts.py:13] > Configure Client
2018-10-16 13:36:06,777 	 [INFO] | steps_accounts.py:32] > Execute Request
2018-10-16 13:36:07,870 	 [INFO] | steps_accounts.py:40] > Validation Smoke code response= 200
2018-10-16 13:36:07,875 	 [INFO] | steps_accounts.py:23] > Configure Client
2018-10-16 13:36:07,879 	 [INFO] | steps_accounts.py:32] > Execute Request
2018-10-16 13:36:08,680 	 [INFO] | steps_accounts.py:40] > Validation Smoke code response= 200
2018-10-16 13:36:08,685 	 [INFO] | steps_accounts.py:13] > Configure Client
2018-10-16 13:36:08,690 	 [INFO] | steps_accounts.py:32] > Execute Request
2018-10-16 13:36:09,455 	 [INFO] | steps_accounts.py:40] > Validation Smoke code response= 200
2018-10-16 13:36:09,464 	 [INFO] | steps_accounts.py:23] > Configure Client
2018-10-16 13:36:09,471 	 [INFO] | steps_accounts.py:46] > Execute Request
2018-10-16 13:36:10,481 	 [INFO] | steps_accounts.py:40] > Validation Smoke code response= 200
2018-10-16 13:39:34,930 	 [INFO] | steps_accounts.py:13] > Configure Client
2018-10-16 13:39:34,933 	 [INFO] | steps_accounts.py:32] > Execute Request
2018-10-16 13:39:35,749 	 [INFO] | steps_accounts.py:40] > Validation Smoke code response= 200
2018-10-16 13:39:35,757 	 [INFO] | steps_accounts.py:23] > Configure Client
2018-10-16 13:39:35,761 	 [INFO] | steps_accounts.py:32] > Execute Request
2018-10-16 13:39:36,451 	 [INFO] | steps_accounts.py:40] > Validation Smoke code response= 200
2018-10-16 13:39:36,453 	 [INFO] | steps_accounts.py:13] > Configure Client
2018-10-16 13:39:36,455 	 [INFO] | steps_accounts.py:32] > Execute Request
2018-10-16 13:39:37,313 	 [INFO] | steps_accounts.py:40] > Validation Smoke code response= 200
2018-10-16 13:39:37,320 	 [INFO] | steps_accounts.py:23] > Configure Client
2018-10-16 13:39:37,326 	 [INFO] | steps_accounts.py:46] > Execute Request
2018-10-16 13:39:38,767 	 [INFO] | steps_accounts.py:40] > Validation Smoke code response= 200
2018-10-16 13:55:41,197 	 [INFO] | steps_accounts.py:13] > Configure Client
2018-10-16 13:55:41,199 	 [INFO] | steps_accounts.py:32] > Execute Request
2018-10-16 13:55:42,235 	 [INFO] | steps_accounts.py:40] > Validation Smoke code response= 200
2018-10-16 13:55:42,241 	 [INFO] | steps_accounts.py:23] > Configure Client
2018-10-16 13:55:42,244 	 [INFO] | steps_accounts.py:32] > Execute Request
2018-10-16 13:55:43,156 	 [INFO] | steps_accounts.py:40] > Validation Smoke code response= 200
2018-10-16 13:55:43,161 	 [INFO] | steps_accounts.py:13] > Configure Client
2018-10-16 13:55:43,165 	 [INFO] | steps_accounts.py:32] > Execute Request
2018-10-16 13:55:44,071 	 [INFO] | steps_accounts.py:40] > Validation Smoke code response= 200
2018-10-16 13:55:44,078 	 [INFO] | steps_accounts.py:23] > Configure Client
2018-10-16 13:55:44,084 	 [INFO] | steps_accounts.py:46] > Execute Request
2018-10-16 13:55:45,027 	 [INFO] | steps_accounts.py:40] > Validation Smoke code response= 500
2018-10-16 13:57:29,206 	 [INFO] | steps_accounts.py:13] > Configure Client
2018-10-16 13:57:29,208 	 [INFO] | steps_accounts.py:32] > Execute Request
2018-10-16 13:57:30,216 	 [INFO] | steps_accounts.py:40] > Validation Smoke code response= 200
2018-10-16 13:57:30,222 	 [INFO] | steps_accounts.py:23] > Configure Client
2018-10-16 13:57:30,226 	 [INFO] | steps_accounts.py:32] > Execute Request
2018-10-16 13:57:31,032 	 [INFO] | steps_accounts.py:40] > Validation Smoke code response= 200
2018-10-16 13:57:31,038 	 [INFO] | steps_accounts.py:13] > Configure Client
2018-10-16 13:57:31,042 	 [INFO] | steps_accounts.py:32] > Execute Request
2018-10-16 13:57:31,896 	 [INFO] | steps_accounts.py:40] > Validation Smoke code response= 200
2018-10-16 13:57:31,904 	 [INFO] | steps_accounts.py:23] > Configure Client
2018-10-16 13:57:31,910 	 [INFO] | steps_accounts.py:46] > Execute Request
2018-10-16 13:57:32,646 	 [INFO] | steps_accounts.py:40] > Validation Smoke code response= 500
2018-10-16 13:59:32,970 	 [INFO] | steps_accounts.py:13] > Configure Client
2018-10-16 13:59:32,972 	 [INFO] | steps_accounts.py:32] > Execute Request
2018-10-16 13:59:33,885 	 [INFO] | steps_accounts.py:40] > Validation Smoke code response= 200
2018-10-16 13:59:33,891 	 [INFO] | steps_accounts.py:23] > Configure Client
2018-10-16 13:59:33,894 	 [INFO] | steps_accounts.py:32] > Execute Request
2018-10-16 13:59:34,986 	 [INFO] | steps_accounts.py:40] > Validation Smoke code response= 200
2018-10-16 13:59:34,992 	 [INFO] | steps_accounts.py:13] > Configure Client
2018-10-16 13:59:34,996 	 [INFO] | steps_accounts.py:32] > Execute Request
2018-10-16 13:59:35,935 	 [INFO] | steps_accounts.py:40] > Validation Smoke code response= 200
2018-10-16 13:59:35,944 	 [INFO] | steps_accounts.py:23] > Configure Client
2018-10-16 13:59:35,949 	 [INFO] | steps_accounts.py:46] > Execute Request
2018-10-16 13:59:36,932 	 [INFO] | steps_accounts.py:40] > Validation Smoke code response= 200
2018-10-16 16:27:14,616 	 [INFO] | steps_accounts.py:13] > Configure Client
2018-10-16 16:27:14,618 	 [INFO] | steps_accounts.py:32] > Execute Request
2018-10-16 16:27:24,663 	 [INFO] | steps_accounts.py:40] > Validation Smoke code response= 200
2018-10-16 16:27:24,666 	 [INFO] | steps_accounts.py:23] > Configure Client
2018-10-16 16:27:24,668 	 [INFO] | steps_accounts.py:32] > Execute Request
2018-10-16 16:27:25,343 	 [INFO] | steps_accounts.py:40] > Validation Smoke code response= 200
2018-10-16 16:27:25,347 	 [INFO] | steps_accounts.py:13] > Configure Client
2018-10-16 16:27:25,350 	 [INFO] | steps_accounts.py:32] > Execute Request
2018-10-16 16:27:25,926 	 [INFO] | steps_accounts.py:23] > Configure Client
2018-10-16 16:27:25,929 	 [INFO] | steps_accounts.py:46] > Execute Request
2018-10-16 16:27:26,905 	 [INFO] | steps_accounts.py:40] > Validation Smoke code response= 200
2018-10-16 16:27:26,910 	 [INFO] | steps_accounts.py:13] > Configure Client
2018-10-16 16:27:26,913 	 [INFO] | steps_accounts.py:46] > Execute Request
2018-10-16 16:29:13,209 	 [INFO] | steps_accounts.py:13] > Configure Client
2018-10-16 16:29:13,210 	 [INFO] | steps_accounts.py:32] > Execute Request
2018-10-16 16:29:14,040 	 [INFO] | steps_accounts.py:40] > Validation Smoke code response= 200
2018-10-16 16:29:14,044 	 [INFO] | steps_accounts.py:23] > Configure Client
2018-10-16 16:29:14,046 	 [INFO] | steps_accounts.py:32] > Execute Request
2018-10-16 16:29:14,742 	 [INFO] | steps_accounts.py:40] > Validation Smoke code response= 200
2018-10-16 16:29:14,747 	 [INFO] | steps_accounts.py:13] > Configure Client
2018-10-16 16:29:14,750 	 [INFO] | steps_accounts.py:32] > Execute Request
2018-10-16 16:29:15,423 	 [INFO] | steps_accounts.py:40] > Validation Smoke code response= 200
2018-10-16 16:29:15,428 	 [INFO] | steps_accounts.py:23] > Configure Client
2018-10-16 16:29:15,431 	 [INFO] | steps_accounts.py:46] > Execute Request
2018-10-16 16:29:16,675 	 [INFO] | steps_accounts.py:40] > Validation Smoke code response= 200
2018-10-16 16:29:16,679 	 [INFO] | steps_accounts.py:13] > Configure Client
2018-10-16 16:29:16,681 	 [INFO] | steps_accounts.py:46] > Execute Request
2018-10-16 16:36:27,313 	 [INFO] | steps_accounts.py:13] > Configure Client
2018-10-16 16:36:27,314 	 [INFO] | steps_accounts.py:32] > Execute Request
2018-10-16 16:36:27,995 	 [INFO] | steps_accounts.py:40] > Validation Smoke code response= 200
2018-10-16 16:36:27,999 	 [INFO] | steps_accounts.py:23] > Configure Client
2018-10-16 16:36:28,001 	 [INFO] | steps_accounts.py:32] > Execute Request
2018-10-16 16:36:28,702 	 [INFO] | steps_accounts.py:40] > Validation Smoke code response= 200
2018-10-16 16:36:28,706 	 [INFO] | steps_accounts.py:13] > Configure Client
2018-10-16 16:36:28,708 	 [INFO] | steps_accounts.py:32] > Execute Request
2018-10-16 16:36:29,371 	 [INFO] | steps_accounts.py:40] > Validation Smoke code response= 200
2018-10-16 16:36:29,375 	 [INFO] | steps_accounts.py:23] > Configure Client
2018-10-16 16:36:29,379 	 [INFO] | steps_accounts.py:46] > Execute Request
2018-10-16 16:36:30,311 	 [INFO] | steps_accounts.py:40] > Validation Smoke code response= 200
2018-10-16 16:36:30,315 	 [INFO] | steps_accounts.py:13] > Configure Client
2018-10-16 16:36:30,318 	 [INFO] | steps_accounts.py:46] > Execute Request
2018-10-16 16:36:31,254 	 [INFO] | steps_accounts.py:40] > Validation Smoke code response= 400
2018-10-16 16:39:50,224 	 [INFO] | steps_accounts.py:13] > Configure Client
2018-10-16 16:39:50,226 	 [INFO] | steps_accounts.py:46] > Execute Request
2018-10-16 16:39:50,850 	 [INFO] | steps_accounts.py:40] > Validation Smoke code response= 400
2018-10-16 16:40:35,628 	 [INFO] | steps_accounts.py:13] > Configure Client
2018-10-16 16:40:35,630 	 [INFO] | steps_accounts.py:46] > Execute Request
2018-10-16 16:40:36,268 	 [INFO] | steps_accounts.py:40] > Validation Smoke code response= 400
2018-10-16 16:40:36,272 	 [INFO] | steps_me.py:13] > Configure Client
2018-10-16 16:40:36,273 	 [INFO] | steps_me.py:22] > Execute Request
2018-10-16 16:40:38,376 	 [INFO] | steps_me.py:32] > Validation Smoke
2018-10-16 16:59:36,492 	 [INFO] | steps_accounts.py:13] > Configure Client
2018-10-16 16:59:36,493 	 [INFO] | steps_accounts.py:32] > Execute Request
2018-10-16 16:59:37,209 	 [INFO] | steps_accounts.py:40] > Validation Smoke code response= 200
2018-10-16 16:59:37,213 	 [INFO] | steps_accounts.py:23] > Configure Client
2018-10-16 16:59:37,216 	 [INFO] | steps_accounts.py:32] > Execute Request
2018-10-16 16:59:38,215 	 [INFO] | steps_accounts.py:40] > Validation Smoke code response= 200
2018-10-16 16:59:38,219 	 [INFO] | steps_accounts.py:13] > Configure Client
2018-10-16 16:59:38,222 	 [INFO] | steps_accounts.py:32] > Execute Request
2018-10-16 16:59:39,072 	 [INFO] | steps_accounts.py:40] > Validation Smoke code response= 200
2018-10-16 16:59:39,079 	 [INFO] | steps_accounts.py:23] > Configure Client
2018-10-16 16:59:39,084 	 [INFO] | steps_accounts.py:46] > Execute Request
2018-10-16 16:59:40,151 	 [INFO] | steps_accounts.py:40] > Validation Smoke code response= 200
2018-10-16 16:59:40,153 	 [INFO] | steps_accounts.py:13] > Configure Client
2018-10-16 16:59:40,155 	 [INFO] | steps_accounts.py:46] > Execute Request
2018-10-16 16:59:40,840 	 [INFO] | steps_accounts.py:13] > Configure Client
2018-10-16 16:59:40,842 	 [INFO] | steps_accounts.py:32] > Execute Request
2018-10-16 17:04:18,817 	 [INFO] | steps_accounts.py:13] > Configure Client
2018-10-16 17:04:18,818 	 [INFO] | steps_accounts.py:32] > Execute Request
2018-10-16 17:04:19,683 	 [INFO] | steps_accounts.py:40] > Validation Smoke code response= 200
2018-10-16 17:04:19,687 	 [INFO] | steps_accounts.py:23] > Configure Client
2018-10-16 17:04:19,689 	 [INFO] | steps_accounts.py:32] > Execute Request
2018-10-16 17:04:20,479 	 [INFO] | steps_accounts.py:40] > Validation Smoke code response= 200
2018-10-16 17:04:20,483 	 [INFO] | steps_accounts.py:13] > Configure Client
2018-10-16 17:04:20,485 	 [INFO] | steps_accounts.py:32] > Execute Request
2018-10-16 17:04:21,264 	 [INFO] | steps_accounts.py:40] > Validation Smoke code response= 200
2018-10-16 17:04:21,266 	 [INFO] | steps_accounts.py:23] > Configure Client
2018-10-16 17:04:21,267 	 [INFO] | steps_accounts.py:46] > Execute Request
2018-10-16 17:04:22,235 	 [INFO] | steps_accounts.py:40] > Validation Smoke code response= 200
2018-10-16 17:09:41,129 	 [INFO] | steps_accounts.py:13] > Configure Client
2018-10-16 17:09:41,130 	 [INFO] | steps_accounts.py:32] > Execute Request
2018-10-16 17:09:41,830 	 [INFO] | steps_accounts.py:40] > Validation Smoke code response= 200
2018-10-16 17:09:41,834 	 [INFO] | steps_accounts.py:23] > Configure Client
2018-10-16 17:09:41,836 	 [INFO] | steps_accounts.py:32] > Execute Request
2018-10-16 17:09:42,599 	 [INFO] | steps_accounts.py:40] > Validation Smoke code response= 200
2018-10-16 17:09:42,601 	 [INFO] | steps_accounts.py:13] > Configure Client
2018-10-16 17:09:42,601 	 [INFO] | steps_accounts.py:32] > Execute Request
2018-10-16 17:09:43,213 	 [INFO] | steps_accounts.py:40] > Validation Smoke code response= 200
2018-10-16 17:09:43,216 	 [INFO] | steps_accounts.py:23] > Configure Client
2018-10-16 17:09:43,220 	 [INFO] | steps_accounts.py:46] > Execute Request
2018-10-16 17:09:44,005 	 [INFO] | steps_accounts.py:40] > Validation Smoke code response= 200
2018-10-16 17:21:03,839 	 [INFO] | steps_accounts.py:23] > Configure Client
2018-10-16 17:21:03,845 	 [INFO] | steps_accounts.py:23] > Configure Client
2018-10-16 17:21:03,849 	 [INFO] | steps_accounts.py:23] > Configure Client
2018-10-16 17:21:03,854 	 [INFO] | steps_accounts.py:13] > Configure Client
2018-10-16 17:21:03,856 	 [INFO] | steps_accounts.py:32] > Execute Request
2018-10-16 17:21:12,907 	 [INFO] | steps_accounts.py:40] > Validation Smoke code response= 200
2018-10-16 17:21:12,909 	 [INFO] | steps_accounts.py:23] > Configure Client
2018-10-16 17:21:12,911 	 [INFO] | steps_accounts.py:13] > Configure Client
2018-10-16 17:21:12,913 	 [INFO] | steps_accounts.py:32] > Execute Request
2018-10-16 17:21:18,135 	 [INFO] | steps_accounts.py:40] > Validation Smoke code response= 200
2018-10-16 17:28:15,382 	 [INFO] | steps_accounts.py:23] > Configure Client
2018-10-16 17:28:15,384 	 [INFO] | steps_accounts.py:48] > Execute Request
2018-10-16 17:28:18,783 	 [INFO] | steps_accounts.py:23] > Configure Client
2018-10-16 17:28:18,785 	 [INFO] | steps_accounts.py:33] > Execute Request
2018-10-16 17:29:08,305 	 [INFO] | steps_accounts.py:23] > Configure Client
2018-10-16 17:29:08,306 	 [INFO] | steps_accounts.py:48] > Execute Request
2018-10-16 17:30:19,246 	 [INFO] | steps_accounts.py:23] > Configure Client
2018-10-16 17:30:19,249 	 [INFO] | steps_accounts.py:48] > Execute Request
2018-10-16 17:30:24,434 	 [INFO] | steps_accounts.py:42] > Validation Smoke code response= 200
2018-10-16 17:30:24,439 	 [INFO] | steps_accounts.py:23] > Configure Client
2018-10-16 17:30:24,442 	 [INFO] | steps_accounts.py:33] > Execute Request
2018-10-16 17:41:00,551 	 [INFO] | steps_accounts.py:22] > Configure Client
2018-10-16 17:41:00,552 	 [INFO] | steps_accounts.py:48] > Execute Request
2018-10-16 17:41:03,611 	 [INFO] | steps_accounts.py:42] > Validation Smoke code response= 200
2018-10-16 17:41:03,617 	 [INFO] | steps_accounts.py:22] > Configure Client
2018-10-16 17:41:03,620 	 [INFO] | steps_accounts.py:33] > Execute Request
2018-10-16 17:59:56,291 	 [INFO] | steps_accounts.py:22] > Configure Client
2018-10-16 17:59:56,292 	 [INFO] | steps_accounts.py:49] > Execute Request
2018-10-16 17:59:59,843 	 [INFO] | steps_accounts.py:43] > Validation Smoke code response= 200
2018-10-16 17:59:59,847 	 [INFO] | steps_accounts.py:22] > Configure Client
2018-10-16 17:59:59,850 	 [INFO] | steps_accounts.py:33] > Execute Request
2018-10-16 18:04:18,546 	 [INFO] | steps_accounts.py:22] > Configure Client
2018-10-16 18:04:18,549 	 [INFO] | steps_accounts.py:49] > Execute Request
2018-10-16 18:04:22,631 	 [INFO] | steps_accounts.py:22] > Configure Client
2018-10-16 18:04:22,634 	 [INFO] | steps_accounts.py:33] > Execute Request
2018-10-16 18:06:51,931 	 [INFO] | steps_accounts.py:22] > Configure Client
2018-10-16 18:06:51,934 	 [INFO] | steps_accounts.py:49] > Execute Request
2018-10-16 18:07:02,525 	 [INFO] | steps_accounts.py:22] > Configure Client
2018-10-16 18:07:02,528 	 [INFO] | steps_accounts.py:33] > Execute Request
2018-10-16 18:07:51,329 	 [INFO] | steps_accounts.py:22] > Configure Client
2018-10-16 18:07:51,330 	 [INFO] | steps_accounts.py:49] > Execute Request
2018-10-16 18:07:53,996 	 [INFO] | steps_accounts.py:43] > Validation Smoke code response= 200
2018-10-16 18:07:54,002 	 [INFO] | steps_accounts.py:22] > Configure Client
2018-10-16 18:07:54,006 	 [INFO] | steps_accounts.py:33] > Execute Request
2018-10-16 18:13:14,625 	 [INFO] | steps_accounts.py:22] > Configure Client
2018-10-16 18:13:14,627 	 [INFO] | steps_accounts.py:49] > Execute Request
2018-10-16 18:13:19,113 	 [INFO] | steps_accounts.py:43] > Validation Smoke code response= 200
2018-10-16 18:13:19,120 	 [INFO] | steps_accounts.py:22] > Configure Client
2018-10-16 18:13:19,125 	 [INFO] | steps_accounts.py:33] > Execute Request
2018-10-16 18:15:28,669 	 [INFO] | steps_accounts.py:22] > Configure Client
2018-10-16 18:15:28,671 	 [INFO] | steps_accounts.py:50] > Execute Request
2018-10-16 18:15:29,832 	 [INFO] | steps_accounts.py:44] > Validation Smoke code response= 200
2018-10-16 18:15:29,835 	 [INFO] | steps_accounts.py:22] > Configure Client
2018-10-16 18:15:29,837 	 [INFO] | steps_accounts.py:33] > Execute Request
2018-10-16 18:29:51,611 	 [INFO] | steps_accounts.py:22] > Configure Client
2018-10-16 18:29:51,613 	 [INFO] | steps_accounts.py:50] > Execute Request
2018-10-16 18:30:00,590 	 [INFO] | steps_accounts.py:22] > Configure Client
2018-10-16 18:30:00,593 	 [INFO] | steps_accounts.py:33] > Execute Request
2018-10-16 18:31:21,779 	 [INFO] | steps_accounts.py:22] > Configure Client
2018-10-16 18:31:21,781 	 [INFO] | steps_accounts.py:50] > Execute Request
2018-10-16 18:31:28,968 	 [INFO] | steps_accounts.py:44] > Validation Smoke code response= 400
2018-10-16 18:31:28,974 	 [INFO] | steps_accounts.py:22] > Configure Client
2018-10-16 18:31:28,978 	 [INFO] | steps_accounts.py:33] > Execute Request
2018-10-16 18:32:50,648 	 [INFO] | steps_accounts.py:22] > Configure Client
2018-10-16 18:32:50,651 	 [INFO] | steps_accounts.py:50] > Execute Request
2018-10-16 18:32:54,585 	 [INFO] | steps_accounts.py:44] > Validation Smoke code response= 200
2018-10-16 18:32:54,590 	 [INFO] | steps_accounts.py:22] > Configure Client
2018-10-16 18:32:54,594 	 [INFO] | steps_accounts.py:33] > Execute Request
2018-10-16 18:34:54,720 	 [INFO] | steps_accounts.py:22] > Configure Client
2018-10-16 18:34:54,722 	 [INFO] | steps_accounts.py:50] > Execute Request
2018-10-16 18:34:56,445 	 [INFO] | steps_accounts.py:44] > Validation Smoke code response= 200
2018-10-16 18:34:56,452 	 [INFO] | steps_accounts.py:22] > Configure Client
2018-10-16 18:34:56,456 	 [INFO] | steps_accounts.py:33] > Execute Request
2018-10-16 18:38:25,034 	 [INFO] | steps_accounts.py:22] > Configure Client
2018-10-16 18:38:25,036 	 [INFO] | steps_accounts.py:50] > Execute Request
2018-10-16 18:38:28,577 	 [INFO] | steps_accounts.py:44] > Validation Smoke code response= 200
2018-10-16 18:38:28,582 	 [INFO] | steps_accounts.py:22] > Configure Client
2018-10-16 18:38:28,586 	 [INFO] | steps_accounts.py:33] > Execute Request
2018-10-16 18:38:31,942 	 [INFO] | steps_accounts.py:44] > Validation Smoke code response= 404
2018-10-16 18:41:26,716 	 [INFO] | steps_accounts.py:22] > Configure Client
2018-10-16 18:41:26,718 	 [INFO] | steps_accounts.py:50] > Execute Request
2018-10-16 18:41:30,028 	 [INFO] | steps_accounts.py:44] > Validation Smoke code response= 200
2018-10-16 18:41:30,035 	 [INFO] | steps_accounts.py:22] > Configure Client
2018-10-16 18:41:30,040 	 [INFO] | steps_accounts.py:33] > Execute Request
2018-10-16 18:41:32,601 	 [INFO] | steps_accounts.py:44] > Validation Smoke code response= 404
2018-10-16 18:45:40,760 	 [INFO] | steps_accounts.py:22] > Configure Client
2018-10-16 18:45:40,761 	 [INFO] | steps_accounts.py:50] > Execute Request
2018-10-16 18:45:41,561 	 [INFO] | steps_accounts.py:44] > Validation Smoke code response= 200
2018-10-16 18:45:41,567 	 [INFO] | steps_accounts.py:22] > Configure Client
2018-10-16 18:45:41,570 	 [INFO] | steps_accounts.py:33] > Execute Request
2018-10-16 18:45:42,235 	 [INFO] | steps_accounts.py:44] > Validation Smoke code response= 404
2018-10-16 18:53:41,544 	 [INFO] | steps_accounts.py:22] > Configure Client
2018-10-16 18:53:41,545 	 [INFO] | steps_accounts.py:51] > Execute Request
2018-10-16 18:53:42,391 	 [INFO] | steps_accounts.py:45] > Validation Smoke code response= 200
2018-10-16 18:53:42,398 	 [INFO] | steps_accounts.py:22] > Configure Client
2018-10-16 18:53:42,401 	 [INFO] | steps_accounts.py:33] > Execute Request
2018-10-16 18:57:16,508 	 [INFO] | steps_accounts.py:22] > Configure Client
2018-10-16 18:57:16,512 	 [INFO] | steps_accounts.py:22] > Configure Client
2018-10-16 18:59:57,517 	 [INFO] | steps_accounts.py:22] > Configure Client
2018-10-16 18:59:57,521 	 [INFO] | steps_accounts.py:22] > Configure Client
2018-10-16 19:00:58,657 	 [INFO] | steps_accounts.py:22] > Configure Client
2018-10-16 19:00:58,662 	 [INFO] | steps_accounts.py:22] > Configure Client
2018-10-16 19:07:31,207 	 [INFO] | steps_accounts.py:22] > Configure Client
2018-10-16 19:07:31,210 	 [INFO] | steps_accounts.py:51] > Execute Request
2018-10-16 19:07:32,550 	 [INFO] | steps_accounts.py:45] > Validation Smoke code response= 200
2018-10-16 19:07:32,556 	 [INFO] | steps_accounts.py:65] > Configure Client
2018-10-16 19:44:51,155 	 [INFO] | steps_accounts.py:23] > Configure Client
2018-10-16 19:44:51,157 	 [INFO] | steps_accounts.py:53] > Execute Request
2018-10-16 19:44:52,213 	 [INFO] | steps_accounts.py:23] > Configure Client
2018-10-16 19:44:52,222 	 [INFO] | steps_accounts.py:35] > Execute Request
2018-10-16 19:46:31,114 	 [INFO] | steps_accounts.py:23] > Configure Client
2018-10-16 19:46:31,117 	 [INFO] | steps_accounts.py:53] > Execute Request
2018-10-16 19:46:32,049 	 [INFO] | steps_accounts.py:47] > Validation Smoke code response= 200
2018-10-16 19:49:04,090 	 [INFO] | steps_accounts.py:23] > Configure Client
2018-10-16 19:49:04,094 	 [INFO] | steps_accounts.py:53] > Execute Request
2018-10-16 19:49:04,795 	 [INFO] | steps_accounts.py:47] > Validation Smoke code response= 200
2018-10-16 19:49:04,801 	 [INFO] | steps_accounts.py:23] > Configure Client
2018-10-16 19:49:04,805 	 [INFO] | steps_accounts.py:35] > Execute Request
2018-10-16 19:51:20,029 	 [INFO] | steps_accounts.py:23] > Configure Client
2018-10-16 19:51:20,032 	 [INFO] | steps_accounts.py:52] > Execute Request
2018-10-16 19:51:20,835 	 [INFO] | steps_accounts.py:46] > Validation Smoke code response= 200
2018-10-16 19:51:20,840 	 [INFO] | steps_accounts.py:23] > Configure Client
2018-10-16 19:51:20,845 	 [INFO] | steps_accounts.py:35] > Execute Request
2018-10-16 19:53:29,330 	 [INFO] | steps_accounts.py:23] > Configure Client
2018-10-16 19:53:29,332 	 [INFO] | steps_accounts.py:52] > Execute Request
2018-10-16 19:53:30,143 	 [INFO] | steps_accounts.py:46] > Validation Smoke code response= 200
2018-10-16 19:53:30,150 	 [INFO] | steps_accounts.py:23] > Configure Client
2018-10-16 19:53:30,153 	 [INFO] | steps_accounts.py:35] > Execute Request
2018-10-16 19:53:30,988 	 [INFO] | steps_accounts.py:46] > Validation Smoke code response= 204
2018-10-16 19:55:19,843 	 [INFO] | steps_accounts.py:23] > Configure Client
2018-10-16 19:55:19,845 	 [INFO] | steps_accounts.py:53] > Execute Request
2018-10-16 19:55:22,577 	 [INFO] | steps_accounts.py:47] > Validation Smoke code response= 200
2018-10-16 19:55:22,582 	 [INFO] | steps_accounts.py:23] > Configure Client
2018-10-16 19:55:22,587 	 [INFO] | steps_accounts.py:35] > Execute Request
2018-10-16 19:56:52,883 	 [INFO] | steps_accounts.py:23] > Configure Client
2018-10-16 19:56:52,884 	 [INFO] | steps_accounts.py:51] > Execute Request
2018-10-16 19:56:53,919 	 [INFO] | steps_accounts.py:45] > Validation Smoke code response= 200
2018-10-16 19:56:53,928 	 [INFO] | steps_accounts.py:23] > Configure Client
2018-10-16 19:56:53,932 	 [INFO] | steps_accounts.py:35] > Execute Request
2018-10-16 19:56:54,837 	 [INFO] | steps_accounts.py:45] > Validation Smoke code response= 204
2018-10-16 20:13:10,805 	 [INFO] | steps_accounts.py:22] > Configure Client
2018-10-16 20:13:10,807 	 [INFO] | steps_accounts.py:45] > Execute Request
2018-10-16 20:13:11,872 	 [INFO] | steps_accounts.py:22] > Configure Client
2018-10-16 20:13:11,877 	 [INFO] | steps_accounts.py:56] > Execute Request
2018-10-16 20:13:12,584 	 [INFO] | steps_accounts.py:39] > Validation Smoke code response= 400
2018-10-16 20:13:12,592 	 [INFO] | steps_accounts.py:22] > Configure Client
2018-10-16 20:13:12,595 	 [INFO] | steps_accounts.py:31] > Execute Request
2018-10-16 20:13:13,444 	 [INFO] | steps_accounts.py:39] > Validation Smoke code response= 204
2018-10-16 20:15:50,677 	 [INFO] | steps_accounts.py:22] > Configure Client
2018-10-16 20:15:50,679 	 [INFO] | steps_accounts.py:45] > Execute Request
2018-10-16 20:15:51,533 	 [INFO] | steps_accounts.py:39] > Validation Smoke code response= 200
2018-10-16 20:15:51,540 	 [INFO] | steps_accounts.py:22] > Configure Client
2018-10-16 20:15:51,545 	 [INFO] | steps_accounts.py:55] > Execute Request
2018-10-16 20:15:52,234 	 [INFO] | steps_accounts.py:39] > Validation Smoke code response= 400
2018-10-16 20:15:52,242 	 [INFO] | steps_accounts.py:22] > Configure Client
2018-10-16 20:15:52,245 	 [INFO] | steps_accounts.py:31] > Execute Request
2018-10-16 20:15:53,083 	 [INFO] | steps_accounts.py:39] > Validation Smoke code response= 204
2018-10-16 20:16:53,479 	 [INFO] | steps_accounts.py:22] > Configure Client
2018-10-16 20:16:53,480 	 [INFO] | steps_accounts.py:45] > Execute Request
2018-10-16 20:16:54,651 	 [INFO] | steps_accounts.py:39] > Validation Smoke code response= 200
2018-10-16 20:16:54,658 	 [INFO] | steps_accounts.py:22] > Configure Client
2018-10-16 20:16:54,661 	 [INFO] | steps_accounts.py:55] > Execute Request
2018-10-16 20:16:55,391 	 [INFO] | steps_accounts.py:39] > Validation Smoke code response= 400
2018-10-16 20:16:55,398 	 [INFO] | steps_accounts.py:22] > Configure Client
2018-10-16 20:16:55,401 	 [INFO] | steps_accounts.py:31] > Execute Request
2018-10-16 20:16:56,274 	 [INFO] | steps_accounts.py:39] > Validation Smoke code response= 204
2018-10-16 20:18:10,819 	 [INFO] | steps_accounts.py:22] > Configure Client
2018-10-16 20:18:10,820 	 [INFO] | steps_accounts.py:45] > Execute Request
2018-10-16 20:18:11,859 	 [INFO] | steps_accounts.py:39] > Validation Smoke code response= 200
2018-10-16 20:18:11,866 	 [INFO] | steps_accounts.py:22] > Configure Client
2018-10-16 20:18:11,871 	 [INFO] | steps_accounts.py:55] > Execute Request
2018-10-16 20:18:12,654 	 [INFO] | steps_accounts.py:39] > Validation Smoke code response= 200
2018-10-16 20:18:12,661 	 [INFO] | steps_accounts.py:22] > Configure Client
2018-10-16 20:18:12,664 	 [INFO] | steps_accounts.py:31] > Execute Request
2018-10-16 20:18:13,573 	 [INFO] | steps_accounts.py:39] > Validation Smoke code response= 204
2018-10-16 20:21:28,147 	 [INFO] | steps_accounts.py:22] > Configure Client
2018-10-16 20:21:28,148 	 [INFO] | steps_accounts.py:45] > Execute Request
2018-10-16 20:21:29,137 	 [INFO] | steps_accounts.py:39] > Validation Smoke code response= 200
2018-10-16 20:21:29,142 	 [INFO] | steps_accounts.py:22] > Configure Client
2018-10-16 20:21:29,147 	 [INFO] | steps_accounts.py:55] > Execute Request
2018-10-16 20:21:30,102 	 [INFO] | steps_accounts.py:39] > Validation Smoke code response= 200
2018-10-16 20:21:30,110 	 [INFO] | steps_accounts.py:22] > Configure Client
2018-10-16 20:21:30,113 	 [INFO] | steps_accounts.py:31] > Execute Request
2018-10-16 20:21:30,960 	 [INFO] | steps_accounts.py:39] > Validation Smoke code response= 204
2018-10-16 20:21:30,965 	 [INFO] | steps_accounts.py:14] > Configure Client
2018-10-16 20:21:30,969 	 [INFO] | steps_accounts.py:31] > Execute Request
2018-10-16 20:21:31,734 	 [INFO] | steps_accounts.py:39] > Validation Smoke code response= 204
2018-10-16 20:21:31,738 	 [INFO] | steps_accounts.py:22] > Configure Client
2018-10-16 20:21:31,740 	 [INFO] | steps_accounts.py:31] > Execute Request
2018-10-16 20:21:31,748 	 [INFO] | steps_accounts.py:14] > Configure Client
2018-10-16 20:21:31,751 	 [INFO] | steps_accounts.py:31] > Execute Request
2018-10-16 20:33:39,868 	 [INFO] | steps_accounts.py:22] > Configure Client
2018-10-16 20:33:39,869 	 [INFO] | steps_accounts.py:45] > Execute Request
2018-10-16 20:33:40,848 	 [INFO] | steps_accounts.py:39] > Validation Smoke code response= 200
2018-10-16 20:33:40,855 	 [INFO] | steps_accounts.py:22] > Configure Client
2018-10-16 20:33:40,860 	 [INFO] | steps_accounts.py:65] > Execute Request
2018-10-16 20:33:41,984 	 [INFO] | steps_accounts.py:39] > Validation Smoke code response= 200
2018-10-16 20:33:41,991 	 [INFO] | steps_accounts.py:14] > Configure Client
2018-10-16 20:33:41,993 	 [INFO] | steps_accounts.py:65] > Execute Request
2018-10-16 20:33:42,888 	 [INFO] | steps_accounts.py:39] > Validation Smoke code response= 200
2018-10-16 20:33:42,896 	 [INFO] | steps_accounts.py:22] > Configure Client
2018-10-16 20:33:42,899 	 [INFO] | steps_accounts.py:55] > Execute Request
2018-10-16 20:33:43,671 	 [INFO] | steps_accounts.py:39] > Validation Smoke code response= 200
2018-10-16 20:33:43,679 	 [INFO] | steps_accounts.py:22] > Configure Client
2018-10-16 20:33:43,683 	 [INFO] | steps_accounts.py:31] > Execute Request
2018-10-16 20:33:44,806 	 [INFO] | steps_accounts.py:39] > Validation Smoke code response= 204
2018-10-16 20:33:44,813 	 [INFO] | steps_accounts.py:14] > Configure Client
2018-10-16 20:33:44,817 	 [INFO] | steps_accounts.py:65] > Execute Request
2018-10-16 20:33:45,894 	 [INFO] | steps_accounts.py:39] > Validation Smoke code response= 400
2018-10-16 20:37:20,198 	 [INFO] | steps_accounts.py:22] > Configure Client
2018-10-16 20:37:20,201 	 [INFO] | steps_accounts.py:45] > Execute Request
2018-10-16 20:37:21,085 	 [INFO] | steps_accounts.py:39] > Validation Smoke code response= 200
2018-10-16 20:37:21,092 	 [INFO] | steps_accounts.py:22] > Configure Client
2018-10-16 20:37:21,096 	 [INFO] | steps_accounts.py:65] > Execute Request
2018-10-16 20:37:21,769 	 [INFO] | steps_accounts.py:39] > Validation Smoke code response= 200
2018-10-16 20:37:21,773 	 [INFO] | steps_accounts.py:14] > Configure Client
2018-10-16 20:37:21,776 	 [INFO] | steps_accounts.py:65] > Execute Request
2018-10-16 20:37:22,592 	 [INFO] | steps_accounts.py:39] > Validation Smoke code response= 200
2018-10-16 20:37:22,599 	 [INFO] | steps_accounts.py:22] > Configure Client
2018-10-16 20:37:22,602 	 [INFO] | steps_accounts.py:55] > Execute Request
2018-10-16 20:37:28,770 	 [INFO] | steps_accounts.py:39] > Validation Smoke code response= 200
2018-10-16 20:37:28,775 	 [INFO] | steps_accounts.py:22] > Configure Client
2018-10-16 20:37:28,778 	 [INFO] | steps_accounts.py:31] > Execute Request
2018-10-16 20:37:29,697 	 [INFO] | steps_accounts.py:39] > Validation Smoke code response= 204
2018-10-16 20:37:29,700 	 [INFO] | steps_accounts.py:14] > Configure Client
2018-10-16 20:37:29,701 	 [INFO] | steps_accounts.py:65] > Execute Request
2018-10-16 20:37:30,395 	 [INFO] | steps_accounts.py:39] > Validation Smoke code response= 400
2018-10-16 20:39:09,220 	 [INFO] | steps_accounts.py:22] > Configure Client
2018-10-16 20:39:09,222 	 [INFO] | steps_accounts.py:45] > Execute Request
2018-10-16 20:39:10,341 	 [INFO] | steps_accounts.py:39] > Validation Smoke code response= 200
2018-10-16 20:39:10,346 	 [INFO] | steps_accounts.py:22] > Configure Client
2018-10-16 20:39:10,350 	 [INFO] | steps_accounts.py:65] > Execute Request
2018-10-16 20:39:11,160 	 [INFO] | steps_accounts.py:39] > Validation Smoke code response= 200
2018-10-16 20:39:11,166 	 [INFO] | steps_accounts.py:14] > Configure Client
2018-10-16 20:39:11,170 	 [INFO] | steps_accounts.py:65] > Execute Request
2018-10-16 20:39:12,007 	 [INFO] | steps_accounts.py:39] > Validation Smoke code response= 200
2018-10-16 20:39:12,013 	 [INFO] | steps_accounts.py:22] > Configure Client
2018-10-16 20:39:12,017 	 [INFO] | steps_accounts.py:55] > Execute Request
2018-10-16 20:39:12,762 	 [INFO] | steps_accounts.py:39] > Validation Smoke code response= 200
2018-10-16 20:39:12,770 	 [INFO] | steps_accounts.py:22] > Configure Client
2018-10-16 20:39:12,774 	 [INFO] | steps_accounts.py:31] > Execute Request
2018-10-16 20:39:13,613 	 [INFO] | steps_accounts.py:39] > Validation Smoke code response= 204
2018-10-16 20:39:13,621 	 [INFO] | steps_accounts.py:14] > Configure Client
2018-10-16 20:39:13,625 	 [INFO] | steps_accounts.py:65] > Execute Request
2018-10-16 20:42:17,526 	 [INFO] | steps_accounts.py:23] > Configure Client
2018-10-16 20:42:17,528 	 [INFO] | steps_accounts.py:46] > Execute Request
2018-10-16 20:42:18,755 	 [INFO] | steps_accounts.py:40] > Validation Smoke code response= 200
2018-10-16 20:42:18,761 	 [INFO] | steps_accounts.py:23] > Configure Client
2018-10-16 20:42:18,765 	 [INFO] | steps_accounts.py:66] > Execute Request
2018-10-16 20:42:19,675 	 [INFO] | steps_accounts.py:40] > Validation Smoke code response= 200
2018-10-16 20:42:19,683 	 [INFO] | steps_accounts.py:14] > Configure Client
2018-10-16 20:42:19,686 	 [INFO] | steps_accounts.py:66] > Execute Request
2018-10-16 20:42:20,597 	 [INFO] | steps_accounts.py:23] > Configure Client
2018-10-16 20:42:20,601 	 [INFO] | steps_accounts.py:56] > Execute Request
2018-10-16 20:42:21,360 	 [INFO] | steps_accounts.py:40] > Validation Smoke code response= 200
2018-10-16 20:42:21,366 	 [INFO] | steps_accounts.py:23] > Configure Client
2018-10-16 20:42:21,369 	 [INFO] | steps_accounts.py:32] > Execute Request
2018-10-16 20:42:22,179 	 [INFO] | steps_accounts.py:40] > Validation Smoke code response= 204
2018-10-16 20:42:22,186 	 [INFO] | steps_accounts.py:14] > Configure Client
2018-10-16 20:42:22,190 	 [INFO] | steps_accounts.py:66] > Execute Request
2018-10-16 20:44:04,721 	 [INFO] | steps_accounts.py:22] > Configure Client
2018-10-16 20:44:04,723 	 [INFO] | steps_accounts.py:45] > Execute Request
2018-10-16 20:44:06,071 	 [INFO] | steps_accounts.py:39] > Validation Smoke code response= 200
2018-10-16 20:44:06,078 	 [INFO] | steps_accounts.py:22] > Configure Client
2018-10-16 20:44:06,084 	 [INFO] | steps_accounts.py:65] > Execute Request
2018-10-16 20:44:06,894 	 [INFO] | steps_accounts.py:39] > Validation Smoke code response= 200
2018-10-16 20:44:06,902 	 [INFO] | steps_accounts.py:13] > Configure Client
2018-10-16 20:44:06,905 	 [INFO] | steps_accounts.py:65] > Execute Request
2018-10-16 20:44:07,818 	 [INFO] | steps_accounts.py:22] > Configure Client
2018-10-16 20:44:07,821 	 [INFO] | steps_accounts.py:55] > Execute Request
2018-10-16 20:44:08,937 	 [INFO] | steps_accounts.py:39] > Validation Smoke code response= 200
2018-10-16 20:44:08,943 	 [INFO] | steps_accounts.py:22] > Configure Client
2018-10-16 20:44:08,946 	 [INFO] | steps_accounts.py:31] > Execute Request
2018-10-16 20:44:09,818 	 [INFO] | steps_accounts.py:39] > Validation Smoke code response= 204
2018-10-16 20:44:09,825 	 [INFO] | steps_accounts.py:13] > Configure Client
2018-10-16 20:44:09,828 	 [INFO] | steps_accounts.py:65] > Execute Request
2018-10-16 20:55:18,666 	 [INFO] | steps_accounts.py:23] > Configure Client
2018-10-16 20:55:18,668 	 [INFO] | steps_accounts.py:46] > Execute Request
2018-10-16 20:55:19,456 	 [INFO] | steps_accounts.py:40] > Validation Smoke code response= 200
2018-10-16 20:55:19,462 	 [INFO] | steps_accounts.py:23] > Configure Client
2018-10-16 20:55:19,466 	 [INFO] | steps_accounts.py:66] > Execute Request
2018-10-16 20:55:19,479 	 [INFO] | steps_accounts.py:13] > Configure Client
2018-10-16 20:55:19,484 	 [INFO] | steps_accounts.py:66] > Execute Request
2018-10-16 20:55:20,238 	 [INFO] | steps_accounts.py:40] > Validation Smoke code response= 200
2018-10-16 20:55:20,245 	 [INFO] | steps_accounts.py:23] > Configure Client
2018-10-16 20:55:20,249 	 [INFO] | steps_accounts.py:56] > Execute Request
2018-10-16 20:55:21,021 	 [INFO] | steps_accounts.py:40] > Validation Smoke code response= 200
2018-10-16 20:55:21,029 	 [INFO] | steps_accounts.py:23] > Configure Client
2018-10-16 20:55:21,033 	 [INFO] | steps_accounts.py:32] > Execute Request
2018-10-16 20:55:21,892 	 [INFO] | steps_accounts.py:40] > Validation Smoke code response= 400
2018-10-16 20:55:21,899 	 [INFO] | steps_accounts.py:13] > Configure Client
2018-10-16 20:55:21,903 	 [INFO] | steps_accounts.py:66] > Execute Request
2018-10-16 20:55:22,870 	 [INFO] | steps_accounts.py:40] > Validation Smoke code response= 200
2018-10-16 20:56:28,185 	 [INFO] | steps_accounts.py:23] > Configure Client
2018-10-16 20:56:28,187 	 [INFO] | steps_accounts.py:46] > Execute Request
2018-10-16 20:56:29,492 	 [INFO] | steps_accounts.py:23] > Configure Client
2018-10-16 20:56:29,495 	 [INFO] | steps_accounts.py:66] > Execute Request
2018-10-16 20:56:30,306 	 [INFO] | steps_accounts.py:40] > Validation Smoke code response= 200
2018-10-16 20:56:30,312 	 [INFO] | steps_accounts.py:13] > Configure Client
2018-10-16 20:56:30,316 	 [INFO] | steps_accounts.py:66] > Execute Request
2018-10-16 20:56:31,218 	 [INFO] | steps_accounts.py:23] > Configure Client
2018-10-16 20:56:31,221 	 [INFO] | steps_accounts.py:56] > Execute Request
2018-10-16 20:56:32,146 	 [INFO] | steps_accounts.py:40] > Validation Smoke code response= 200
2018-10-16 20:56:32,153 	 [INFO] | steps_accounts.py:23] > Configure Client
2018-10-16 20:56:32,157 	 [INFO] | steps_accounts.py:32] > Execute Request
2018-10-16 20:56:33,099 	 [INFO] | steps_accounts.py:40] > Validation Smoke code response= 400
2018-10-16 20:56:33,109 	 [INFO] | steps_accounts.py:13] > Configure Client
2018-10-16 20:56:33,112 	 [INFO] | steps_accounts.py:66] > Execute Request
2018-10-16 20:58:39,425 	 [INFO] | steps_accounts.py:23] > Configure Client
2018-10-16 20:58:39,426 	 [INFO] | steps_accounts.py:46] > Execute Request
2018-10-16 20:58:40,562 	 [INFO] | steps_accounts.py:40] > Validation Smoke code response= 200
2018-10-16 20:58:40,569 	 [INFO] | steps_accounts.py:23] > Configure Client
2018-10-16 20:58:40,573 	 [INFO] | steps_accounts.py:66] > Execute Request
2018-10-16 20:58:41,451 	 [INFO] | steps_accounts.py:40] > Validation Smoke code response= 200
2018-10-16 20:58:41,460 	 [INFO] | steps_accounts.py:13] > Configure Client
2018-10-16 20:58:41,464 	 [INFO] | steps_accounts.py:66] > Execute Request
2018-10-16 20:58:42,298 	 [INFO] | steps_accounts.py:40] > Validation Smoke code response= 200
2018-10-16 20:58:42,305 	 [INFO] | steps_accounts.py:23] > Configure Client
2018-10-16 20:58:42,309 	 [INFO] | steps_accounts.py:56] > Execute Request
2018-10-16 20:58:43,364 	 [INFO] | steps_accounts.py:40] > Validation Smoke code response= 200
2018-10-16 20:58:43,371 	 [INFO] | steps_accounts.py:23] > Configure Client
2018-10-16 20:58:43,375 	 [INFO] | steps_accounts.py:32] > Execute Request
2018-10-16 20:58:44,242 	 [INFO] | steps_accounts.py:40] > Validation Smoke code response= 400
2018-10-16 20:58:44,249 	 [INFO] | steps_accounts.py:13] > Configure Client
2018-10-16 20:58:44,253 	 [INFO] | steps_accounts.py:66] > Execute Request
2018-10-16 20:58:45,200 	 [INFO] | steps_accounts.py:40] > Validation Smoke code response= 200
2018-10-16 21:00:20,044 	 [INFO] | steps_accounts.py:23] > Configure Client
2018-10-16 21:00:20,045 	 [INFO] | steps_accounts.py:46] > Execute Request
2018-10-16 21:00:21,017 	 [INFO] | steps_accounts.py:23] > Configure Client
2018-10-16 21:00:21,021 	 [INFO] | steps_accounts.py:66] > Execute Request
2018-10-16 21:00:21,934 	 [INFO] | steps_accounts.py:40] > Validation Smoke code response= 200
2018-10-16 21:00:21,940 	 [INFO] | steps_accounts.py:13] > Configure Client
2018-10-16 21:00:21,943 	 [INFO] | steps_accounts.py:66] > Execute Request
2018-10-16 21:00:23,568 	 [INFO] | steps_accounts.py:40] > Validation Smoke code response= 200
2018-10-16 21:00:23,575 	 [INFO] | steps_accounts.py:23] > Configure Client
2018-10-16 21:00:23,579 	 [INFO] | steps_accounts.py:56] > Execute Request
2018-10-16 21:00:24,506 	 [INFO] | steps_accounts.py:40] > Validation Smoke code response= 200
2018-10-16 21:00:24,513 	 [INFO] | steps_accounts.py:23] > Configure Client
2018-10-16 21:00:24,516 	 [INFO] | steps_accounts.py:32] > Execute Request
2018-10-16 21:00:25,428 	 [INFO] | steps_accounts.py:40] > Validation Smoke code response= 400
2018-10-16 21:00:25,434 	 [INFO] | steps_accounts.py:13] > Configure Client
2018-10-16 21:00:25,438 	 [INFO] | steps_accounts.py:66] > Execute Request
2018-10-16 21:00:26,392 	 [INFO] | steps_accounts.py:40] > Validation Smoke code response= 200
2018-10-16 21:03:04,019 	 [INFO] | steps_accounts.py:22] > Configure Client
2018-10-16 21:03:04,020 	 [INFO] | steps_accounts.py:45] > Execute Request
2018-10-16 21:03:04,789 	 [INFO] | steps_accounts.py:39] > Validation Smoke code response= 200
2018-10-16 21:03:04,796 	 [INFO] | steps_accounts.py:22] > Configure Client
2018-10-16 21:03:04,801 	 [INFO] | steps_accounts.py:65] > Execute Request
2018-10-16 21:03:05,630 	 [INFO] | steps_accounts.py:39] > Validation Smoke code response= 200
2018-10-16 21:03:05,638 	 [INFO] | steps_accounts.py:13] > Configure Client
2018-10-16 21:03:05,642 	 [INFO] | steps_accounts.py:65] > Execute Request
2018-10-16 21:03:06,756 	 [INFO] | steps_accounts.py:39] > Validation Smoke code response= 200
2018-10-16 21:03:06,763 	 [INFO] | steps_accounts.py:22] > Configure Client
2018-10-16 21:03:06,766 	 [INFO] | steps_accounts.py:55] > Execute Request
2018-10-16 21:03:08,025 	 [INFO] | steps_accounts.py:39] > Validation Smoke code response= 200
2018-10-16 21:03:08,031 	 [INFO] | steps_accounts.py:22] > Configure Client
2018-10-16 21:03:08,034 	 [INFO] | steps_accounts.py:31] > Execute Request
2018-10-16 21:03:08,951 	 [INFO] | steps_accounts.py:39] > Validation Smoke code response= 204
2018-10-16 21:03:08,957 	 [INFO] | steps_accounts.py:13] > Configure Client
2018-10-16 21:03:08,961 	 [INFO] | steps_accounts.py:65] > Execute Request
2018-10-16 21:03:09,783 	 [INFO] | steps_accounts.py:39] > Validation Smoke code response= 200
2018-10-16 21:03:19,461 	 [INFO] | steps_accounts.py:22] > Configure Client
2018-10-16 21:03:19,462 	 [INFO] | steps_accounts.py:45] > Execute Request
2018-10-16 21:03:20,468 	 [INFO] | steps_accounts.py:39] > Validation Smoke code response= 200
2018-10-16 21:03:20,474 	 [INFO] | steps_accounts.py:22] > Configure Client
2018-10-16 21:03:20,478 	 [INFO] | steps_accounts.py:65] > Execute Request
2018-10-16 21:03:21,307 	 [INFO] | steps_accounts.py:39] > Validation Smoke code response= 200
2018-10-16 21:03:21,313 	 [INFO] | steps_accounts.py:13] > Configure Client
2018-10-16 21:03:21,317 	 [INFO] | steps_accounts.py:65] > Execute Request
2018-10-16 21:03:22,074 	 [INFO] | steps_accounts.py:39] > Validation Smoke code response= 200
2018-10-16 21:03:22,082 	 [INFO] | steps_accounts.py:22] > Configure Client
2018-10-16 21:03:22,085 	 [INFO] | steps_accounts.py:55] > Execute Request
2018-10-16 21:03:22,870 	 [INFO] | steps_accounts.py:39] > Validation Smoke code response= 200
2018-10-16 21:03:22,878 	 [INFO] | steps_accounts.py:22] > Configure Client
2018-10-16 21:03:22,882 	 [INFO] | steps_accounts.py:31] > Execute Request
2018-10-16 21:03:23,667 	 [INFO] | steps_accounts.py:39] > Validation Smoke code response= 204
2018-10-16 21:03:23,673 	 [INFO] | steps_accounts.py:13] > Configure Client
2018-10-16 21:03:23,676 	 [INFO] | steps_accounts.py:65] > Execute Request
2018-10-16 21:03:24,577 	 [INFO] | steps_accounts.py:39] > Validation Smoke code response= 200
2018-10-16 21:05:42,498 	 [INFO] | steps_accounts.py:22] > Configure Client
2018-10-16 21:05:42,500 	 [INFO] | steps_accounts.py:45] > Execute Request
2018-10-16 21:05:43,805 	 [INFO] | steps_accounts.py:39] > Validation Smoke code response= 200
2018-10-16 21:05:43,821 	 [INFO] | steps_accounts.py:22] > Configure Client
2018-10-16 21:05:43,826 	 [INFO] | steps_accounts.py:65] > Execute Request
2018-10-16 21:05:44,630 	 [INFO] | steps_accounts.py:39] > Validation Smoke code response= 200
2018-10-16 21:05:44,636 	 [INFO] | steps_accounts.py:13] > Configure Client
2018-10-16 21:05:44,640 	 [INFO] | steps_accounts.py:65] > Execute Request
2018-10-16 21:05:45,456 	 [INFO] | steps_accounts.py:39] > Validation Smoke code response= 200
2018-10-16 21:05:45,473 	 [INFO] | steps_accounts.py:22] > Configure Client
2018-10-16 21:05:45,476 	 [INFO] | steps_accounts.py:55] > Execute Request
2018-10-16 21:05:46,274 	 [INFO] | steps_accounts.py:39] > Validation Smoke code response= 200
2018-10-16 21:05:46,282 	 [INFO] | steps_accounts.py:22] > Configure Client
2018-10-16 21:05:46,294 	 [INFO] | steps_accounts.py:31] > Execute Request
2018-10-16 21:05:47,125 	 [INFO] | steps_accounts.py:39] > Validation Smoke code response= 204
2018-10-16 21:05:47,136 	 [INFO] | steps_accounts.py:13] > Configure Client
2018-10-16 21:05:47,139 	 [INFO] | steps_accounts.py:65] > Execute Request
2018-10-16 21:05:48,181 	 [INFO] | steps_accounts.py:39] > Validation Smoke code response= 200
2018-10-16 21:05:48,197 	 [INFO] | steps_me.py:13] > Configure Client
2018-10-16 21:05:48,202 	 [INFO] | steps_me.py:22] > Execute Request
2018-10-16 21:05:50,905 	 [INFO] | steps_me.py:32] > Validation Smoke
