2018-10-18 01:09:32,264 	 [INFO] | steps_accounts.py:22] > Configure Client
2018-10-18 01:09:32,265 	 [INFO] | steps_accounts.py:65] > Execute Request
2018-10-18 01:09:32,900 	 [INFO] | steps_accounts.py:39] > Validation Smoke code response= 200
2018-10-18 01:11:37,594 	 [INFO] | steps_accounts.py:22] > Configure Client
2018-10-18 01:11:37,595 	 [INFO] | steps_accounts.py:65] > Execute Request
2018-10-18 01:11:38,187 	 [INFO] | steps_accounts.py:39] > Validation Smoke code response= 200
2018-10-18 01:13:11,725 	 [INFO] | steps_accounts.py:22] > Configure Client
2018-10-18 01:13:11,728 	 [INFO] | steps_accounts.py:65] > Execute Request
2018-10-18 01:13:12,343 	 [INFO] | steps_accounts.py:39] > Validation Smoke code response= 200
2018-10-18 01:15:52,063 	 [INFO] | steps_accounts.py:22] > Configure Client
2018-10-18 01:15:52,065 	 [INFO] | steps_accounts.py:65] > Execute Request
2018-10-18 01:15:52,689 	 [INFO] | steps_accounts.py:39] > Validation Smoke code response= 200
2018-10-18 01:17:38,023 	 [INFO] | steps_accounts.py:22] > Configure Client
2018-10-18 01:17:38,025 	 [INFO] | steps_accounts.py:65] > Execute Request
2018-10-18 01:17:38,630 	 [INFO] | steps_accounts.py:39] > Validation Smoke code response= 200
2018-10-18 01:20:55,532 	 [INFO] | steps_accounts.py:22] > Configure Client
2018-10-18 01:20:55,535 	 [INFO] | steps_accounts.py:65] > Execute Request
2018-10-18 01:21:53,086 	 [INFO] | steps_accounts.py:22] > Configure Client
2018-10-18 01:21:53,087 	 [INFO] | steps_accounts.py:65] > Execute Request
2018-10-18 01:22:36,433 	 [INFO] | steps_accounts.py:22] > Configure Client
2018-10-18 01:22:36,436 	 [INFO] | steps_accounts.py:65] > Execute Request
2018-10-18 01:22:37,041 	 [INFO] | steps_accounts.py:39] > Validation Smoke code response= 200
2018-10-18 06:57:32,857 	 [INFO] | steps_accounts.py:22] > Configure Client
2018-10-18 06:57:32,871 	 [INFO] | steps_accounts.py:65] > Execute Request
2018-10-18 06:57:33,885 	 [INFO] | steps_accounts.py:39] > Validation Smoke code response= 200
2018-10-18 06:59:27,029 	 [INFO] | steps_accounts.py:22] > Configure Client
2018-10-18 06:59:27,034 	 [INFO] | steps_accounts.py:45] > Execute Request
2018-10-18 06:59:27,875 	 [INFO] | steps_accounts.py:39] > Validation Smoke code response= 200
2018-10-18 06:59:28,608 	 [INFO] | steps_accounts.py:22] > Configure Client
2018-10-18 06:59:28,611 	 [INFO] | steps_accounts.py:65] > Execute Request
2018-10-18 06:59:29,405 	 [INFO] | steps_accounts.py:39] > Validation Smoke code response= 200
2018-10-18 06:59:30,036 	 [INFO] | steps_accounts.py:13] > Configure Client
2018-10-18 06:59:30,040 	 [INFO] | steps_accounts.py:65] > Execute Request
2018-10-18 06:59:30,877 	 [INFO] | steps_accounts.py:39] > Validation Smoke code response= 200
2018-10-18 06:59:31,546 	 [INFO] | steps_accounts.py:22] > Configure Client
2018-10-18 06:59:31,550 	 [INFO] | steps_accounts.py:55] > Execute Request
2018-10-18 06:59:32,551 	 [INFO] | steps_accounts.py:39] > Validation Smoke code response= 200
2018-10-18 06:59:33,193 	 [INFO] | steps_accounts.py:22] > Configure Client
2018-10-18 06:59:33,196 	 [INFO] | steps_accounts.py:31] > Execute Request
2018-10-18 06:59:33,868 	 [INFO] | steps_accounts.py:39] > Validation Smoke code response= 204
2018-10-18 06:59:34,601 	 [INFO] | steps_accounts.py:13] > Configure Client
2018-10-18 06:59:34,618 	 [INFO] | steps_accounts.py:65] > Execute Request
2018-10-18 06:59:35,328 	 [INFO] | steps_accounts.py:39] > Validation Smoke code response= 200
2018-10-18 06:59:35,978 	 [INFO] | steps_accounts.py:13] > Configure Client
2018-10-18 06:59:35,981 	 [INFO] | steps_accounts.py:65] > Execute Request
2018-10-18 06:59:36,667 	 [INFO] | steps_accounts.py:39] > Validation Smoke code response= 200
2018-10-18 07:02:14,141 	 [INFO] | steps_accounts.py:22] > Configure Client
2018-10-18 07:02:14,145 	 [INFO] | steps_accounts.py:45] > Execute Request
2018-10-18 07:02:15,619 	 [INFO] | steps_accounts.py:22] > Configure Client
2018-10-18 07:02:15,623 	 [INFO] | steps_accounts.py:65] > Execute Request
2018-10-18 07:02:16,296 	 [INFO] | steps_accounts.py:39] > Validation Smoke code response= 200
2018-10-18 07:02:17,106 	 [INFO] | steps_accounts.py:13] > Configure Client
2018-10-18 07:02:17,109 	 [INFO] | steps_accounts.py:65] > Execute Request
2018-10-18 07:02:17,980 	 [INFO] | steps_accounts.py:39] > Validation Smoke code response= 200
2018-10-18 07:02:18,743 	 [INFO] | steps_accounts.py:22] > Configure Client
2018-10-18 07:02:18,747 	 [INFO] | steps_accounts.py:55] > Execute Request
2018-10-18 07:02:19,569 	 [INFO] | steps_accounts.py:39] > Validation Smoke code response= 404
2018-10-18 07:02:20,896 	 [INFO] | steps_accounts.py:22] > Configure Client
2018-10-18 07:02:20,900 	 [INFO] | steps_accounts.py:31] > Execute Request
2018-10-18 07:02:21,659 	 [INFO] | steps_accounts.py:39] > Validation Smoke code response= 404
2018-10-18 07:02:22,739 	 [INFO] | steps_accounts.py:13] > Configure Client
2018-10-18 07:02:22,742 	 [INFO] | steps_accounts.py:65] > Execute Request
2018-10-18 07:02:23,572 	 [INFO] | steps_accounts.py:39] > Validation Smoke code response= 200
2018-10-18 07:02:24,582 	 [INFO] | steps_accounts.py:13] > Configure Client
2018-10-18 07:02:24,584 	 [INFO] | steps_accounts.py:65] > Execute Request
2018-10-18 07:02:25,382 	 [INFO] | steps_accounts.py:39] > Validation Smoke code response= 200
2018-10-18 07:10:02,311 	 [INFO] | steps_accounts.py:22] > Configure Client
2018-10-18 07:10:02,314 	 [INFO] | steps_accounts.py:45] > Execute Request
2018-10-18 07:10:04,756 	 [INFO] | steps_accounts.py:22] > Configure Client
2018-10-18 07:10:04,759 	 [INFO] | steps_accounts.py:65] > Execute Request
2018-10-18 07:10:05,501 	 [INFO] | steps_accounts.py:39] > Validation Smoke code response= 200
2018-10-18 07:10:07,326 	 [INFO] | steps_accounts.py:13] > Configure Client
2018-10-18 07:10:07,329 	 [INFO] | steps_accounts.py:65] > Execute Request
2018-10-18 07:10:08,376 	 [INFO] | steps_accounts.py:39] > Validation Smoke code response= 200
2018-10-18 07:10:10,297 	 [INFO] | steps_accounts.py:22] > Configure Client
2018-10-18 07:10:10,301 	 [INFO] | steps_accounts.py:55] > Execute Request
2018-10-18 07:10:10,978 	 [INFO] | steps_accounts.py:39] > Validation Smoke code response= 404
2018-10-18 07:10:12,693 	 [INFO] | steps_accounts.py:22] > Configure Client
2018-10-18 07:10:12,696 	 [INFO] | steps_accounts.py:31] > Execute Request
2018-10-18 07:10:13,441 	 [INFO] | steps_accounts.py:39] > Validation Smoke code response= 404
2018-10-18 07:10:15,009 	 [INFO] | steps_accounts.py:13] > Configure Client
2018-10-18 07:10:15,013 	 [INFO] | steps_accounts.py:65] > Execute Request
2018-10-18 07:10:15,752 	 [INFO] | steps_accounts.py:39] > Validation Smoke code response= 200
2018-10-18 07:10:17,558 	 [INFO] | steps_accounts.py:13] > Configure Client
2018-10-18 07:10:17,561 	 [INFO] | steps_accounts.py:65] > Execute Request
2018-10-18 07:10:18,281 	 [INFO] | steps_accounts.py:39] > Validation Smoke code response= 200
2018-10-18 07:59:44,900 	 [INFO] | steps_accounts.py:22] > Configure Client
2018-10-18 07:59:44,904 	 [INFO] | steps_accounts.py:45] > Execute Request
2018-10-18 07:59:45,781 	 [INFO] | steps_accounts.py:39] > Validation Smoke code response= 200
2018-10-18 07:59:47,814 	 [INFO] | steps_accounts.py:22] > Configure Client
2018-10-18 07:59:47,817 	 [INFO] | steps_accounts.py:65] > Execute Request
2018-10-18 07:59:48,662 	 [INFO] | steps_accounts.py:39] > Validation Smoke code response= 200
2018-10-18 07:59:50,129 	 [INFO] | steps_accounts.py:13] > Configure Client
2018-10-18 07:59:50,132 	 [INFO] | steps_accounts.py:65] > Execute Request
2018-10-18 07:59:50,902 	 [INFO] | steps_accounts.py:39] > Validation Smoke code response= 200
2018-10-18 07:59:52,816 	 [INFO] | steps_accounts.py:22] > Configure Client
2018-10-18 07:59:52,819 	 [INFO] | steps_accounts.py:55] > Execute Request
2018-10-18 07:59:53,553 	 [INFO] | steps_accounts.py:39] > Validation Smoke code response= 200
2018-10-18 07:59:55,379 	 [INFO] | steps_accounts.py:22] > Configure Client
2018-10-18 07:59:55,382 	 [INFO] | steps_accounts.py:31] > Execute Request
2018-10-18 07:59:56,155 	 [INFO] | steps_accounts.py:39] > Validation Smoke code response= 204
2018-10-18 07:59:57,736 	 [INFO] | steps_accounts.py:13] > Configure Client
2018-10-18 07:59:57,739 	 [INFO] | steps_accounts.py:65] > Execute Request
2018-10-18 07:59:58,621 	 [INFO] | steps_accounts.py:39] > Validation Smoke code response= 200
2018-10-18 08:00:00,514 	 [INFO] | steps_accounts.py:13] > Configure Client
2018-10-18 08:00:00,519 	 [INFO] | steps_accounts.py:65] > Execute Request
2018-10-18 08:00:01,453 	 [INFO] | steps_accounts.py:39] > Validation Smoke code response= 200
2018-10-18 08:03:04,836 	 [INFO] | steps_accounts.py:22] > Configure Client
2018-10-18 08:03:04,842 	 [INFO] | steps_accounts.py:45] > Execute Request
2018-10-18 08:03:05,638 	 [INFO] | steps_accounts.py:39] > Validation Smoke code response= 200
2018-10-18 08:03:07,495 	 [INFO] | steps_accounts.py:22] > Configure Client
2018-10-18 08:03:07,499 	 [INFO] | steps_accounts.py:65] > Execute Request
2018-10-18 08:03:08,405 	 [INFO] | steps_accounts.py:39] > Validation Smoke code response= 200
2018-10-18 08:03:10,471 	 [INFO] | steps_accounts.py:13] > Configure Client
2018-10-18 08:03:10,475 	 [INFO] | steps_accounts.py:65] > Execute Request
2018-10-18 08:03:11,342 	 [INFO] | steps_accounts.py:39] > Validation Smoke code response= 200
2018-10-18 08:03:13,174 	 [INFO] | steps_accounts.py:22] > Configure Client
2018-10-18 08:03:13,179 	 [INFO] | steps_accounts.py:55] > Execute Request
2018-10-18 08:03:13,957 	 [INFO] | steps_accounts.py:39] > Validation Smoke code response= 200
2018-10-18 08:03:15,637 	 [INFO] | steps_accounts.py:22] > Configure Client
2018-10-18 08:03:15,641 	 [INFO] | steps_accounts.py:31] > Execute Request
2018-10-18 08:03:16,309 	 [INFO] | steps_accounts.py:39] > Validation Smoke code response= 204
2018-10-18 08:03:18,140 	 [INFO] | steps_accounts.py:13] > Configure Client
2018-10-18 08:03:18,143 	 [INFO] | steps_accounts.py:65] > Execute Request
2018-10-18 08:03:18,925 	 [INFO] | steps_accounts.py:39] > Validation Smoke code response= 200
2018-10-18 08:03:21,021 	 [INFO] | steps_accounts.py:13] > Configure Client
2018-10-18 08:03:21,024 	 [INFO] | steps_accounts.py:65] > Execute Request
2018-10-18 08:03:21,831 	 [INFO] | steps_accounts.py:39] > Validation Smoke code response= 200
2018-10-18 08:06:56,459 	 [INFO] | steps_accounts.py:22] > Configure Client
2018-10-18 08:06:56,464 	 [INFO] | steps_accounts.py:45] > Execute Request
2018-10-18 08:06:57,481 	 [INFO] | steps_accounts.py:39] > Validation Smoke code response= 200
2018-10-18 08:06:59,133 	 [INFO] | steps_accounts.py:22] > Configure Client
2018-10-18 08:06:59,137 	 [INFO] | steps_accounts.py:65] > Execute Request
2018-10-18 08:07:00,043 	 [INFO] | steps_accounts.py:39] > Validation Smoke code response= 200
2018-10-18 08:07:01,974 	 [INFO] | steps_accounts.py:13] > Configure Client
2018-10-18 08:07:01,978 	 [INFO] | steps_accounts.py:65] > Execute Request
2018-10-18 08:07:02,900 	 [INFO] | steps_accounts.py:39] > Validation Smoke code response= 200
2018-10-18 08:07:04,760 	 [INFO] | steps_accounts.py:22] > Configure Client
2018-10-18 08:07:04,764 	 [INFO] | steps_accounts.py:55] > Execute Request
2018-10-18 08:07:05,771 	 [INFO] | steps_accounts.py:39] > Validation Smoke code response= 200
2018-10-18 08:07:07,691 	 [INFO] | steps_accounts.py:22] > Configure Client
2018-10-18 08:07:07,693 	 [INFO] | steps_accounts.py:31] > Execute Request
2018-10-18 08:07:08,452 	 [INFO] | steps_accounts.py:39] > Validation Smoke code response= 204
2018-10-18 08:07:10,382 	 [INFO] | steps_accounts.py:13] > Configure Client
2018-10-18 08:07:10,385 	 [INFO] | steps_accounts.py:65] > Execute Request
2018-10-18 08:07:11,106 	 [INFO] | steps_accounts.py:39] > Validation Smoke code response= 200
2018-10-18 08:07:12,853 	 [INFO] | steps_accounts.py:13] > Configure Client
2018-10-18 08:07:12,857 	 [INFO] | steps_accounts.py:65] > Execute Request
2018-10-18 08:07:13,759 	 [INFO] | steps_accounts.py:39] > Validation Smoke code response= 200
2018-10-18 08:23:22,769 	 [INFO] | steps_accounts.py:22] > Configure Client
2018-10-18 08:23:22,773 	 [INFO] | steps_accounts.py:45] > Execute Request
2018-10-18 08:23:23,790 	 [INFO] | steps_accounts.py:39] > Validation Smoke code response= 200
2018-10-18 08:23:23,794 	 [INFO] | steps_accounts.py:73] > Validate all fields of response
2018-10-18 08:23:26,245 	 [INFO] | steps_accounts.py:22] > Configure Client
2018-10-18 08:23:26,253 	 [INFO] | steps_accounts.py:65] > Execute Request
2018-10-18 08:23:27,020 	 [INFO] | steps_accounts.py:39] > Validation Smoke code response= 200
2018-10-18 08:23:28,715 	 [INFO] | steps_accounts.py:13] > Configure Client
2018-10-18 08:23:28,718 	 [INFO] | steps_accounts.py:65] > Execute Request
2018-10-18 08:23:29,522 	 [INFO] | steps_accounts.py:39] > Validation Smoke code response= 200
2018-10-18 08:23:31,086 	 [INFO] | steps_accounts.py:22] > Configure Client
2018-10-18 08:23:31,088 	 [INFO] | steps_accounts.py:55] > Execute Request
2018-10-18 08:23:31,844 	 [INFO] | steps_accounts.py:39] > Validation Smoke code response= 200
2018-10-18 08:23:31,847 	 [INFO] | steps_accounts.py:73] > Validate all fields of response
2018-10-18 08:23:33,622 	 [INFO] | steps_accounts.py:22] > Configure Client
2018-10-18 08:23:33,624 	 [INFO] | steps_accounts.py:31] > Execute Request
2018-10-18 08:23:34,359 	 [INFO] | steps_accounts.py:39] > Validation Smoke code response= 204
2018-10-18 08:23:35,956 	 [INFO] | steps_accounts.py:13] > Configure Client
2018-10-18 08:23:35,959 	 [INFO] | steps_accounts.py:65] > Execute Request
2018-10-18 08:23:36,895 	 [INFO] | steps_accounts.py:39] > Validation Smoke code response= 200
2018-10-18 08:23:38,510 	 [INFO] | steps_accounts.py:13] > Configure Client
2018-10-18 08:23:38,513 	 [INFO] | steps_accounts.py:65] > Execute Request
2018-10-18 08:23:42,625 	 [INFO] | steps_accounts.py:39] > Validation Smoke code response= 200
2018-10-18 08:23:44,272 	 [INFO] | steps_me.py:13] > Configure Client
2018-10-18 08:23:44,278 	 [INFO] | steps_me.py:22] > Execute Request
2018-10-18 08:23:46,599 	 [INFO] | steps_me.py:32] > Validation Smoke
2018-10-18 08:52:43,833 	 [INFO] | steps_accounts.py:22] > Configure Client
2018-10-18 08:52:43,837 	 [INFO] | steps_accounts.py:45] > Execute Request
2018-10-18 08:52:44,705 	 [INFO] | steps_accounts.py:39] > Validation Smoke code response= 200
2018-10-18 08:52:44,709 	 [INFO] | steps_accounts.py:73] > Validate all fields of response
2018-10-18 08:52:46,284 	 [INFO] | steps_accounts.py:22] > Configure Client
2018-10-18 08:52:46,287 	 [INFO] | steps_accounts.py:65] > Execute Request
2018-10-18 08:52:47,191 	 [INFO] | steps_accounts.py:39] > Validation Smoke code response= 200
2018-10-18 08:52:48,995 	 [INFO] | steps_accounts.py:13] > Configure Client
2018-10-18 08:52:48,997 	 [INFO] | steps_accounts.py:65] > Execute Request
2018-10-18 08:52:49,702 	 [INFO] | steps_accounts.py:39] > Validation Smoke code response= 200
2018-10-18 08:52:51,402 	 [INFO] | steps_accounts.py:22] > Configure Client
2018-10-18 08:52:51,404 	 [INFO] | steps_accounts.py:55] > Execute Request
2018-10-18 08:52:52,046 	 [INFO] | steps_accounts.py:39] > Validation Smoke code response= 200
2018-10-18 08:52:52,049 	 [INFO] | steps_accounts.py:73] > Validate all fields of response
2018-10-18 08:52:53,965 	 [INFO] | steps_accounts.py:22] > Configure Client
2018-10-18 08:52:53,968 	 [INFO] | steps_accounts.py:31] > Execute Request
2018-10-18 08:52:54,879 	 [INFO] | steps_accounts.py:39] > Validation Smoke code response= 204
2018-10-18 08:52:56,523 	 [INFO] | steps_accounts.py:13] > Configure Client
2018-10-18 08:52:56,527 	 [INFO] | steps_accounts.py:65] > Execute Request
2018-10-18 08:52:57,319 	 [INFO] | steps_accounts.py:39] > Validation Smoke code response= 200
2018-10-18 08:52:58,852 	 [INFO] | steps_accounts.py:13] > Configure Client
2018-10-18 08:52:58,855 	 [INFO] | steps_accounts.py:65] > Execute Request
2018-10-18 08:53:00,000 	 [INFO] | steps_accounts.py:39] > Validation Smoke code response= 200
2018-10-18 08:53:01,629 	 [INFO] | steps_me.py:13] > Configure Client
2018-10-18 08:53:01,636 	 [INFO] | steps_me.py:22] > Execute Request
2018-10-18 08:53:04,241 	 [INFO] | steps_me.py:32] > Validation Smoke
2018-10-18 10:38:15,050 	 [INFO] | steps_accounts.py:22] > Configure Client
2018-10-18 10:38:15,055 	 [INFO] | steps_accounts.py:45] > Execute Request
2018-10-18 10:38:15,820 	 [INFO] | steps_accounts.py:39] > Validation Smoke code response= 200
2018-10-18 10:38:15,827 	 [INFO] | steps_accounts.py:73] > Validate all fields of response
2018-10-18 10:38:17,758 	 [INFO] | steps_accounts.py:22] > Configure Client
2018-10-18 10:38:17,763 	 [INFO] | steps_accounts.py:65] > Execute Request
2018-10-18 10:38:18,595 	 [INFO] | steps_accounts.py:39] > Validation Smoke code response= 200
2018-10-18 10:38:20,814 	 [INFO] | steps_accounts.py:13] > Configure Client
2018-10-18 10:38:20,817 	 [INFO] | steps_accounts.py:65] > Execute Request
2018-10-18 10:38:21,729 	 [INFO] | steps_accounts.py:39] > Validation Smoke code response= 200
2018-10-18 10:38:23,656 	 [INFO] | steps_accounts.py:22] > Configure Client
2018-10-18 10:38:23,660 	 [INFO] | steps_accounts.py:55] > Execute Request
2018-10-18 10:38:24,707 	 [INFO] | steps_accounts.py:39] > Validation Smoke code response= 200
2018-10-18 10:38:24,710 	 [INFO] | steps_accounts.py:73] > Validate all fields of response
2018-10-18 10:38:26,440 	 [INFO] | steps_accounts.py:22] > Configure Client
2018-10-18 10:38:26,443 	 [INFO] | steps_accounts.py:31] > Execute Request
2018-10-18 10:38:27,227 	 [INFO] | steps_accounts.py:39] > Validation Smoke code response= 204
2018-10-18 10:38:28,904 	 [INFO] | steps_accounts.py:13] > Configure Client
2018-10-18 10:38:28,907 	 [INFO] | steps_accounts.py:65] > Execute Request
2018-10-18 10:38:29,901 	 [INFO] | steps_accounts.py:39] > Validation Smoke code response= 200
2018-10-18 10:38:32,080 	 [INFO] | steps_accounts.py:13] > Configure Client
2018-10-18 10:38:32,086 	 [INFO] | steps_accounts.py:65] > Execute Request
2018-10-18 10:38:33,101 	 [INFO] | steps_accounts.py:39] > Validation Smoke code response= 200
2018-10-18 10:44:31,493 	 [INFO] | steps_accounts.py:22] > Configure Client
2018-10-18 10:44:31,495 	 [INFO] | steps_accounts.py:45] > Execute Request
2018-10-18 10:44:32,231 	 [INFO] | steps_accounts.py:39] > Validation Smoke code response= 200
2018-10-18 10:44:32,237 	 [INFO] | steps_accounts.py:73] > Validate all fields of response
2018-10-18 10:44:34,070 	 [INFO] | steps_accounts.py:22] > Configure Client
2018-10-18 10:44:34,073 	 [INFO] | steps_accounts.py:65] > Execute Request
2018-10-18 10:44:34,954 	 [INFO] | steps_accounts.py:39] > Validation Smoke code response= 200
2018-10-18 10:44:37,233 	 [INFO] | steps_accounts.py:13] > Configure Client
2018-10-18 10:44:37,237 	 [INFO] | steps_accounts.py:65] > Execute Request
2018-10-18 10:44:38,114 	 [INFO] | steps_accounts.py:39] > Validation Smoke code response= 200
2018-10-18 10:44:39,627 	 [INFO] | steps_accounts.py:22] > Configure Client
2018-10-18 10:44:39,630 	 [INFO] | steps_accounts.py:55] > Execute Request
2018-10-18 10:44:40,384 	 [INFO] | steps_accounts.py:39] > Validation Smoke code response= 200
2018-10-18 10:44:40,389 	 [INFO] | steps_accounts.py:73] > Validate all fields of response
2018-10-18 10:44:41,938 	 [INFO] | steps_accounts.py:22] > Configure Client
2018-10-18 10:44:41,942 	 [INFO] | steps_accounts.py:31] > Execute Request
2018-10-18 10:44:42,734 	 [INFO] | steps_accounts.py:39] > Validation Smoke code response= 204
2018-10-18 10:44:44,607 	 [INFO] | steps_accounts.py:13] > Configure Client
2018-10-18 10:44:44,611 	 [INFO] | steps_accounts.py:65] > Execute Request
2018-10-18 10:44:45,572 	 [INFO] | steps_accounts.py:39] > Validation Smoke code response= 200
2018-10-18 10:44:48,170 	 [INFO] | steps_accounts.py:13] > Configure Client
2018-10-18 10:44:48,175 	 [INFO] | steps_accounts.py:65] > Execute Request
2018-10-18 10:44:49,012 	 [INFO] | steps_accounts.py:39] > Validation Smoke code response= 200
2018-10-18 10:52:32,073 	 [INFO] | steps_accounts.py:22] > Configure Client
2018-10-18 10:52:32,078 	 [INFO] | steps_accounts.py:45] > Execute Request
2018-10-18 10:52:32,986 	 [INFO] | steps_accounts.py:39] > Validation Smoke code response= 200
2018-10-18 10:52:32,990 	 [INFO] | steps_accounts.py:73] > Validate all fields of response
2018-10-18 10:52:35,211 	 [INFO] | steps_accounts.py:22] > Configure Client
2018-10-18 10:52:35,214 	 [INFO] | steps_accounts.py:65] > Execute Request
2018-10-18 10:52:36,270 	 [INFO] | steps_accounts.py:39] > Validation Smoke code response= 200
2018-10-18 10:52:38,253 	 [INFO] | steps_accounts.py:13] > Configure Client
2018-10-18 10:52:38,257 	 [INFO] | steps_accounts.py:65] > Execute Request
2018-10-18 10:52:39,123 	 [INFO] | steps_accounts.py:39] > Validation Smoke code response= 200
2018-10-18 10:52:41,379 	 [INFO] | steps_accounts.py:22] > Configure Client
2018-10-18 10:52:41,383 	 [INFO] | steps_accounts.py:55] > Execute Request
2018-10-18 10:52:42,402 	 [INFO] | steps_accounts.py:39] > Validation Smoke code response= 200
2018-10-18 10:52:42,405 	 [INFO] | steps_accounts.py:73] > Validate all fields of response
2018-10-18 10:52:44,039 	 [INFO] | steps_accounts.py:22] > Configure Client
2018-10-18 10:52:44,042 	 [INFO] | steps_accounts.py:31] > Execute Request
2018-10-18 10:52:44,835 	 [INFO] | steps_accounts.py:39] > Validation Smoke code response= 204
2018-10-18 10:52:46,702 	 [INFO] | steps_accounts.py:13] > Configure Client
2018-10-18 10:52:46,706 	 [INFO] | steps_accounts.py:65] > Execute Request
2018-10-18 10:52:47,690 	 [INFO] | steps_accounts.py:39] > Validation Smoke code response= 200
2018-10-18 10:52:49,745 	 [INFO] | steps_accounts.py:13] > Configure Client
2018-10-18 10:52:49,751 	 [INFO] | steps_accounts.py:65] > Execute Request
2018-10-18 10:52:50,678 	 [INFO] | steps_accounts.py:39] > Validation Smoke code response= 200
2018-10-18 10:53:54,983 	 [INFO] | steps_accounts.py:22] > Configure Client
2018-10-18 10:53:54,986 	 [INFO] | steps_accounts.py:45] > Execute Request
2018-10-18 10:53:55,926 	 [INFO] | steps_accounts.py:39] > Validation Smoke code response= 200
2018-10-18 10:53:55,932 	 [INFO] | steps_accounts.py:73] > Validate all fields of response
2018-10-18 10:53:58,176 	 [INFO] | steps_accounts.py:22] > Configure Client
2018-10-18 10:53:58,180 	 [INFO] | steps_accounts.py:65] > Execute Request
2018-10-18 10:53:58,942 	 [INFO] | steps_accounts.py:39] > Validation Smoke code response= 200
2018-10-18 10:54:00,668 	 [INFO] | steps_accounts.py:13] > Configure Client
2018-10-18 10:54:00,673 	 [INFO] | steps_accounts.py:65] > Execute Request
2018-10-18 10:54:01,529 	 [INFO] | steps_accounts.py:39] > Validation Smoke code response= 200
2018-10-18 10:54:03,175 	 [INFO] | steps_accounts.py:22] > Configure Client
2018-10-18 10:54:03,179 	 [INFO] | steps_accounts.py:55] > Execute Request
2018-10-18 10:54:04,212 	 [INFO] | steps_accounts.py:39] > Validation Smoke code response= 200
2018-10-18 10:54:04,215 	 [INFO] | steps_accounts.py:73] > Validate all fields of response
2018-10-18 10:54:06,148 	 [INFO] | steps_accounts.py:22] > Configure Client
2018-10-18 10:54:06,150 	 [INFO] | steps_accounts.py:31] > Execute Request
2018-10-18 10:54:06,985 	 [INFO] | steps_accounts.py:39] > Validation Smoke code response= 204
2018-10-18 10:54:08,673 	 [INFO] | steps_accounts.py:13] > Configure Client
2018-10-18 10:54:08,678 	 [INFO] | steps_accounts.py:65] > Execute Request
2018-10-18 10:54:09,459 	 [INFO] | steps_accounts.py:39] > Validation Smoke code response= 200
2018-10-18 10:54:11,286 	 [INFO] | steps_accounts.py:13] > Configure Client
2018-10-18 10:54:11,290 	 [INFO] | steps_accounts.py:65] > Execute Request
2018-10-18 10:54:11,978 	 [INFO] | steps_accounts.py:39] > Validation Smoke code response= 200
2018-10-18 11:07:44,675 	 [INFO] | steps_accounts.py:22] > Configure Client
2018-10-18 11:07:44,680 	 [INFO] | steps_accounts.py:45] > Execute Request
2018-10-18 11:07:45,661 	 [INFO] | steps_accounts.py:39] > Validation Smoke code response= 200
2018-10-18 11:07:45,664 	 [INFO] | steps_accounts.py:73] > Validate all fields of response
2018-10-18 11:07:48,019 	 [INFO] | steps_accounts.py:22] > Configure Client
2018-10-18 11:07:48,023 	 [INFO] | steps_accounts.py:65] > Execute Request
2018-10-18 11:07:48,832 	 [INFO] | steps_accounts.py:39] > Validation Smoke code response= 200
2018-10-18 11:07:50,894 	 [INFO] | steps_accounts.py:13] > Configure Client
2018-10-18 11:07:50,896 	 [INFO] | steps_accounts.py:65] > Execute Request
2018-10-18 11:07:51,774 	 [INFO] | steps_accounts.py:39] > Validation Smoke code response= 200
2018-10-18 11:07:53,651 	 [INFO] | steps_accounts.py:22] > Configure Client
2018-10-18 11:07:53,654 	 [INFO] | steps_accounts.py:55] > Execute Request
2018-10-18 11:07:54,880 	 [INFO] | steps_accounts.py:39] > Validation Smoke code response= 200
2018-10-18 11:07:54,883 	 [INFO] | steps_accounts.py:73] > Validate all fields of response
2018-10-18 11:07:56,486 	 [INFO] | steps_accounts.py:22] > Configure Client
2018-10-18 11:07:56,489 	 [INFO] | steps_accounts.py:31] > Execute Request
2018-10-18 11:07:57,436 	 [INFO] | steps_accounts.py:39] > Validation Smoke code response= 204
2018-10-18 11:07:59,388 	 [INFO] | steps_accounts.py:13] > Configure Client
2018-10-18 11:07:59,394 	 [INFO] | steps_accounts.py:65] > Execute Request
2018-10-18 11:08:00,483 	 [INFO] | steps_accounts.py:39] > Validation Smoke code response= 200
2018-10-18 11:08:02,581 	 [INFO] | steps_accounts.py:13] > Configure Client
2018-10-18 11:08:02,586 	 [INFO] | steps_accounts.py:65] > Execute Request
2018-10-18 11:08:03,474 	 [INFO] | steps_accounts.py:39] > Validation Smoke code response= 200
2018-10-18 12:06:37,986 	 [INFO] | steps_accounts.py:22] > Configure Client
2018-10-18 12:06:38,038 	 [INFO] | steps_accounts.py:45] > Execute Request
2018-10-18 12:06:38,185 	 [INFO] | steps_accounts.py:13] > Configure Client
2018-10-18 12:06:38,187 	 [INFO] | steps_accounts.py:65] > Execute Request
2018-10-18 12:06:38,204 	 [INFO] | steps_accounts.py:13] > Configure Client
2018-10-18 12:06:38,205 	 [INFO] | steps_accounts.py:65] > Execute Request
2018-10-18 13:09:11,900 	 [INFO] | steps_accounts.py:22] > Configure Client
2018-10-18 13:09:11,901 	 [INFO] | steps_accounts.py:45] > Execute Request
2018-10-18 13:09:15,832 	 [INFO] | steps_accounts.py:39] > Validation Smoke code response= 200
2018-10-18 13:09:23,242 	 [INFO] | steps_accounts.py:22] > Configure Client
2018-10-18 13:09:23,243 	 [INFO] | steps_accounts.py:65] > Execute Request
2018-10-18 13:09:27,079 	 [INFO] | steps_accounts.py:39] > Validation Smoke code response= 200
2018-10-18 13:29:31,158 	 [INFO] | steps_accounts.py:24] > Configure Client
2018-10-18 13:29:31,160 	 [INFO] | steps_accounts.py:47] > Execute Request
2018-10-18 13:29:33,274 	 [INFO] | steps_accounts.py:24] > Configure Client
2018-10-18 13:29:33,276 	 [INFO] | steps_accounts.py:69] > Execute Request
2018-10-18 13:29:33,964 	 [INFO] | steps_accounts.py:41] > Validation Smoke code response= 200
2018-10-18 13:29:35,835 	 [INFO] | steps_accounts.py:15] > Configure Client
2018-10-18 13:29:35,835 	 [INFO] | steps_accounts.py:69] > Execute Request
2018-10-18 13:29:36,483 	 [INFO] | steps_accounts.py:41] > Validation Smoke code response= 200
2018-10-18 13:29:38,455 	 [INFO] | steps_accounts.py:24] > Configure Client
2018-10-18 13:29:38,458 	 [INFO] | steps_accounts.py:58] > Execute Request
2018-10-18 13:29:40,312 	 [INFO] | steps_accounts.py:24] > Configure Client
2018-10-18 13:29:40,313 	 [INFO] | steps_accounts.py:33] > Execute Request
2018-10-18 13:30:52,438 	 [INFO] | steps_accounts.py:24] > Configure Client
2018-10-18 13:30:52,439 	 [INFO] | steps_accounts.py:47] > Execute Request
2018-10-18 13:32:10,613 	 [INFO] | steps_accounts.py:24] > Configure Client
2018-10-18 13:32:10,615 	 [INFO] | steps_accounts.py:47] > Execute Request
2018-10-18 13:32:11,519 	 [INFO] | steps_accounts.py:41] > Validation Smoke code response= 200
2018-10-18 13:32:13,278 	 [INFO] | steps_accounts.py:24] > Configure Client
2018-10-18 13:32:13,280 	 [INFO] | steps_accounts.py:69] > Execute Request
2018-10-18 13:32:13,974 	 [INFO] | steps_accounts.py:41] > Validation Smoke code response= 200
2018-10-18 13:34:52,491 	 [INFO] | steps_accounts.py:24] > Configure Client
2018-10-18 13:34:52,492 	 [INFO] | steps_accounts.py:47] > Execute Request
2018-10-18 13:34:53,990 	 [INFO] | steps_accounts.py:41] > Validation Smoke code response= 200
2018-10-18 13:34:56,565 	 [INFO] | steps_accounts.py:24] > Configure Client
2018-10-18 13:34:56,568 	 [INFO] | steps_accounts.py:69] > Execute Request
2018-10-18 13:34:58,047 	 [INFO] | steps_accounts.py:41] > Validation Smoke code response= 200
2018-10-18 13:35:01,018 	 [INFO] | steps_accounts.py:15] > Configure Client
2018-10-18 13:35:01,021 	 [INFO] | steps_accounts.py:69] > Execute Request
2018-10-18 13:35:02,242 	 [INFO] | steps_accounts.py:41] > Validation Smoke code response= 200
2018-10-18 13:35:37,556 	 [INFO] | steps_accounts.py:24] > Configure Client
2018-10-18 13:35:37,557 	 [INFO] | steps_accounts.py:47] > Execute Request
2018-10-18 13:35:39,039 	 [INFO] | steps_accounts.py:41] > Validation Smoke code response= 200
2018-10-18 13:35:41,683 	 [INFO] | steps_accounts.py:24] > Configure Client
2018-10-18 13:35:41,685 	 [INFO] | steps_accounts.py:69] > Execute Request
2018-10-18 13:35:42,915 	 [INFO] | steps_accounts.py:41] > Validation Smoke code response= 200
2018-10-18 13:35:45,505 	 [INFO] | steps_accounts.py:15] > Configure Client
2018-10-18 13:35:45,507 	 [INFO] | steps_accounts.py:69] > Execute Request
2018-10-18 13:35:47,052 	 [INFO] | steps_accounts.py:41] > Validation Smoke code response= 200
2018-10-18 13:39:05,859 	 [INFO] | steps_accounts.py:24] > Configure Client
2018-10-18 13:39:05,861 	 [INFO] | steps_accounts.py:47] > Execute Request
2018-10-18 13:39:07,458 	 [INFO] | steps_accounts.py:41] > Validation Smoke code response= 200
2018-10-18 13:39:10,341 	 [INFO] | steps_accounts.py:24] > Configure Client
2018-10-18 13:39:10,344 	 [INFO] | steps_accounts.py:69] > Execute Request
2018-10-18 13:39:11,618 	 [INFO] | steps_accounts.py:41] > Validation Smoke code response= 200
2018-10-18 13:39:14,496 	 [INFO] | steps_accounts.py:15] > Configure Client
2018-10-18 13:39:14,499 	 [INFO] | steps_accounts.py:69] > Execute Request
2018-10-18 13:39:15,697 	 [INFO] | steps_accounts.py:41] > Validation Smoke code response= 200
2018-10-18 13:44:40,655 	 [INFO] | steps_accounts.py:24] > Configure Client
2018-10-18 13:44:40,657 	 [INFO] | steps_accounts.py:47] > Execute Request
2018-10-18 13:44:41,934 	 [INFO] | steps_accounts.py:41] > Validation Smoke code response= 200
2018-10-18 13:44:44,495 	 [INFO] | steps_accounts.py:24] > Configure Client
2018-10-18 13:44:44,496 	 [INFO] | steps_accounts.py:69] > Execute Request
2018-10-18 13:44:45,704 	 [INFO] | steps_accounts.py:41] > Validation Smoke code response= 200
2018-10-18 13:44:48,264 	 [INFO] | steps_accounts.py:15] > Configure Client
2018-10-18 13:44:48,265 	 [INFO] | steps_accounts.py:69] > Execute Request
2018-10-18 13:44:49,531 	 [INFO] | steps_accounts.py:41] > Validation Smoke code response= 200
2018-10-18 13:44:52,135 	 [INFO] | steps_accounts.py:24] > Configure Client
2018-10-18 13:44:52,137 	 [INFO] | steps_accounts.py:58] > Execute Request
2018-10-18 13:44:53,430 	 [INFO] | steps_accounts.py:41] > Validation Smoke code response= 200
2018-10-18 13:47:49,862 	 [INFO] | steps_accounts.py:24] > Configure Client
2018-10-18 13:47:49,863 	 [INFO] | steps_accounts.py:47] > Execute Request
2018-10-18 13:47:51,371 	 [INFO] | steps_accounts.py:41] > Validation Smoke code response= 200
2018-10-18 13:47:54,170 	 [INFO] | steps_accounts.py:24] > Configure Client
2018-10-18 13:47:54,172 	 [INFO] | steps_accounts.py:69] > Execute Request
2018-10-18 13:47:55,458 	 [INFO] | steps_accounts.py:41] > Validation Smoke code response= 200
2018-10-18 13:47:58,102 	 [INFO] | steps_accounts.py:15] > Configure Client
2018-10-18 13:47:58,105 	 [INFO] | steps_accounts.py:69] > Execute Request
2018-10-18 13:47:59,292 	 [INFO] | steps_accounts.py:41] > Validation Smoke code response= 200
2018-10-18 13:48:01,926 	 [INFO] | steps_accounts.py:24] > Configure Client
2018-10-18 13:48:01,927 	 [INFO] | steps_accounts.py:58] > Execute Request
2018-10-18 13:48:03,228 	 [INFO] | steps_accounts.py:41] > Validation Smoke code response= 200
2018-10-18 13:48:05,697 	 [INFO] | steps_accounts.py:24] > Configure Client
2018-10-18 13:48:05,701 	 [INFO] | steps_accounts.py:33] > Execute Request
2018-10-18 13:50:07,653 	 [INFO] | steps_accounts.py:24] > Configure Client
2018-10-18 13:50:07,654 	 [INFO] | steps_accounts.py:47] > Execute Request
2018-10-18 13:50:09,184 	 [INFO] | steps_accounts.py:41] > Validation Smoke code response= 200
2018-10-18 13:51:18,856 	 [INFO] | steps_accounts.py:24] > Configure Client
2018-10-18 13:51:18,857 	 [INFO] | steps_accounts.py:47] > Execute Request
2018-10-18 13:51:20,110 	 [INFO] | steps_accounts.py:41] > Validation Smoke code response= 200
2018-10-18 13:51:22,845 	 [INFO] | steps_accounts.py:24] > Configure Client
2018-10-18 13:51:22,849 	 [INFO] | steps_accounts.py:69] > Execute Request
2018-10-18 13:51:24,273 	 [INFO] | steps_accounts.py:41] > Validation Smoke code response= 200
2018-10-18 13:51:32,668 	 [INFO] | steps_accounts.py:15] > Configure Client
2018-10-18 13:51:32,670 	 [INFO] | steps_accounts.py:69] > Execute Request
2018-10-18 13:51:34,510 	 [INFO] | steps_accounts.py:41] > Validation Smoke code response= 200
2018-10-18 13:51:41,323 	 [INFO] | steps_accounts.py:24] > Configure Client
2018-10-18 13:51:41,323 	 [INFO] | steps_accounts.py:58] > Execute Request
2018-10-18 13:51:42,441 	 [INFO] | steps_accounts.py:41] > Validation Smoke code response= 200
2018-10-18 13:51:45,133 	 [INFO] | steps_accounts.py:24] > Configure Client
2018-10-18 13:51:45,135 	 [INFO] | steps_accounts.py:33] > Execute Request
2018-10-18 13:54:27,820 	 [INFO] | steps_accounts.py:24] > Configure Client
2018-10-18 13:54:27,822 	 [INFO] | steps_accounts.py:47] > Execute Request
2018-10-18 13:54:29,544 	 [INFO] | steps_accounts.py:41] > Validation Smoke code response= 200
2018-10-18 13:54:32,186 	 [INFO] | steps_accounts.py:24] > Configure Client
2018-10-18 13:54:32,189 	 [INFO] | steps_accounts.py:69] > Execute Request
2018-10-18 13:54:33,410 	 [INFO] | steps_accounts.py:41] > Validation Smoke code response= 200
2018-10-18 13:54:36,005 	 [INFO] | steps_accounts.py:15] > Configure Client
2018-10-18 13:54:36,007 	 [INFO] | steps_accounts.py:69] > Execute Request
2018-10-18 13:54:37,234 	 [INFO] | steps_accounts.py:41] > Validation Smoke code response= 200
2018-10-18 13:54:39,849 	 [INFO] | steps_accounts.py:24] > Configure Client
2018-10-18 13:54:39,850 	 [INFO] | steps_accounts.py:58] > Execute Request
2018-10-18 13:54:41,025 	 [INFO] | steps_accounts.py:41] > Validation Smoke code response= 200
2018-10-18 13:54:43,951 	 [INFO] | steps_accounts.py:24] > Configure Client
2018-10-18 13:54:43,955 	 [INFO] | steps_accounts.py:33] > Execute Request
2018-10-18 14:49:29,432 	 [INFO] | steps_accounts.py:24] > Configure Client
2018-10-18 14:49:29,435 	 [INFO] | steps_accounts.py:47] > Execute Request
2018-10-18 14:49:30,625 	 [INFO] | steps_accounts.py:41] > Validation Smoke code response= 200
2018-10-18 14:49:32,207 	 [INFO] | steps_accounts.py:24] > Configure Client
2018-10-18 14:49:32,216 	 [INFO] | steps_accounts.py:69] > Execute Request
2018-10-18 14:49:32,901 	 [INFO] | steps_accounts.py:41] > Validation Smoke code response= 200
2018-10-18 14:49:34,292 	 [INFO] | steps_accounts.py:15] > Configure Client
2018-10-18 14:49:34,298 	 [INFO] | steps_accounts.py:69] > Execute Request
2018-10-18 14:49:34,930 	 [INFO] | steps_accounts.py:41] > Validation Smoke code response= 200
2018-10-18 14:49:36,583 	 [INFO] | steps_accounts.py:24] > Configure Client
2018-10-18 14:49:36,588 	 [INFO] | steps_accounts.py:58] > Execute Request
2018-10-18 14:49:37,561 	 [INFO] | steps_accounts.py:41] > Validation Smoke code response= 200
2018-10-18 14:49:39,757 	 [INFO] | steps_accounts.py:24] > Configure Client
2018-10-18 14:49:39,765 	 [INFO] | steps_accounts.py:33] > Execute Request
2018-10-18 15:14:42,068 	 [INFO] | steps_accounts.py:25] > Configure Client
2018-10-18 15:14:42,070 	 [INFO] | steps_accounts.py:48] > Execute Request
2018-10-18 15:14:43,337 	 [INFO] | steps_accounts.py:25] > Configure Client
2018-10-18 15:14:43,344 	 [INFO] | steps_accounts.py:70] > Execute Request
2018-10-18 15:14:44,008 	 [INFO] | steps_accounts.py:42] > Validation Smoke code response= 200
2018-10-18 15:14:45,538 	 [INFO] | steps_accounts.py:16] > Configure Client
2018-10-18 15:14:45,544 	 [INFO] | steps_accounts.py:70] > Execute Request
2018-10-18 15:14:46,202 	 [INFO] | steps_accounts.py:42] > Validation Smoke code response= 200
2018-10-18 15:14:47,763 	 [INFO] | steps_accounts.py:25] > Configure Client
2018-10-18 15:14:47,767 	 [INFO] | steps_accounts.py:59] > Execute Request
2018-10-18 15:14:49,646 	 [INFO] | steps_accounts.py:25] > Configure Client
2018-10-18 15:14:49,654 	 [INFO] | steps_accounts.py:34] > Execute Request
2018-10-18 15:17:15,399 	 [INFO] | steps_accounts.py:25] > Configure Client
2018-10-18 15:17:15,401 	 [INFO] | steps_accounts.py:48] > Execute Request
2018-10-18 15:17:16,927 	 [INFO] | steps_accounts.py:42] > Validation Smoke code response= 200
2018-10-18 15:17:18,774 	 [INFO] | steps_accounts.py:25] > Configure Client
2018-10-18 15:17:18,780 	 [INFO] | steps_accounts.py:70] > Execute Request
2018-10-18 15:17:19,452 	 [INFO] | steps_accounts.py:42] > Validation Smoke code response= 200
2018-10-18 15:17:21,334 	 [INFO] | steps_accounts.py:16] > Configure Client
2018-10-18 15:17:21,342 	 [INFO] | steps_accounts.py:70] > Execute Request
2018-10-18 15:17:22,153 	 [INFO] | steps_accounts.py:42] > Validation Smoke code response= 200
2018-10-18 15:17:23,646 	 [INFO] | steps_accounts.py:25] > Configure Client
2018-10-18 15:17:23,653 	 [INFO] | steps_accounts.py:59] > Execute Request
2018-10-18 15:17:24,514 	 [INFO] | steps_accounts.py:42] > Validation Smoke code response= 200
2018-10-18 15:17:26,259 	 [INFO] | steps_accounts.py:25] > Configure Client
2018-10-18 15:17:26,265 	 [INFO] | steps_accounts.py:34] > Execute Request
2018-10-18 15:20:11,629 	 [INFO] | steps_accounts.py:25] > Configure Client
2018-10-18 15:20:11,632 	 [INFO] | steps_accounts.py:48] > Execute Request
2018-10-18 15:20:12,850 	 [INFO] | steps_accounts.py:42] > Validation Smoke code response= 200
2018-10-18 15:20:14,227 	 [INFO] | steps_accounts.py:25] > Configure Client
2018-10-18 15:20:14,233 	 [INFO] | steps_accounts.py:70] > Execute Request
2018-10-18 15:20:15,009 	 [INFO] | steps_accounts.py:42] > Validation Smoke code response= 200
2018-10-18 15:20:16,854 	 [INFO] | steps_accounts.py:16] > Configure Client
2018-10-18 15:20:16,859 	 [INFO] | steps_accounts.py:70] > Execute Request
2018-10-18 15:20:17,600 	 [INFO] | steps_accounts.py:42] > Validation Smoke code response= 200
2018-10-18 15:20:19,176 	 [INFO] | steps_accounts.py:25] > Configure Client
2018-10-18 15:20:19,183 	 [INFO] | steps_accounts.py:59] > Execute Request
2018-10-18 15:20:20,223 	 [INFO] | steps_accounts.py:42] > Validation Smoke code response= 200
2018-10-18 15:20:22,076 	 [INFO] | steps_accounts.py:25] > Configure Client
2018-10-18 15:20:22,080 	 [INFO] | steps_accounts.py:34] > Execute Request
2018-10-18 15:20:22,777 	 [INFO] | steps_accounts.py:42] > Validation Smoke code response= 204
2018-10-18 15:22:50,506 	 [INFO] | steps_accounts.py:25] > Configure Client
2018-10-18 15:22:50,508 	 [INFO] | steps_accounts.py:48] > Execute Request
2018-10-18 15:22:51,777 	 [INFO] | steps_accounts.py:42] > Validation Smoke code response= 200
2018-10-18 15:22:53,622 	 [INFO] | steps_accounts.py:25] > Configure Client
2018-10-18 15:22:53,629 	 [INFO] | steps_accounts.py:70] > Execute Request
2018-10-18 15:22:54,279 	 [INFO] | steps_accounts.py:42] > Validation Smoke code response= 200
2018-10-18 15:22:56,083 	 [INFO] | steps_accounts.py:16] > Configure Client
2018-10-18 15:22:56,093 	 [INFO] | steps_accounts.py:70] > Execute Request
2018-10-18 15:22:56,769 	 [INFO] | steps_accounts.py:42] > Validation Smoke code response= 200
2018-10-18 15:22:58,743 	 [INFO] | steps_accounts.py:25] > Configure Client
2018-10-18 15:22:58,750 	 [INFO] | steps_accounts.py:59] > Execute Request
2018-10-18 15:22:59,975 	 [INFO] | steps_accounts.py:42] > Validation Smoke code response= 200
2018-10-18 15:23:01,609 	 [INFO] | steps_accounts.py:25] > Configure Client
2018-10-18 15:23:01,615 	 [INFO] | steps_accounts.py:34] > Execute Request
2018-10-18 15:23:02,617 	 [INFO] | steps_accounts.py:42] > Validation Smoke code response= 204
2018-10-18 15:23:04,273 	 [INFO] | steps_accounts.py:16] > Configure Client
2018-10-18 15:23:04,278 	 [INFO] | steps_accounts.py:70] > Execute Request
2018-10-18 15:23:04,915 	 [INFO] | steps_accounts.py:42] > Validation Smoke code response= 404
2018-10-18 16:27:45,290 	 [INFO] | steps_accounts.py:25] > Configure Client
2018-10-18 16:27:45,295 	 [INFO] | steps_accounts.py:48] > Execute Request
2018-10-18 16:28:24,614 	 [INFO] | steps_accounts.py:25] > Configure Client
2018-10-18 16:28:24,618 	 [INFO] | steps_accounts.py:70] > Execute Request
2018-10-18 16:28:27,137 	 [INFO] | steps_accounts.py:42] > Validation Smoke code response= 200
2018-10-18 16:28:32,964 	 [INFO] | steps_accounts.py:16] > Configure Client
2018-10-18 16:28:32,968 	 [INFO] | steps_accounts.py:70] > Execute Request
2018-10-18 16:28:34,804 	 [INFO] | steps_accounts.py:42] > Validation Smoke code response= 200
2018-10-18 16:28:38,087 	 [INFO] | steps_accounts.py:25] > Configure Client
2018-10-18 16:28:38,090 	 [INFO] | steps_accounts.py:59] > Execute Request
2018-10-18 16:28:42,593 	 [INFO] | steps_accounts.py:42] > Validation Smoke code response= 200
2018-10-18 16:28:49,884 	 [INFO] | steps_accounts.py:25] > Configure Client
2018-10-18 16:28:49,888 	 [INFO] | steps_accounts.py:34] > Execute Request
2018-10-18 16:28:53,035 	 [INFO] | steps_accounts.py:42] > Validation Smoke code response= 204
2018-10-18 16:28:58,871 	 [INFO] | steps_accounts.py:16] > Configure Client
2018-10-18 16:28:58,877 	 [INFO] | steps_accounts.py:70] > Execute Request
2018-10-18 16:29:02,454 	 [INFO] | steps_accounts.py:42] > Validation Smoke code response= 404
2018-10-18 17:00:34,061 	 [INFO] | steps_accounts.py:25] > Configure Client
2018-10-18 17:00:34,063 	 [INFO] | steps_accounts.py:48] > Execute Request
2018-10-18 17:00:38,207 	 [INFO] | steps_accounts.py:42] > Validation Smoke code response= 200
2018-10-18 17:00:56,789 	 [INFO] | steps_accounts.py:16] > Configure Client
2018-10-18 17:00:56,790 	 [INFO] | steps_accounts.py:70] > Execute Request
2018-10-18 17:01:00,171 	 [INFO] | steps_accounts.py:42] > Validation Smoke code response= 200
2018-10-18 17:18:57,224 	 [INFO] | steps_accounts.py:25] > Configure Client
2018-10-18 17:18:57,226 	 [INFO] | steps_accounts.py:48] > Execute Request
2018-10-18 17:18:58,210 	 [INFO] | steps_accounts.py:42] > Validation Smoke code response= 200
2018-10-18 17:19:30,550 	 [INFO] | steps_accounts.py:25] > Configure Client
2018-10-18 17:19:30,552 	 [INFO] | steps_accounts.py:48] > Execute Request
2018-10-18 17:19:32,205 	 [INFO] | steps_accounts.py:42] > Validation Smoke code response= 200
2018-10-18 17:19:34,018 	 [INFO] | steps_accounts.py:25] > Configure Client
2018-10-18 17:19:34,019 	 [INFO] | steps_accounts.py:70] > Execute Request
2018-10-18 17:19:35,069 	 [INFO] | steps_accounts.py:42] > Validation Smoke code response= 200
2018-10-18 17:19:36,913 	 [INFO] | steps_accounts.py:16] > Configure Client
2018-10-18 17:19:36,914 	 [INFO] | steps_accounts.py:70] > Execute Request
2018-10-18 17:19:37,668 	 [INFO] | steps_accounts.py:42] > Validation Smoke code response= 200
2018-10-18 17:19:39,453 	 [INFO] | steps_accounts.py:25] > Configure Client
2018-10-18 17:19:39,454 	 [INFO] | steps_accounts.py:59] > Execute Request
2018-10-18 17:19:40,599 	 [INFO] | steps_accounts.py:42] > Validation Smoke code response= 200
2018-10-18 17:19:42,213 	 [INFO] | steps_accounts.py:25] > Configure Client
2018-10-18 17:19:42,214 	 [INFO] | steps_accounts.py:34] > Execute Request
2018-10-18 17:19:42,992 	 [INFO] | steps_accounts.py:42] > Validation Smoke code response= 204
2018-10-18 17:19:44,900 	 [INFO] | steps_accounts.py:16] > Configure Client
2018-10-18 17:19:44,901 	 [INFO] | steps_accounts.py:70] > Execute Request
2018-10-18 17:19:45,550 	 [INFO] | steps_accounts.py:42] > Validation Smoke code response= 404
2018-10-18 20:41:02,820 	 [INFO] | steps_accounts.py:25] > Configure Client
2018-10-18 20:41:02,821 	 [INFO] | steps_accounts.py:48] > Execute Request
2018-10-18 20:41:04,264 	 [INFO] | steps_accounts.py:42] > Validation Smoke code response= 200
2018-10-18 20:41:07,947 	 [INFO] | steps_accounts.py:25] > Configure Client
2018-10-18 20:41:07,952 	 [INFO] | steps_accounts.py:70] > Execute Request
2018-10-18 20:41:10,894 	 [INFO] | steps_accounts.py:42] > Validation Smoke code response= 200
2018-10-18 20:41:13,474 	 [INFO] | steps_accounts.py:16] > Configure Client
2018-10-18 20:41:13,478 	 [INFO] | steps_accounts.py:70] > Execute Request
2018-10-18 20:41:14,799 	 [INFO] | steps_accounts.py:42] > Validation Smoke code response= 200
2018-10-18 20:41:17,073 	 [INFO] | steps_accounts.py:25] > Configure Client
2018-10-18 20:41:17,077 	 [INFO] | steps_accounts.py:59] > Execute Request
2018-10-18 20:41:21,047 	 [INFO] | steps_accounts.py:42] > Validation Smoke code response= 200
2018-10-18 20:41:24,205 	 [INFO] | steps_accounts.py:25] > Configure Client
2018-10-18 20:41:24,209 	 [INFO] | steps_accounts.py:34] > Execute Request
2018-10-18 20:41:25,571 	 [INFO] | steps_accounts.py:42] > Validation Smoke code response= 204
2018-10-18 20:41:26,784 	 [INFO] | steps_accounts.py:25] > Configure Client
2018-10-18 20:41:26,788 	 [INFO] | steps_accounts.py:70] > Execute Request
2018-10-18 20:41:27,661 	 [INFO] | steps_accounts.py:42] > Validation Smoke code response= 200
2018-10-18 20:41:27,669 	 [INFO] | steps_accounts.py:16] > Configure Client
2018-10-18 20:44:12,278 	 [INFO] | steps_accounts.py:25] > Configure Client
2018-10-18 20:44:12,279 	 [INFO] | steps_accounts.py:48] > Execute Request
2018-10-18 20:44:13,120 	 [INFO] | steps_accounts.py:42] > Validation Smoke code response= 200
2018-10-18 20:44:15,082 	 [INFO] | steps_accounts.py:25] > Configure Client
2018-10-18 20:44:15,085 	 [INFO] | steps_accounts.py:70] > Execute Request
2018-10-18 20:44:16,361 	 [INFO] | steps_accounts.py:42] > Validation Smoke code response= 200
2018-10-18 20:44:19,237 	 [INFO] | steps_accounts.py:16] > Configure Client
2018-10-18 20:44:19,241 	 [INFO] | steps_accounts.py:70] > Execute Request
2018-10-18 20:44:20,049 	 [INFO] | steps_accounts.py:42] > Validation Smoke code response= 200
2018-10-18 20:44:21,989 	 [INFO] | steps_accounts.py:25] > Configure Client
2018-10-18 20:44:21,993 	 [INFO] | steps_accounts.py:59] > Execute Request
2018-10-18 20:44:23,115 	 [INFO] | steps_accounts.py:42] > Validation Smoke code response= 200
2018-10-18 20:44:24,864 	 [INFO] | steps_accounts.py:25] > Configure Client
2018-10-18 20:44:24,868 	 [INFO] | steps_accounts.py:34] > Execute Request
2018-10-18 20:44:26,084 	 [INFO] | steps_accounts.py:42] > Validation Smoke code response= 204
2018-10-18 20:44:27,334 	 [INFO] | steps_accounts.py:25] > Configure Client
2018-10-18 20:44:27,338 	 [INFO] | steps_accounts.py:70] > Execute Request
2018-10-18 20:44:28,871 	 [INFO] | steps_accounts.py:42] > Validation Smoke code response= 200
2018-10-18 20:44:29,800 	 [INFO] | steps_accounts.py:16] > Configure Client
2018-10-18 20:44:29,805 	 [INFO] | steps_accounts.py:70] > Execute Request
2018-10-18 20:44:30,664 	 [INFO] | steps_accounts.py:42] > Validation Smoke code response= 404
2018-10-18 20:48:01,409 	 [INFO] | steps_accounts.py:25] > Configure Client
2018-10-18 20:48:01,412 	 [INFO] | steps_accounts.py:48] > Execute Request
2018-10-18 20:48:02,257 	 [INFO] | steps_accounts.py:42] > Validation Smoke code response= 200
2018-10-18 20:48:04,173 	 [INFO] | steps_accounts.py:25] > Configure Client
2018-10-18 20:48:04,177 	 [INFO] | steps_accounts.py:70] > Execute Request
2018-10-18 20:48:05,224 	 [INFO] | steps_accounts.py:42] > Validation Smoke code response= 200
2018-10-18 20:48:07,574 	 [INFO] | steps_accounts.py:16] > Configure Client
2018-10-18 20:48:07,578 	 [INFO] | steps_accounts.py:70] > Execute Request
2018-10-18 20:48:08,699 	 [INFO] | steps_accounts.py:42] > Validation Smoke code response= 200
2018-10-18 20:48:10,815 	 [INFO] | steps_accounts.py:25] > Configure Client
2018-10-18 20:48:10,820 	 [INFO] | steps_accounts.py:59] > Execute Request
2018-10-18 20:48:11,977 	 [INFO] | steps_accounts.py:42] > Validation Smoke code response= 200
2018-10-18 20:48:14,497 	 [INFO] | steps_accounts.py:25] > Configure Client
2018-10-18 20:48:14,500 	 [INFO] | steps_accounts.py:34] > Execute Request
2018-10-18 20:48:15,358 	 [INFO] | steps_accounts.py:42] > Validation Smoke code response= 204
2018-10-18 20:48:16,381 	 [INFO] | steps_accounts.py:25] > Configure Client
2018-10-18 20:48:16,385 	 [INFO] | steps_accounts.py:70] > Execute Request
2018-10-18 20:48:17,610 	 [INFO] | steps_accounts.py:42] > Validation Smoke code response= 200
2018-10-18 20:50:53,839 	 [INFO] | steps_accounts.py:25] > Configure Client
2018-10-18 20:50:53,842 	 [INFO] | steps_accounts.py:48] > Execute Request
2018-10-18 20:50:54,993 	 [INFO] | steps_accounts.py:42] > Validation Smoke code response= 200
2018-10-18 20:50:56,946 	 [INFO] | steps_accounts.py:25] > Configure Client
2018-10-18 20:50:56,948 	 [INFO] | steps_accounts.py:70] > Execute Request
2018-10-18 20:50:57,872 	 [INFO] | steps_accounts.py:42] > Validation Smoke code response= 200
2018-10-18 20:50:59,814 	 [INFO] | steps_accounts.py:16] > Configure Client
2018-10-18 20:50:59,819 	 [INFO] | steps_accounts.py:70] > Execute Request
2018-10-18 20:51:00,524 	 [INFO] | steps_accounts.py:42] > Validation Smoke code response= 200
2018-10-18 20:51:02,577 	 [INFO] | steps_accounts.py:25] > Configure Client
2018-10-18 20:51:02,582 	 [INFO] | steps_accounts.py:59] > Execute Request
2018-10-18 20:51:03,908 	 [INFO] | steps_accounts.py:42] > Validation Smoke code response= 200
2018-10-18 20:51:05,716 	 [INFO] | steps_accounts.py:25] > Configure Client
2018-10-18 20:51:05,720 	 [INFO] | steps_accounts.py:34] > Execute Request
2018-10-18 20:51:06,875 	 [INFO] | steps_accounts.py:42] > Validation Smoke code response= 204
2018-10-18 20:51:08,108 	 [INFO] | steps_accounts.py:25] > Configure Client
2018-10-18 20:51:08,111 	 [INFO] | steps_accounts.py:70] > Execute Request
2018-10-18 20:51:09,274 	 [INFO] | steps_accounts.py:42] > Validation Smoke code response= 200
2018-10-18 20:51:10,525 	 [INFO] | steps_accounts.py:16] > Configure Client
2018-10-18 20:51:10,528 	 [INFO] | steps_accounts.py:70] > Execute Request
2018-10-18 20:51:11,686 	 [INFO] | steps_accounts.py:42] > Validation Smoke code response= 200
2018-10-18 20:52:51,554 	 [INFO] | steps_accounts.py:25] > Configure Client
2018-10-18 20:52:51,556 	 [INFO] | steps_accounts.py:48] > Execute Request
2018-10-18 20:52:53,986 	 [INFO] | steps_accounts.py:42] > Validation Smoke code response= 200
2018-10-18 20:53:00,544 	 [INFO] | steps_accounts.py:25] > Configure Client
2018-10-18 20:53:00,548 	 [INFO] | steps_accounts.py:70] > Execute Request
2018-10-18 20:53:01,539 	 [INFO] | steps_accounts.py:42] > Validation Smoke code response= 200
2018-10-18 20:53:03,163 	 [INFO] | steps_accounts.py:16] > Configure Client
2018-10-18 20:53:03,167 	 [INFO] | steps_accounts.py:70] > Execute Request
2018-10-18 20:53:04,022 	 [INFO] | steps_accounts.py:42] > Validation Smoke code response= 200
2018-10-18 20:53:05,820 	 [INFO] | steps_accounts.py:25] > Configure Client
2018-10-18 20:53:05,824 	 [INFO] | steps_accounts.py:59] > Execute Request
2018-10-18 20:53:06,890 	 [INFO] | steps_accounts.py:42] > Validation Smoke code response= 200
2018-10-18 20:53:08,975 	 [INFO] | steps_accounts.py:25] > Configure Client
2018-10-18 20:53:08,979 	 [INFO] | steps_accounts.py:34] > Execute Request
2018-10-18 20:53:10,368 	 [INFO] | steps_accounts.py:42] > Validation Smoke code response= 204
2018-10-18 20:53:11,359 	 [INFO] | steps_accounts.py:25] > Configure Client
2018-10-18 20:53:11,362 	 [INFO] | steps_accounts.py:70] > Execute Request
2018-10-18 20:53:12,318 	 [INFO] | steps_accounts.py:42] > Validation Smoke code response= 200
2018-10-18 20:53:13,198 	 [INFO] | steps_accounts.py:16] > Configure Client
2018-10-18 20:53:13,204 	 [INFO] | steps_accounts.py:70] > Execute Request
2018-10-18 20:53:13,900 	 [INFO] | steps_accounts.py:42] > Validation Smoke code response= 200
2018-10-18 20:53:15,081 	 [INFO] | steps_accounts.py:25] > Configure Client
2018-10-18 20:53:15,086 	 [INFO] | steps_accounts.py:70] > Execute Request
2018-10-18 20:53:16,205 	 [INFO] | steps_accounts.py:42] > Validation Smoke code response= 200
2018-10-18 20:55:15,354 	 [INFO] | steps_accounts.py:25] > Configure Client
2018-10-18 20:55:15,357 	 [INFO] | steps_accounts.py:48] > Execute Request
2018-10-18 20:55:17,098 	 [INFO] | steps_accounts.py:42] > Validation Smoke code response= 200
2018-10-18 20:55:19,500 	 [INFO] | steps_accounts.py:25] > Configure Client
2018-10-18 20:55:19,505 	 [INFO] | steps_accounts.py:70] > Execute Request
2018-10-18 20:55:20,416 	 [INFO] | steps_accounts.py:42] > Validation Smoke code response= 200
2018-10-18 20:55:22,362 	 [INFO] | steps_accounts.py:16] > Configure Client
2018-10-18 20:55:22,367 	 [INFO] | steps_accounts.py:70] > Execute Request
2018-10-18 20:55:23,079 	 [INFO] | steps_accounts.py:42] > Validation Smoke code response= 200
2018-10-18 20:55:25,537 	 [INFO] | steps_accounts.py:25] > Configure Client
2018-10-18 20:55:25,541 	 [INFO] | steps_accounts.py:59] > Execute Request
2018-10-18 20:55:26,769 	 [INFO] | steps_accounts.py:42] > Validation Smoke code response= 200
2018-10-18 20:55:30,146 	 [INFO] | steps_accounts.py:25] > Configure Client
2018-10-18 20:55:30,150 	 [INFO] | steps_accounts.py:34] > Execute Request
2018-10-18 20:55:31,166 	 [INFO] | steps_accounts.py:42] > Validation Smoke code response= 204
2018-10-18 20:55:31,922 	 [INFO] | steps_accounts.py:25] > Configure Client
2018-10-18 20:55:31,925 	 [INFO] | steps_accounts.py:70] > Execute Request
2018-10-18 20:55:33,011 	 [INFO] | steps_accounts.py:42] > Validation Smoke code response= 200
2018-10-18 20:55:34,036 	 [INFO] | steps_accounts.py:16] > Configure Client
2018-10-18 20:55:34,040 	 [INFO] | steps_accounts.py:70] > Execute Request
2018-10-18 20:55:35,188 	 [INFO] | steps_accounts.py:42] > Validation Smoke code response= 200
2018-10-18 20:55:36,088 	 [INFO] | steps_accounts.py:25] > Configure Client
2018-10-18 20:55:36,091 	 [INFO] | steps_accounts.py:70] > Execute Request
2018-10-18 20:55:37,018 	 [INFO] | steps_accounts.py:42] > Validation Smoke code response= 200
2018-10-18 20:55:37,028 	 [INFO] | steps_accounts.py:25] > Configure Client
2018-10-18 20:55:37,033 	 [INFO] | steps_accounts.py:70] > Execute Request
2018-10-18 20:55:38,236 	 [INFO] | steps_accounts.py:42] > Validation Smoke code response= 200
2018-10-18 22:26:31,452 	 [INFO] | steps_accounts.py:25] > Configure Client
2018-10-18 22:26:31,454 	 [INFO] | steps_accounts.py:48] > Execute Request
2018-10-18 22:26:32,304 	 [INFO] | steps_accounts.py:42] > Validation Smoke code response= 200
2018-10-18 22:26:35,401 	 [INFO] | steps_accounts.py:25] > Configure Client
2018-10-18 22:26:36,221 	 [INFO] | steps_accounts.py:25] > Configure Client
2018-10-18 22:26:36,231 	 [INFO] | steps_accounts.py:25] > Configure Client
2018-10-18 22:28:41,904 	 [INFO] | steps_accounts.py:25] > Configure Client
2018-10-18 22:28:41,906 	 [INFO] | steps_accounts.py:48] > Execute Request
2018-10-18 22:28:42,829 	 [INFO] | steps_accounts.py:42] > Validation Smoke code response= 200
2018-10-18 22:28:43,636 	 [INFO] | steps_accounts.py:25] > Configure Client
2018-10-18 22:28:43,640 	 [INFO] | steps_accounts.py:70] > Execute Request
2018-10-18 22:28:44,410 	 [INFO] | steps_accounts.py:42] > Validation Smoke code response= 200
2018-10-18 22:28:47,144 	 [INFO] | steps_accounts.py:25] > Configure Client
2018-10-18 22:28:48,115 	 [INFO] | steps_accounts.py:25] > Configure Client
2018-10-18 22:28:48,126 	 [INFO] | steps_accounts.py:25] > Configure Client
2018-10-18 22:37:54,490 	 [INFO] | steps_accounts.py:25] > Configure Client
2018-10-18 22:37:54,492 	 [INFO] | steps_accounts.py:48] > Execute Request
2018-10-18 22:37:55,642 	 [INFO] | steps_accounts.py:42] > Validation Smoke code response= 200
2018-10-18 22:37:56,412 	 [INFO] | steps_accounts.py:25] > Configure Client
2018-10-18 22:37:56,416 	 [INFO] | steps_accounts.py:70] > Execute Request
2018-10-18 22:37:57,084 	 [INFO] | steps_accounts.py:42] > Validation Smoke code response= 200
2018-10-18 22:38:00,195 	 [INFO] | steps_accounts.py:25] > Configure Client
2018-10-18 22:38:01,174 	 [INFO] | steps_accounts.py:25] > Configure Client
2018-10-18 22:38:01,183 	 [INFO] | steps_accounts.py:25] > Configure Client
2018-10-18 22:43:58,298 	 [INFO] | steps_accounts.py:25] > Configure Client
2018-10-18 22:43:58,300 	 [INFO] | steps_accounts.py:48] > Execute Request
2018-10-18 22:43:59,520 	 [INFO] | steps_accounts.py:42] > Validation Smoke code response= 200
2018-10-18 22:44:01,602 	 [INFO] | steps_accounts.py:25] > Configure Client
2018-10-18 22:44:01,606 	 [INFO] | steps_accounts.py:70] > Execute Request
2018-10-18 22:44:02,342 	 [INFO] | steps_accounts.py:42] > Validation Smoke code response= 200
2018-10-18 22:44:04,030 	 [INFO] | steps_accounts.py:16] > Configure Client
2018-10-18 22:44:04,035 	 [INFO] | steps_accounts.py:70] > Execute Request
2018-10-18 22:44:04,792 	 [INFO] | steps_accounts.py:42] > Validation Smoke code response= 200
2018-10-18 22:44:06,313 	 [INFO] | steps_accounts.py:25] > Configure Client
2018-10-18 22:44:08,069 	 [INFO] | steps_accounts.py:25] > Configure Client
2018-10-18 22:44:08,951 	 [INFO] | steps_accounts.py:25] > Configure Client
2018-10-18 22:44:09,767 	 [INFO] | steps_accounts.py:16] > Configure Client
2018-10-18 22:44:10,643 	 [INFO] | steps_accounts.py:25] > Configure Client
2018-10-18 22:44:10,653 	 [INFO] | steps_accounts.py:25] > Configure Client
2018-10-18 22:48:05,821 	 [INFO] | steps_accounts.py:25] > Configure Client
2018-10-18 22:48:05,823 	 [INFO] | steps_accounts.py:48] > Execute Request
2018-10-18 22:48:06,103 	 [INFO] | steps_accounts.py:25] > Configure Client
2018-10-18 22:48:06,108 	 [INFO] | steps_accounts.py:48] > Execute Request
2018-10-18 22:48:06,560 	 [INFO] | steps_accounts.py:42] > Validation Smoke code response= 200
2018-10-18 22:48:07,861 	 [INFO] | steps_accounts.py:25] > Configure Client
2018-10-18 22:48:07,865 	 [INFO] | steps_accounts.py:70] > Execute Request
2018-10-18 22:48:08,857 	 [INFO] | steps_accounts.py:42] > Validation Smoke code response= 200
2018-10-18 22:48:10,349 	 [INFO] | steps_accounts.py:25] > Configure Client
2018-10-18 22:48:11,260 	 [INFO] | steps_accounts.py:25] > Configure Client
2018-10-18 22:48:11,990 	 [INFO] | steps_accounts.py:25] > Configure Client
2018-10-18 22:48:12,911 	 [INFO] | steps_accounts.py:25] > Configure Client
2018-10-18 22:48:12,912 	 [INFO] | steps_accounts.py:16] > Configure Client
2018-10-18 22:48:13,628 	 [INFO] | steps_accounts.py:25] > Configure Client
2018-10-18 22:48:13,639 	 [INFO] | steps_accounts.py:25] > Configure Client
2018-10-18 22:48:13,663 	 [INFO] | steps_accounts.py:25] > Configure Client
2018-10-18 22:48:14,513 	 [INFO] | steps_accounts.py:16] > Configure Client
2018-10-18 22:48:15,372 	 [INFO] | steps_accounts.py:25] > Configure Client
2018-10-18 22:48:15,381 	 [INFO] | steps_accounts.py:25] > Configure Client
2018-10-18 22:48:44,572 	 [INFO] | steps_accounts.py:25] > Configure Client
2018-10-18 22:48:44,574 	 [INFO] | steps_accounts.py:48] > Execute Request
2018-10-18 22:48:45,450 	 [INFO] | steps_accounts.py:42] > Validation Smoke code response= 200
2018-10-18 22:48:47,246 	 [INFO] | steps_accounts.py:25] > Configure Client
2018-10-18 22:48:47,250 	 [INFO] | steps_accounts.py:70] > Execute Request
2018-10-18 22:48:48,453 	 [INFO] | steps_accounts.py:42] > Validation Smoke code response= 200
2018-10-18 22:48:50,169 	 [INFO] | steps_accounts.py:16] > Configure Client
2018-10-18 22:48:50,173 	 [INFO] | steps_accounts.py:70] > Execute Request
2018-10-18 22:48:51,013 	 [INFO] | steps_accounts.py:42] > Validation Smoke code response= 200
2018-10-18 22:48:52,840 	 [INFO] | steps_accounts.py:25] > Configure Client
2018-10-18 22:48:54,567 	 [INFO] | steps_accounts.py:25] > Configure Client
2018-10-18 22:48:55,331 	 [INFO] | steps_accounts.py:25] > Configure Client
2018-10-18 22:48:56,124 	 [INFO] | steps_accounts.py:16] > Configure Client
2018-10-18 22:48:56,784 	 [INFO] | steps_accounts.py:25] > Configure Client
2018-10-18 22:48:56,795 	 [INFO] | steps_accounts.py:25] > Configure Client
2018-10-18 22:49:35,129 	 [INFO] | steps_accounts.py:25] > Configure Client
2018-10-18 22:49:35,132 	 [INFO] | steps_accounts.py:48] > Execute Request
2018-10-18 22:49:36,123 	 [INFO] | steps_accounts.py:42] > Validation Smoke code response= 200
2018-10-18 22:49:37,842 	 [INFO] | steps_accounts.py:25] > Configure Client
2018-10-18 22:49:37,846 	 [INFO] | steps_accounts.py:70] > Execute Request
2018-10-18 22:49:38,719 	 [INFO] | steps_accounts.py:42] > Validation Smoke code response= 200
2018-10-18 22:49:40,444 	 [INFO] | steps_accounts.py:16] > Configure Client
2018-10-18 22:49:40,449 	 [INFO] | steps_accounts.py:70] > Execute Request
2018-10-18 22:49:41,206 	 [INFO] | steps_accounts.py:42] > Validation Smoke code response= 200
2018-10-18 22:49:42,953 	 [INFO] | steps_accounts.py:25] > Configure Client
2018-10-18 22:49:44,630 	 [INFO] | steps_accounts.py:25] > Configure Client
2018-10-18 22:49:45,299 	 [INFO] | steps_accounts.py:25] > Configure Client
2018-10-18 22:49:46,085 	 [INFO] | steps_accounts.py:16] > Configure Client
2018-10-18 22:49:46,969 	 [INFO] | steps_accounts.py:25] > Configure Client
2018-10-18 22:49:46,980 	 [INFO] | steps_accounts.py:25] > Configure Client
2018-10-18 22:50:23,911 	 [INFO] | steps_accounts.py:25] > Configure Client
2018-10-18 22:50:23,914 	 [INFO] | steps_accounts.py:48] > Execute Request
2018-10-18 22:50:24,756 	 [INFO] | steps_accounts.py:42] > Validation Smoke code response= 200
2018-10-18 22:50:26,662 	 [INFO] | steps_accounts.py:25] > Configure Client
2018-10-18 22:50:26,667 	 [INFO] | steps_accounts.py:70] > Execute Request
2018-10-18 22:50:27,467 	 [INFO] | steps_accounts.py:42] > Validation Smoke code response= 200
2018-10-18 22:50:29,267 	 [INFO] | steps_accounts.py:16] > Configure Client
2018-10-18 22:50:29,271 	 [INFO] | steps_accounts.py:70] > Execute Request
2018-10-18 22:50:30,008 	 [INFO] | steps_accounts.py:42] > Validation Smoke code response= 200
2018-10-18 22:50:31,767 	 [INFO] | steps_accounts.py:25] > Configure Client
2018-10-18 22:50:33,398 	 [INFO] | steps_accounts.py:25] > Configure Client
2018-10-18 22:50:34,168 	 [INFO] | steps_accounts.py:25] > Configure Client
2018-10-18 22:50:34,921 	 [INFO] | steps_accounts.py:16] > Configure Client
2018-10-18 22:50:35,810 	 [INFO] | steps_accounts.py:25] > Configure Client
2018-10-18 22:50:35,822 	 [INFO] | steps_accounts.py:25] > Configure Client
2018-10-18 22:57:25,278 	 [INFO] | steps_accounts.py:25] > Configure Client
2018-10-18 22:57:25,280 	 [INFO] | steps_accounts.py:48] > Execute Request
2018-10-18 22:57:26,167 	 [INFO] | steps_accounts.py:42] > Validation Smoke code response= 200
2018-10-18 22:57:27,771 	 [INFO] | steps_accounts.py:25] > Configure Client
2018-10-18 22:57:27,776 	 [INFO] | steps_accounts.py:70] > Execute Request
2018-10-18 22:57:28,732 	 [INFO] | steps_accounts.py:42] > Validation Smoke code response= 200
2018-10-18 22:57:30,779 	 [INFO] | steps_accounts.py:16] > Configure Client
2018-10-18 22:57:30,783 	 [INFO] | steps_accounts.py:70] > Execute Request
2018-10-18 22:57:31,604 	 [INFO] | steps_accounts.py:42] > Validation Smoke code response= 200
2018-10-18 22:57:33,302 	 [INFO] | steps_accounts.py:25] > Configure Client
2018-10-18 22:57:34,851 	 [INFO] | steps_accounts.py:25] > Configure Client
2018-10-18 22:57:35,594 	 [INFO] | steps_accounts.py:25] > Configure Client
2018-10-18 22:57:36,628 	 [INFO] | steps_accounts.py:16] > Configure Client
2018-10-18 22:57:37,475 	 [INFO] | steps_accounts.py:25] > Configure Client
2018-10-18 22:57:37,485 	 [INFO] | steps_accounts.py:25] > Configure Client
2018-10-18 22:58:58,803 	 [INFO] | steps_accounts.py:25] > Configure Client
2018-10-18 22:58:58,805 	 [INFO] | steps_accounts.py:48] > Execute Request
2018-10-18 22:58:59,867 	 [INFO] | steps_accounts.py:42] > Validation Smoke code response= 200
2018-10-18 22:59:01,558 	 [INFO] | steps_accounts.py:25] > Configure Client
2018-10-18 22:59:01,562 	 [INFO] | steps_accounts.py:70] > Execute Request
2018-10-18 22:59:02,330 	 [INFO] | steps_accounts.py:42] > Validation Smoke code response= 200
2018-10-18 22:59:03,962 	 [INFO] | steps_accounts.py:16] > Configure Client
2018-10-18 22:59:03,966 	 [INFO] | steps_accounts.py:70] > Execute Request
2018-10-18 22:59:04,779 	 [INFO] | steps_accounts.py:42] > Validation Smoke code response= 200
2018-10-18 22:59:06,369 	 [INFO] | steps_accounts.py:25] > Configure Client
2018-10-18 22:59:07,995 	 [INFO] | steps_accounts.py:25] > Configure Client
2018-10-18 22:59:08,831 	 [INFO] | steps_accounts.py:25] > Configure Client
2018-10-18 22:59:09,902 	 [INFO] | steps_accounts.py:16] > Configure Client
2018-10-18 22:59:10,726 	 [INFO] | steps_accounts.py:25] > Configure Client
2018-10-18 22:59:10,736 	 [INFO] | steps_accounts.py:25] > Configure Client
2018-10-18 23:26:46,286 	 [INFO] | steps_accounts.py:25] > Configure Client
2018-10-18 23:26:46,287 	 [INFO] | steps_accounts.py:55] > Execute Request
2018-10-18 23:26:47,203 	 [INFO] | steps_accounts.py:49] > Validation Smoke code response= 200
2018-10-18 23:26:48,858 	 [INFO] | steps_accounts.py:25] > Configure Client
2018-10-18 23:26:48,860 	 [INFO] | steps_accounts.py:77] > Execute Request
2018-10-18 23:26:49,671 	 [INFO] | steps_accounts.py:49] > Validation Smoke code response= 200
2018-10-18 23:26:52,020 	 [INFO] | steps_accounts.py:25] > Configure Client
2018-10-18 23:26:53,847 	 [INFO] | steps_accounts.py:25] > Configure Client
2018-10-18 23:26:55,656 	 [INFO] | steps_accounts.py:25] > Configure Client
2018-10-18 23:26:56,588 	 [INFO] | steps_accounts.py:25] > Configure Client
2018-10-18 23:27:02,789 	 [INFO] | steps_accounts.py:16] > Configure Client
2018-10-18 23:27:04,927 	 [INFO] | steps_accounts.py:25] > Configure Client
2018-10-18 23:27:04,929 	 [INFO] | steps_accounts.py:25] > Configure Client
2018-10-18 23:29:00,966 	 [INFO] | steps_accounts.py:25] > Configure Client
2018-10-18 23:29:00,968 	 [INFO] | steps_accounts.py:55] > Execute Request
2018-10-18 23:29:02,375 	 [INFO] | steps_accounts.py:49] > Validation Smoke code response= 200
2018-10-18 23:29:04,151 	 [INFO] | steps_accounts.py:25] > Configure Client
2018-10-18 23:29:04,153 	 [INFO] | steps_accounts.py:77] > Execute Request
2018-10-18 23:29:05,716 	 [INFO] | steps_accounts.py:49] > Validation Smoke code response= 200
2018-10-18 23:29:10,940 	 [INFO] | steps_accounts.py:25] > Configure Client
2018-10-18 23:29:12,657 	 [INFO] | steps_accounts.py:25] > Configure Client
2018-10-18 23:29:12,657 	 [INFO] | steps_accounts.py:66] > Execute Request
2018-10-18 23:29:13,583 	 [INFO] | steps_accounts.py:49] > Validation Smoke code response= 200
2018-10-18 23:29:15,659 	 [INFO] | steps_accounts.py:25] > Configure Client
2018-10-18 23:29:16,976 	 [INFO] | steps_accounts.py:25] > Configure Client
2018-10-18 23:29:18,835 	 [INFO] | steps_accounts.py:16] > Configure Client
2018-10-18 23:29:19,684 	 [INFO] | steps_accounts.py:25] > Configure Client
2018-10-18 23:29:19,687 	 [INFO] | steps_accounts.py:25] > Configure Client
2018-10-18 23:31:02,379 	 [INFO] | steps_accounts.py:25] > Configure Client
2018-10-18 23:31:02,381 	 [INFO] | steps_accounts.py:55] > Execute Request
2018-10-18 23:31:03,341 	 [INFO] | steps_accounts.py:49] > Validation Smoke code response= 200
2018-10-18 23:31:05,613 	 [INFO] | steps_accounts.py:25] > Configure Client
2018-10-18 23:31:05,615 	 [INFO] | steps_accounts.py:77] > Execute Request
2018-10-18 23:31:06,620 	 [INFO] | steps_accounts.py:49] > Validation Smoke code response= 200
2018-10-18 23:31:08,897 	 [INFO] | steps_accounts.py:25] > Configure Client
2018-10-18 23:31:11,916 	 [INFO] | steps_accounts.py:25] > Configure Client
2018-10-18 23:31:11,917 	 [INFO] | steps_accounts.py:66] > Execute Request
2018-10-18 23:31:15,798 	 [INFO] | steps_accounts.py:49] > Validation Smoke code response= 200
2018-10-18 23:31:17,666 	 [INFO] | steps_accounts.py:25] > Configure Client
2018-10-18 23:31:18,573 	 [INFO] | steps_accounts.py:25] > Configure Client
2018-10-18 23:31:20,548 	 [INFO] | steps_accounts.py:16] > Configure Client
2018-10-18 23:31:21,730 	 [INFO] | steps_accounts.py:25] > Configure Client
2018-10-18 23:31:21,737 	 [INFO] | steps_accounts.py:25] > Configure Client
2018-10-18 23:47:46,143 	 [INFO] | steps_accounts.py:25] > Configure Client
2018-10-18 23:47:46,145 	 [INFO] | steps_accounts.py:63] > Execute Request
2018-10-18 23:47:47,221 	 [INFO] | steps_accounts.py:57] > Validation Smoke code response= 200
2018-10-18 23:47:49,085 	 [INFO] | steps_accounts.py:25] > Configure Client
2018-10-18 23:47:49,086 	 [INFO] | steps_accounts.py:84] > Execute Request
2018-10-18 23:47:50,266 	 [INFO] | steps_accounts.py:57] > Validation Smoke code response= 200
2018-10-18 23:47:53,285 	 [INFO] | steps_accounts.py:34] > Configure Client
2018-10-18 23:47:53,286 	 [INFO] | steps_accounts.py:84] > Execute Request
2018-10-18 23:47:53,979 	 [INFO] | steps_accounts.py:57] > Validation Smoke code response= 200
2018-10-18 23:47:55,852 	 [INFO] | steps_accounts.py:34] > Configure Client
2018-10-18 23:47:55,854 	 [INFO] | steps_accounts.py:74] > Execute Request
2018-10-18 23:47:56,627 	 [INFO] | steps_accounts.py:57] > Validation Smoke code response= 200
2018-10-18 23:47:58,276 	 [INFO] | steps_accounts.py:34] > Configure Client
2018-10-18 23:47:58,278 	 [INFO] | steps_accounts.py:50] > Execute Request
2018-10-18 23:47:59,160 	 [INFO] | steps_accounts.py:57] > Validation Smoke code response= 204
2018-10-18 23:48:00,101 	 [INFO] | steps_accounts.py:25] > Configure Client
2018-10-18 23:48:02,309 	 [INFO] | steps_accounts.py:16] > Configure Client
2018-10-18 23:48:03,185 	 [INFO] | steps_accounts.py:25] > Configure Client
2018-10-18 23:48:03,189 	 [INFO] | steps_accounts.py:25] > Configure Client
2018-10-18 23:56:28,759 	 [INFO] | steps_accounts.py:25] > Configure Client
2018-10-18 23:56:28,761 	 [INFO] | steps_accounts.py:71] > Execute Request
2018-10-18 23:56:29,582 	 [INFO] | steps_accounts.py:65] > Validation Smoke code response= 200
2018-10-18 23:56:32,644 	 [INFO] | steps_accounts.py:25] > Configure Client
2018-10-18 23:56:32,645 	 [INFO] | steps_accounts.py:50] > Execute Request
2018-10-18 23:56:33,605 	 [INFO] | steps_accounts.py:65] > Validation Smoke code response= 200
2018-10-18 23:56:35,275 	 [INFO] | steps_accounts.py:34] > Configure Client
2018-10-18 23:56:35,278 	 [INFO] | steps_accounts.py:50] > Execute Request
2018-10-18 23:56:38,436 	 [INFO] | steps_accounts.py:65] > Validation Smoke code response= 200
2018-10-18 23:56:40,247 	 [INFO] | steps_accounts.py:34] > Configure Client
2018-10-18 23:56:40,250 	 [INFO] | steps_accounts.py:82] > Execute Request
2018-10-18 23:56:43,832 	 [INFO] | steps_accounts.py:65] > Validation Smoke code response= 200
2018-10-18 23:56:58,990 	 [INFO] | steps_accounts.py:34] > Configure Client
2018-10-18 23:56:58,993 	 [INFO] | steps_accounts.py:50] > Execute Request
2018-10-18 23:57:03,264 	 [INFO] | steps_accounts.py:65] > Validation Smoke code response= 204
2018-10-18 23:57:04,272 	 [INFO] | steps_accounts.py:25] > Configure Client
2018-10-18 23:57:04,280 	 [INFO] | steps_accounts.py:16] > Configure Client
2018-10-18 23:57:04,286 	 [INFO] | steps_accounts.py:25] > Configure Client
2018-10-18 23:57:04,290 	 [INFO] | steps_accounts.py:25] > Configure Client
