2018-10-29 10:29:29,185 	 [INFO] | steps_accounts.py:17] > Configure Client for account membership 
2018-10-29 10:29:29,188 	 [INFO] | steps_accounts.py:66] > Execute Request for create and update feature
2018-10-29 10:29:29,204 	 [INFO] | steps_accounts.py:53] > Execute Request for a feature
2018-10-29 10:29:29,993 	 [INFO] | steps_accounts.py:60] > Validation Smoke code response= 200
2018-10-29 10:29:32,230 	 [INFO] | steps_accounts.py:17] > Configure Client for account membership 
2018-10-29 10:29:32,230 	 [INFO] | steps_accounts.py:66] > Execute Request for create and update feature
2018-10-29 10:29:32,230 	 [INFO] | steps_accounts.py:53] > Execute Request for a feature
2018-10-29 10:29:33,486 	 [INFO] | steps_accounts.py:60] > Validation Smoke code response= 200
2018-10-29 10:29:35,207 	 [INFO] | steps_accounts.py:17] > Configure Client for account membership 
2018-10-29 10:29:35,210 	 [INFO] | steps_accounts.py:66] > Execute Request for create and update feature
2018-10-29 10:29:35,215 	 [INFO] | steps_accounts.py:53] > Execute Request for a feature
2018-10-29 10:31:07,485 	 [INFO] | steps_accounts.py:17] > Configure Client for account membership 
2018-10-29 10:31:07,485 	 [INFO] | steps_accounts.py:66] > Execute Request for create and update feature
2018-10-29 10:31:07,503 	 [INFO] | steps_accounts.py:53] > Execute Request for a feature
2018-10-29 10:31:08,313 	 [INFO] | steps_accounts.py:60] > Validation Smoke code response= 200
2018-10-29 10:31:10,350 	 [INFO] | steps_accounts.py:17] > Configure Client for account membership 
2018-10-29 10:31:10,350 	 [INFO] | steps_accounts.py:66] > Execute Request for create and update feature
2018-10-29 10:31:10,350 	 [INFO] | steps_accounts.py:53] > Execute Request for a feature
2018-10-29 10:31:11,194 	 [INFO] | steps_accounts.py:60] > Validation Smoke code response= 200
2018-10-29 10:31:13,189 	 [INFO] | steps_accounts.py:17] > Configure Client for account membership 
2018-10-29 10:31:13,189 	 [INFO] | steps_accounts.py:66] > Execute Request for create and update feature
2018-10-29 10:31:13,189 	 [INFO] | steps_accounts.py:53] > Execute Request for a feature
2018-10-29 10:31:55,887 	 [INFO] | steps_accounts.py:17] > Configure Client for account membership 
2018-10-29 10:31:55,887 	 [INFO] | steps_accounts.py:66] > Execute Request for create and update feature
2018-10-29 10:31:55,904 	 [INFO] | steps_accounts.py:53] > Execute Request for a feature
2018-10-29 10:31:57,453 	 [INFO] | steps_accounts.py:60] > Validation Smoke code response= 200
2018-10-29 10:31:59,254 	 [INFO] | steps_accounts.py:17] > Configure Client for account membership 
2018-10-29 10:31:59,257 	 [INFO] | steps_accounts.py:66] > Execute Request for create and update feature
2018-10-29 10:31:59,259 	 [INFO] | steps_accounts.py:53] > Execute Request for a feature
2018-10-29 10:32:01,344 	 [INFO] | steps_accounts.py:60] > Validation Smoke code response= 200
2018-10-29 10:32:03,013 	 [INFO] | steps_accounts.py:17] > Configure Client for account membership 
2018-10-29 10:32:03,013 	 [INFO] | steps_accounts.py:66] > Execute Request for create and update feature
2018-10-29 10:32:03,013 	 [INFO] | steps_accounts.py:53] > Execute Request for a feature
2018-10-29 10:32:04,211 	 [INFO] | steps_accounts.py:60] > Validation Smoke code response= 200
2018-10-29 10:32:31,994 	 [INFO] | steps_accounts.py:17] > Configure Client for account membership 
2018-10-29 10:32:31,994 	 [INFO] | steps_accounts.py:66] > Execute Request for create and update feature
2018-10-29 10:32:31,994 	 [INFO] | steps_accounts.py:53] > Execute Request for a feature
2018-10-29 10:32:33,090 	 [INFO] | steps_accounts.py:60] > Validation Smoke code response= 200
2018-10-29 10:32:34,915 	 [INFO] | steps_accounts.py:17] > Configure Client for account membership 
2018-10-29 10:32:34,915 	 [INFO] | steps_accounts.py:66] > Execute Request for create and update feature
2018-10-29 10:32:34,927 	 [INFO] | steps_accounts.py:53] > Execute Request for a feature
2018-10-29 10:32:35,957 	 [INFO] | steps_accounts.py:60] > Validation Smoke code response= 200
2018-10-29 10:32:38,008 	 [INFO] | steps_accounts.py:17] > Configure Client for account membership 
2018-10-29 10:32:38,008 	 [INFO] | steps_accounts.py:66] > Execute Request for create and update feature
2018-10-29 10:32:38,008 	 [INFO] | steps_accounts.py:53] > Execute Request for a feature
2018-10-29 10:32:38,928 	 [INFO] | steps_accounts.py:60] > Validation Smoke code response= 200
2018-10-29 10:35:03,620 	 [INFO] | steps_accounts.py:17] > Configure Client for account membership 
2018-10-29 10:35:03,629 	 [INFO] | steps_accounts.py:66] > Execute Request for create and update feature
2018-10-29 10:35:03,642 	 [INFO] | steps_accounts.py:53] > Execute Request for a feature
2018-10-29 10:35:04,678 	 [INFO] | steps_accounts.py:60] > Validation Smoke code response= 200
2018-10-29 10:35:06,227 	 [INFO] | steps_accounts.py:17] > Configure Client for account membership 
2018-10-29 10:35:06,227 	 [INFO] | steps_accounts.py:66] > Execute Request for create and update feature
2018-10-29 10:35:06,238 	 [INFO] | steps_accounts.py:53] > Execute Request for a feature
2018-10-29 10:35:07,013 	 [INFO] | steps_accounts.py:60] > Validation Smoke code response= 200
2018-10-29 10:35:09,102 	 [INFO] | steps_accounts.py:17] > Configure Client for account membership 
2018-10-29 10:35:09,106 	 [INFO] | steps_accounts.py:66] > Execute Request for create and update feature
2018-10-29 10:35:09,115 	 [INFO] | steps_accounts.py:53] > Execute Request for a feature
2018-10-29 10:35:09,891 	 [INFO] | steps_accounts.py:60] > Validation Smoke code response= 200
2018-10-29 10:35:11,522 	 [INFO] | steps_accounts.py:17] > Configure Client for account membership 
2018-10-29 10:35:11,526 	 [INFO] | steps_accounts.py:66] > Execute Request for create and update feature
2018-10-29 10:35:11,537 	 [INFO] | steps_accounts.py:53] > Execute Request for a feature
2018-10-29 10:35:13,060 	 [INFO] | steps_accounts.py:60] > Validation Smoke code response= 200
2018-10-29 10:36:08,174 	 [INFO] | steps_accounts.py:17] > Configure Client for account membership 
2018-10-29 10:36:08,180 	 [INFO] | steps_accounts.py:66] > Execute Request for create and update feature
2018-10-29 10:36:08,190 	 [INFO] | steps_accounts.py:53] > Execute Request for a feature
2018-10-29 10:36:09,249 	 [INFO] | steps_accounts.py:60] > Validation Smoke code response= 200
2018-10-29 10:36:11,052 	 [INFO] | steps_accounts.py:17] > Configure Client for account membership 
2018-10-29 10:36:11,056 	 [INFO] | steps_accounts.py:66] > Execute Request for create and update feature
2018-10-29 10:36:11,068 	 [INFO] | steps_accounts.py:53] > Execute Request for a feature
2018-10-29 10:36:12,237 	 [INFO] | steps_accounts.py:60] > Validation Smoke code response= 200
2018-10-29 10:36:14,481 	 [INFO] | steps_accounts.py:17] > Configure Client for account membership 
2018-10-29 10:36:14,486 	 [INFO] | steps_accounts.py:66] > Execute Request for create and update feature
2018-10-29 10:36:14,495 	 [INFO] | steps_accounts.py:53] > Execute Request for a feature
2018-10-29 10:36:15,341 	 [INFO] | steps_accounts.py:60] > Validation Smoke code response= 200
2018-10-29 10:36:17,359 	 [INFO] | steps_accounts.py:17] > Configure Client for account membership 
2018-10-29 10:36:17,363 	 [INFO] | steps_accounts.py:66] > Execute Request for create and update feature
2018-10-29 10:36:17,372 	 [INFO] | steps_accounts.py:53] > Execute Request for a feature
2018-10-29 10:36:18,397 	 [INFO] | steps_accounts.py:60] > Validation Smoke code response= 200
2018-10-29 10:36:20,216 	 [INFO] | steps_accounts.py:17] > Configure Client for account membership 
2018-10-29 10:36:20,221 	 [INFO] | steps_accounts.py:66] > Execute Request for create and update feature
2018-10-29 10:36:20,232 	 [INFO] | steps_accounts.py:53] > Execute Request for a feature
2018-10-29 10:39:12,233 	 [INFO] | steps_accounts.py:17] > Configure Client for account membership 
2018-10-29 10:39:12,233 	 [INFO] | steps_accounts.py:66] > Execute Request for create and update feature
2018-10-29 10:39:12,251 	 [INFO] | steps_accounts.py:53] > Execute Request for a feature
2018-10-29 10:39:13,469 	 [INFO] | steps_accounts.py:60] > Validation Smoke code response= 200
2018-10-29 10:39:15,647 	 [INFO] | steps_accounts.py:17] > Configure Client for account membership 
2018-10-29 10:39:15,647 	 [INFO] | steps_accounts.py:66] > Execute Request for create and update feature
2018-10-29 10:39:15,647 	 [INFO] | steps_accounts.py:53] > Execute Request for a feature
2018-10-29 10:39:16,537 	 [INFO] | steps_accounts.py:60] > Validation Smoke code response= 200
2018-10-29 10:39:18,341 	 [INFO] | steps_accounts.py:17] > Configure Client for account membership 
2018-10-29 10:39:18,345 	 [INFO] | steps_accounts.py:66] > Execute Request for create and update feature
2018-10-29 10:39:18,354 	 [INFO] | steps_accounts.py:53] > Execute Request for a feature
2018-10-29 10:39:19,622 	 [INFO] | steps_accounts.py:60] > Validation Smoke code response= 200
2018-10-29 10:39:21,257 	 [INFO] | steps_accounts.py:17] > Configure Client for account membership 
2018-10-29 10:39:21,259 	 [INFO] | steps_accounts.py:66] > Execute Request for create and update feature
2018-10-29 10:39:21,267 	 [INFO] | steps_accounts.py:53] > Execute Request for a feature
2018-10-29 10:39:22,478 	 [INFO] | steps_accounts.py:60] > Validation Smoke code response= 200
2018-10-29 10:39:24,275 	 [INFO] | steps_accounts.py:17] > Configure Client for account membership 
2018-10-29 10:39:24,278 	 [INFO] | steps_accounts.py:66] > Execute Request for create and update feature
2018-10-29 10:39:24,285 	 [INFO] | steps_accounts.py:53] > Execute Request for a feature
2018-10-29 10:40:26,383 	 [INFO] | steps_accounts.py:17] > Configure Client for account membership 
2018-10-29 10:40:26,388 	 [INFO] | steps_accounts.py:66] > Execute Request for create and update feature
2018-10-29 10:40:26,397 	 [INFO] | steps_accounts.py:53] > Execute Request for a feature
2018-10-29 10:40:27,213 	 [INFO] | steps_accounts.py:60] > Validation Smoke code response= 200
2018-10-29 10:40:28,853 	 [INFO] | steps_accounts.py:17] > Configure Client for account membership 
2018-10-29 10:40:28,857 	 [INFO] | steps_accounts.py:66] > Execute Request for create and update feature
2018-10-29 10:40:28,866 	 [INFO] | steps_accounts.py:53] > Execute Request for a feature
2018-10-29 10:40:29,720 	 [INFO] | steps_accounts.py:60] > Validation Smoke code response= 200
2018-10-29 10:40:31,446 	 [INFO] | steps_accounts.py:17] > Configure Client for account membership 
2018-10-29 10:40:31,453 	 [INFO] | steps_accounts.py:66] > Execute Request for create and update feature
2018-10-29 10:40:31,463 	 [INFO] | steps_accounts.py:53] > Execute Request for a feature
2018-10-29 10:40:32,936 	 [INFO] | steps_accounts.py:60] > Validation Smoke code response= 200
2018-10-29 10:40:34,678 	 [INFO] | steps_accounts.py:17] > Configure Client for account membership 
2018-10-29 10:40:34,682 	 [INFO] | steps_accounts.py:66] > Execute Request for create and update feature
2018-10-29 10:40:34,694 	 [INFO] | steps_accounts.py:53] > Execute Request for a feature
2018-10-29 10:40:35,728 	 [INFO] | steps_accounts.py:60] > Validation Smoke code response= 200
2018-10-29 10:40:37,554 	 [INFO] | steps_accounts.py:17] > Configure Client for account membership 
2018-10-29 10:40:37,561 	 [INFO] | steps_accounts.py:66] > Execute Request for create and update feature
2018-10-29 10:40:37,569 	 [INFO] | steps_accounts.py:53] > Execute Request for a feature
2018-10-29 10:41:52,118 	 [INFO] | steps_accounts.py:17] > Configure Client for account membership 
2018-10-29 10:41:52,126 	 [INFO] | steps_accounts.py:66] > Execute Request for create and update feature
2018-10-29 10:41:52,136 	 [INFO] | steps_accounts.py:53] > Execute Request for a feature
2018-10-29 10:41:52,976 	 [INFO] | steps_accounts.py:60] > Validation Smoke code response= 200
2018-10-29 10:41:54,756 	 [INFO] | steps_accounts.py:17] > Configure Client for account membership 
2018-10-29 10:41:54,756 	 [INFO] | steps_accounts.py:66] > Execute Request for create and update feature
2018-10-29 10:41:54,769 	 [INFO] | steps_accounts.py:53] > Execute Request for a feature
2018-10-29 10:41:55,854 	 [INFO] | steps_accounts.py:60] > Validation Smoke code response= 200
2018-10-29 10:41:57,530 	 [INFO] | steps_accounts.py:17] > Configure Client for account membership 
2018-10-29 10:41:57,539 	 [INFO] | steps_accounts.py:66] > Execute Request for create and update feature
2018-10-29 10:41:57,547 	 [INFO] | steps_accounts.py:53] > Execute Request for a feature
2018-10-29 10:41:58,415 	 [INFO] | steps_accounts.py:60] > Validation Smoke code response= 200
2018-10-29 10:41:59,937 	 [INFO] | steps_accounts.py:17] > Configure Client for account membership 
2018-10-29 10:41:59,941 	 [INFO] | steps_accounts.py:66] > Execute Request for create and update feature
2018-10-29 10:41:59,950 	 [INFO] | steps_accounts.py:53] > Execute Request for a feature
2018-10-29 10:42:01,006 	 [INFO] | steps_accounts.py:60] > Validation Smoke code response= 200
2018-10-29 10:42:02,739 	 [INFO] | steps_accounts.py:17] > Configure Client for account membership 
2018-10-29 10:42:02,743 	 [INFO] | steps_accounts.py:66] > Execute Request for create and update feature
2018-10-29 10:42:02,752 	 [INFO] | steps_accounts.py:53] > Execute Request for a feature
2018-10-29 10:42:03,663 	 [INFO] | steps_accounts.py:60] > Validation Smoke code response= 200
2018-10-29 10:50:19,958 	 [INFO] | steps_accounts.py:17] > Configure Client for account membership 
2018-10-29 10:50:19,971 	 [INFO] | steps_accounts.py:53] > Execute Request for a feature
2018-10-29 10:50:20,725 	 [INFO] | steps_accounts.py:60] > Validation Smoke code response= 400
2018-10-29 10:50:21,935 	 [INFO] | steps_accounts.py:17] > Configure Client for account membership 
2018-10-29 10:50:21,945 	 [INFO] | steps_accounts.py:53] > Execute Request for a feature
2018-10-29 10:50:22,683 	 [INFO] | steps_accounts.py:60] > Validation Smoke code response= 400
2018-10-29 10:50:23,524 	 [INFO] | steps_accounts.py:17] > Configure Client for account membership 
2018-10-29 10:50:23,532 	 [INFO] | steps_accounts.py:53] > Execute Request for a feature
2018-10-29 10:50:24,309 	 [INFO] | steps_accounts.py:60] > Validation Smoke code response= 400
2018-10-29 10:50:25,281 	 [INFO] | steps_accounts.py:17] > Configure Client for account membership 
2018-10-29 10:50:25,292 	 [INFO] | steps_accounts.py:53] > Execute Request for a feature
2018-10-29 10:50:26,174 	 [INFO] | steps_accounts.py:60] > Validation Smoke code response= 400
2018-10-29 10:50:26,983 	 [INFO] | steps_accounts.py:17] > Configure Client for account membership 
2018-10-29 10:50:26,993 	 [INFO] | steps_accounts.py:53] > Execute Request for a feature
2018-10-29 10:50:27,972 	 [INFO] | steps_accounts.py:60] > Validation Smoke code response= 400
2018-10-29 10:50:28,897 	 [INFO] | steps_accounts.py:17] > Configure Client for account membership 
2018-10-29 10:50:28,905 	 [INFO] | steps_accounts.py:53] > Execute Request for a feature
2018-10-29 10:50:29,636 	 [INFO] | steps_accounts.py:60] > Validation Smoke code response= 400
2018-10-29 10:52:32,698 	 [INFO] | steps_accounts.py:17] > Configure Client for account membership 
2018-10-29 10:52:32,713 	 [INFO] | steps_accounts.py:53] > Execute Request for a feature
2018-10-29 10:52:33,459 	 [INFO] | steps_accounts.py:60] > Validation Smoke code response= 400
2018-10-29 10:52:34,230 	 [INFO] | steps_accounts.py:17] > Configure Client for account membership 
2018-10-29 10:52:34,242 	 [INFO] | steps_accounts.py:53] > Execute Request for a feature
2018-10-29 10:52:34,966 	 [INFO] | steps_accounts.py:60] > Validation Smoke code response= 400
2018-10-29 10:52:35,763 	 [INFO] | steps_accounts.py:17] > Configure Client for account membership 
2018-10-29 10:52:35,771 	 [INFO] | steps_accounts.py:53] > Execute Request for a feature
2018-10-29 10:52:36,493 	 [INFO] | steps_accounts.py:60] > Validation Smoke code response= 400
2018-10-29 10:52:37,304 	 [INFO] | steps_accounts.py:17] > Configure Client for account membership 
2018-10-29 10:52:37,313 	 [INFO] | steps_accounts.py:53] > Execute Request for a feature
2018-10-29 10:52:38,034 	 [INFO] | steps_accounts.py:60] > Validation Smoke code response= 400
2018-10-29 10:52:38,788 	 [INFO] | steps_accounts.py:17] > Configure Client for account membership 
2018-10-29 10:52:38,797 	 [INFO] | steps_accounts.py:53] > Execute Request for a feature
2018-10-29 10:52:39,573 	 [INFO] | steps_accounts.py:60] > Validation Smoke code response= 400
2018-10-29 10:52:40,384 	 [INFO] | steps_accounts.py:17] > Configure Client for account membership 
2018-10-29 10:52:40,392 	 [INFO] | steps_accounts.py:53] > Execute Request for a feature
2018-10-29 10:52:41,012 	 [INFO] | steps_accounts.py:60] > Validation Smoke code response= 400
2018-10-29 14:55:02,865 	 [INFO] | steps_accounts.py:17] > Configure Client for account membership 
2018-10-29 14:55:02,872 	 [INFO] | steps_accounts.py:66] > Execute Request for create and update feature
2018-10-29 14:55:02,876 	 [INFO] | steps_accounts.py:53] > Execute Request for a feature
2018-10-29 14:55:05,646 	 [INFO] | steps_accounts.py:60] > Validation Smoke code response= 200
2018-10-29 14:55:05,684 	 [INFO] | steps_accounts.py:75] > Validation crud for created 
2018-10-29 14:55:14,944 	 [INFO] | steps_accounts.py:26] > Configure Client for account membership with specific id
2018-10-29 14:55:14,951 	 [INFO] | steps_accounts.py:53] > Execute Request for a feature
2018-10-29 14:55:18,389 	 [INFO] | steps_accounts.py:60] > Validation Smoke code response= 200
2018-10-29 14:55:25,820 	 [INFO] | steps_accounts.py:17] > Configure Client for account membership 
2018-10-29 14:55:25,824 	 [INFO] | steps_accounts.py:53] > Execute Request for a feature
2018-10-29 14:55:30,089 	 [INFO] | steps_accounts.py:60] > Validation Smoke code response= 200
2018-10-29 14:55:36,356 	 [INFO] | steps_accounts.py:26] > Configure Client for account membership with specific id
2018-10-29 14:55:36,360 	 [INFO] | steps_accounts.py:66] > Execute Request for create and update feature
2018-10-29 14:55:36,366 	 [INFO] | steps_accounts.py:53] > Execute Request for a feature
2018-10-29 14:55:39,912 	 [INFO] | steps_accounts.py:60] > Validation Smoke code response= 200
2018-10-29 14:55:39,921 	 [INFO] | steps_accounts.py:83] > Validation crud for updated 
2018-10-29 14:55:50,881 	 [INFO] | steps_accounts.py:26] > Configure Client for account membership with specific id
2018-10-29 14:55:50,886 	 [INFO] | steps_accounts.py:53] > Execute Request for a feature
2018-10-29 14:55:59,716 	 [INFO] | steps_accounts.py:17] > Configure Client for account membership 
2018-10-29 14:55:59,725 	 [INFO] | steps_accounts.py:53] > Execute Request for a feature
2018-10-29 14:56:01,977 	 [INFO] | steps_accounts.py:60] > Validation Smoke code response= 400
2018-10-29 14:56:07,363 	 [INFO] | steps_accounts.py:17] > Configure Client for account membership 
2018-10-29 14:56:07,372 	 [INFO] | steps_accounts.py:53] > Execute Request for a feature
2018-10-29 14:56:10,336 	 [INFO] | steps_accounts.py:60] > Validation Smoke code response= 400
2018-10-29 14:56:13,814 	 [INFO] | steps_accounts.py:17] > Configure Client for account membership 
2018-10-29 14:56:13,822 	 [INFO] | steps_accounts.py:53] > Execute Request for a feature
2018-10-29 14:56:14,555 	 [INFO] | steps_accounts.py:60] > Validation Smoke code response= 400
2018-10-29 14:56:15,449 	 [INFO] | steps_accounts.py:17] > Configure Client for account membership 
2018-10-29 14:56:15,457 	 [INFO] | steps_accounts.py:53] > Execute Request for a feature
2018-10-29 14:56:16,333 	 [INFO] | steps_accounts.py:60] > Validation Smoke code response= 400
2018-10-29 14:56:18,937 	 [INFO] | steps_accounts.py:17] > Configure Client for account membership 
2018-10-29 14:56:18,950 	 [INFO] | steps_accounts.py:53] > Execute Request for a feature
2018-10-29 14:56:21,795 	 [INFO] | steps_accounts.py:60] > Validation Smoke code response= 400
2018-10-29 14:56:24,770 	 [INFO] | steps_accounts.py:17] > Configure Client for account membership 
2018-10-29 14:56:24,779 	 [INFO] | steps_accounts.py:53] > Execute Request for a feature
2018-10-29 14:56:27,337 	 [INFO] | steps_accounts.py:60] > Validation Smoke code response= 400
2018-10-29 14:56:30,096 	 [INFO] | steps_accounts.py:17] > Configure Client for account membership 
2018-10-29 14:56:30,099 	 [INFO] | steps_accounts.py:66] > Execute Request for create and update feature
2018-10-29 14:56:30,107 	 [INFO] | steps_accounts.py:53] > Execute Request for a feature
2018-10-29 14:56:33,681 	 [INFO] | steps_accounts.py:60] > Validation Smoke code response= 200
2018-10-29 14:56:38,091 	 [INFO] | steps_accounts.py:17] > Configure Client for account membership 
2018-10-29 14:56:38,096 	 [INFO] | steps_accounts.py:66] > Execute Request for create and update feature
2018-10-29 14:56:38,105 	 [INFO] | steps_accounts.py:53] > Execute Request for a feature
2018-10-29 14:56:42,938 	 [INFO] | steps_accounts.py:60] > Validation Smoke code response= 200
2018-10-29 14:56:46,125 	 [INFO] | steps_accounts.py:17] > Configure Client for account membership 
2018-10-29 14:56:46,128 	 [INFO] | steps_accounts.py:66] > Execute Request for create and update feature
2018-10-29 14:56:46,136 	 [INFO] | steps_accounts.py:53] > Execute Request for a feature
2018-10-29 14:56:47,912 	 [INFO] | steps_accounts.py:60] > Validation Smoke code response= 200
2018-10-29 14:56:52,827 	 [INFO] | steps_accounts.py:17] > Configure Client for account membership 
2018-10-29 14:56:52,830 	 [INFO] | steps_accounts.py:66] > Execute Request for create and update feature
2018-10-29 14:56:52,838 	 [INFO] | steps_accounts.py:53] > Execute Request for a feature
2018-10-29 14:56:55,502 	 [INFO] | steps_accounts.py:60] > Validation Smoke code response= 200
2018-10-29 14:57:03,481 	 [INFO] | steps_accounts.py:17] > Configure Client for account membership 
2018-10-29 14:57:03,484 	 [INFO] | steps_accounts.py:66] > Execute Request for create and update feature
2018-10-29 14:57:03,491 	 [INFO] | steps_accounts.py:53] > Execute Request for a feature
2018-10-29 14:57:07,570 	 [INFO] | steps_accounts.py:60] > Validation Smoke code response= 200
2018-10-29 14:57:15,970 	 [INFO] | steps_accounts.py:17] > Configure Client for account membership 
2018-10-29 14:57:15,973 	 [INFO] | steps_accounts.py:66] > Execute Request for create and update feature
2018-10-29 14:57:15,977 	 [INFO] | steps_accounts.py:53] > Execute Request for a feature
2018-10-29 14:57:18,367 	 [INFO] | steps_accounts.py:60] > Validation Smoke code response= 200
2018-10-29 14:57:31,941 	 [INFO] | steps_accounts.py:17] > Configure Client for account membership 
2018-10-29 14:57:31,945 	 [INFO] | steps_accounts.py:53] > Execute Request for a feature
2018-10-29 14:57:36,858 	 [INFO] | steps_accounts.py:60] > Validation Smoke code response= 200
2018-10-29 14:57:46,188 	 [INFO] | steps_accounts.py:26] > Configure Client for account membership with specific id
2018-10-29 14:57:46,191 	 [INFO] | steps_accounts.py:53] > Execute Request for a feature
2018-10-29 14:57:48,780 	 [INFO] | steps_accounts.py:60] > Validation Smoke code response= 200
2018-10-29 14:57:58,481 	 [INFO] | steps_accounts.py:26] > Configure Client for account membership with specific id
2018-10-29 14:57:58,485 	 [INFO] | steps_accounts.py:66] > Execute Request for create and update feature
2018-10-29 14:57:58,490 	 [INFO] | steps_accounts.py:53] > Execute Request for a feature
2018-10-29 14:58:00,032 	 [INFO] | steps_accounts.py:60] > Validation Smoke code response= 200
2018-10-29 14:58:09,642 	 [INFO] | steps_accounts.py:26] > Configure Client for account membership with specific id
2018-10-29 14:58:09,645 	 [INFO] | steps_accounts.py:53] > Execute Request for a feature
2018-10-29 14:58:10,648 	 [INFO] | steps_accounts.py:60] > Validation Smoke code response= 204
2018-10-29 14:58:12,916 	 [INFO] | steps_accounts.py:35] > Configure Client for accounts and account summaries
2018-10-29 14:58:12,920 	 [INFO] | steps_accounts.py:53] > Execute Request for a feature
2018-10-29 14:58:16,222 	 [INFO] | steps_accounts.py:60] > Validation Smoke code response= 200
2018-10-29 14:58:18,644 	 [INFO] | steps_accounts.py:17] > Configure Client for account membership 
2018-10-29 14:58:18,649 	 [INFO] | steps_accounts.py:53] > Execute Request for a feature
2018-10-29 14:58:21,170 	 [INFO] | steps_accounts.py:60] > Validation Smoke code response= 200
2018-10-29 14:58:21,182 	 [INFO] | steps_accounts.py:35] > Configure Client for accounts and account summaries
2018-10-29 14:58:21,186 	 [INFO] | steps_accounts.py:53] > Execute Request for a feature
2018-10-29 14:58:24,306 	 [INFO] | steps_accounts.py:60] > Validation Smoke code response= 200
2018-10-29 14:58:24,316 	 [INFO] | steps_accounts.py:35] > Configure Client for accounts and account summaries
2018-10-29 14:58:24,324 	 [INFO] | steps_accounts.py:53] > Execute Request for a feature
2018-10-29 14:58:28,165 	 [INFO] | steps_accounts.py:60] > Validation Smoke code response= 200
2018-10-29 14:58:28,179 	 [INFO] | steps_me.py:13] > Configure Client
2018-10-29 14:58:28,184 	 [INFO] | steps_me.py:22] > Execute Request
2018-10-29 14:58:44,033 	 [INFO] | steps_me.py:32] > Validation Smoke
2018-10-29 15:04:44,940 	 [INFO] | steps_accounts.py:17] > Configure Client for account membership 
2018-10-29 15:04:44,955 	 [INFO] | steps_accounts.py:53] > Execute Request for a feature
2018-10-29 15:04:47,119 	 [INFO] | steps_accounts.py:60] > Validation Smoke code response= 400
2018-10-29 15:04:50,013 	 [INFO] | steps_accounts.py:17] > Configure Client for account membership 
2018-10-29 15:04:50,021 	 [INFO] | steps_accounts.py:53] > Execute Request for a feature
2018-10-29 15:04:51,748 	 [INFO] | steps_accounts.py:60] > Validation Smoke code response= 400
2018-10-29 15:04:55,554 	 [INFO] | steps_accounts.py:17] > Configure Client for account membership 
2018-10-29 15:04:55,562 	 [INFO] | steps_accounts.py:53] > Execute Request for a feature
2018-10-29 15:04:57,595 	 [INFO] | steps_accounts.py:60] > Validation Smoke code response= 400
2018-10-29 15:04:59,611 	 [INFO] | steps_accounts.py:17] > Configure Client for account membership 
2018-10-29 15:04:59,619 	 [INFO] | steps_accounts.py:53] > Execute Request for a feature
2018-10-29 15:05:00,616 	 [INFO] | steps_accounts.py:60] > Validation Smoke code response= 400
2018-10-29 15:05:01,846 	 [INFO] | steps_accounts.py:17] > Configure Client for account membership 
2018-10-29 15:05:01,854 	 [INFO] | steps_accounts.py:53] > Execute Request for a feature
2018-10-29 15:05:03,474 	 [INFO] | steps_accounts.py:60] > Validation Smoke code response= 400
2018-10-29 15:05:05,081 	 [INFO] | steps_accounts.py:17] > Configure Client for account membership 
2018-10-29 15:05:05,089 	 [INFO] | steps_accounts.py:53] > Execute Request for a feature
2018-10-29 15:05:05,844 	 [INFO] | steps_accounts.py:60] > Validation Smoke code response= 400
2018-10-29 15:10:27,744 	 [INFO] | steps_accounts.py:17] > Configure Client for account membership 
2018-10-29 15:10:27,759 	 [INFO] | steps_accounts.py:53] > Execute Request for a feature
2018-10-29 15:10:29,352 	 [INFO] | steps_accounts.py:61] > Validation Smoke code response= 400
2018-10-29 15:10:31,277 	 [INFO] | steps_accounts.py:17] > Configure Client for account membership 
2018-10-29 15:10:31,285 	 [INFO] | steps_accounts.py:53] > Execute Request for a feature
2018-10-29 15:10:35,294 	 [INFO] | steps_accounts.py:61] > Validation Smoke code response= 400
2018-10-29 15:10:38,860 	 [INFO] | steps_accounts.py:17] > Configure Client for account membership 
2018-10-29 15:10:38,868 	 [INFO] | steps_accounts.py:53] > Execute Request for a feature
2018-10-29 15:10:42,472 	 [INFO] | steps_accounts.py:61] > Validation Smoke code response= 400
2018-10-29 15:10:44,468 	 [INFO] | steps_accounts.py:17] > Configure Client for account membership 
2018-10-29 15:10:44,476 	 [INFO] | steps_accounts.py:53] > Execute Request for a feature
2018-10-29 15:10:47,786 	 [INFO] | steps_accounts.py:61] > Validation Smoke code response= 400
2018-10-29 15:10:50,667 	 [INFO] | steps_accounts.py:17] > Configure Client for account membership 
2018-10-29 15:10:50,676 	 [INFO] | steps_accounts.py:53] > Execute Request for a feature
2018-10-29 15:10:55,359 	 [INFO] | steps_accounts.py:61] > Validation Smoke code response= 400
2018-10-29 15:10:58,235 	 [INFO] | steps_accounts.py:17] > Configure Client for account membership 
2018-10-29 15:10:58,244 	 [INFO] | steps_accounts.py:53] > Execute Request for a feature
2018-10-29 15:11:00,716 	 [INFO] | steps_accounts.py:61] > Validation Smoke code response= 400
2018-10-29 15:14:13,617 	 [INFO] | steps_accounts.py:17] > Configure Client for account membership 
2018-10-29 15:14:13,628 	 [INFO] | steps_accounts.py:53] > Execute Request for a feature
2018-10-29 15:14:16,895 	 [INFO] | steps_accounts.py:61] > Validation Smoke code response= 400
2018-10-29 15:14:20,980 	 [INFO] | steps_accounts.py:17] > Configure Client for account membership 
2018-10-29 15:14:20,989 	 [INFO] | steps_accounts.py:53] > Execute Request for a feature
2018-10-29 15:14:24,461 	 [INFO] | steps_accounts.py:61] > Validation Smoke code response= 400
2018-10-29 15:22:59,238 	 [INFO] | steps_accounts.py:17] > Configure Client for account membership 
2018-10-29 15:22:59,252 	 [INFO] | steps_accounts.py:53] > Execute Request for a feature
2018-10-29 15:23:01,915 	 [INFO] | steps_accounts.py:61] > Validation Smoke code response= 400
2018-10-29 15:23:03,924 	 [INFO] | steps_accounts.py:17] > Configure Client for account membership 
2018-10-29 15:23:03,934 	 [INFO] | steps_accounts.py:53] > Execute Request for a feature
2018-10-29 15:23:05,979 	 [INFO] | steps_accounts.py:61] > Validation Smoke code response= 400
2018-10-29 15:23:47,851 	 [INFO] | steps_accounts.py:17] > Configure Client for account membership 
2018-10-29 15:23:47,866 	 [INFO] | steps_accounts.py:53] > Execute Request for a feature
2018-10-29 15:23:49,917 	 [INFO] | steps_accounts.py:61] > Validation Smoke code response= 400
2018-10-29 15:23:52,162 	 [INFO] | steps_accounts.py:17] > Configure Client for account membership 
2018-10-29 15:23:52,170 	 [INFO] | steps_accounts.py:53] > Execute Request for a feature
2018-10-29 15:23:55,233 	 [INFO] | steps_accounts.py:61] > Validation Smoke code response= 400
2018-10-29 15:24:41,294 	 [INFO] | steps_accounts.py:17] > Configure Client for account membership 
2018-10-29 15:24:41,309 	 [INFO] | steps_accounts.py:53] > Execute Request for a feature
2018-10-29 15:24:45,646 	 [INFO] | steps_accounts.py:61] > Validation Smoke code response= 200
2018-10-29 15:24:48,377 	 [INFO] | steps_accounts.py:17] > Configure Client for account membership 
2018-10-29 15:24:48,386 	 [INFO] | steps_accounts.py:53] > Execute Request for a feature
2018-10-29 15:24:50,941 	 [INFO] | steps_accounts.py:61] > Validation Smoke code response= 200
2018-10-29 15:27:33,364 	 [INFO] | steps_accounts.py:17] > Configure Client for account membership 
2018-10-29 15:27:36,943 	 [INFO] | steps_accounts.py:17] > Configure Client for account membership 
2018-10-29 15:27:36,953 	 [INFO] | steps_accounts.py:53] > Execute Request for a feature
2018-10-29 15:27:39,665 	 [INFO] | steps_accounts.py:61] > Validation Smoke code response= 200
2018-10-29 15:31:08,455 	 [INFO] | steps_accounts.py:17] > Configure Client for account membership 
2018-10-29 15:31:08,470 	 [INFO] | steps_accounts.py:53] > Execute Request for a feature
2018-10-29 15:31:10,084 	 [INFO] | steps_accounts.py:61] > Validation Smoke code response= 400
2018-10-29 15:31:13,301 	 [INFO] | steps_accounts.py:17] > Configure Client for account membership 
2018-10-29 15:31:13,309 	 [INFO] | steps_accounts.py:53] > Execute Request for a feature
2018-10-29 15:31:16,578 	 [INFO] | steps_accounts.py:61] > Validation Smoke code response= 400
2018-10-29 15:32:48,018 	 [INFO] | steps_accounts.py:17] > Configure Client for account membership 
2018-10-29 15:32:50,683 	 [INFO] | steps_accounts.py:17] > Configure Client for account membership 
2018-10-29 15:32:50,691 	 [INFO] | steps_accounts.py:53] > Execute Request for a feature
2018-10-29 15:32:53,758 	 [INFO] | steps_accounts.py:61] > Validation Smoke code response= 400
2018-10-29 15:37:27,054 	 [INFO] | steps_accounts.py:17] > Configure Client for account membership 
2018-10-29 15:37:27,066 	 [INFO] | steps_accounts.py:53] > Execute Request for a feature
2018-10-29 15:37:30,740 	 [INFO] | steps_accounts.py:61] > Validation Smoke code response= 400
2018-10-29 15:37:33,434 	 [INFO] | steps_accounts.py:17] > Configure Client for account membership 
2018-10-29 15:37:33,436 	 [INFO] | steps_accounts.py:53] > Execute Request for a feature
2018-10-29 15:37:37,098 	 [INFO] | steps_accounts.py:61] > Validation Smoke code response= 400
2018-10-29 15:39:00,653 	 [INFO] | steps_accounts.py:17] > Configure Client for account membership 
2018-10-29 15:39:00,665 	 [INFO] | steps_accounts.py:53] > Execute Request for a feature
2018-10-29 15:39:03,105 	 [INFO] | steps_accounts.py:61] > Validation Smoke code response= 400
2018-10-29 15:39:04,909 	 [INFO] | steps_accounts.py:17] > Configure Client for account membership 
2018-10-29 15:39:04,917 	 [INFO] | steps_accounts.py:53] > Execute Request for a feature
2018-10-29 15:39:08,140 	 [INFO] | steps_accounts.py:61] > Validation Smoke code response= 400
2018-10-29 15:41:56,274 	 [INFO] | steps_accounts.py:17] > Configure Client for account membership 
2018-10-29 15:41:59,850 	 [INFO] | steps_accounts.py:17] > Configure Client for account membership 
2018-10-29 15:42:45,790 	 [INFO] | steps_accounts.py:17] > Configure Client for account membership 
2018-10-29 15:42:48,384 	 [INFO] | steps_accounts.py:17] > Configure Client for account membership 
2018-10-29 15:44:21,307 	 [INFO] | steps_accounts.py:17] > Configure Client for account membership 
2018-10-29 15:44:26,273 	 [INFO] | steps_accounts.py:17] > Configure Client for account membership 
2018-10-29 18:14:45,432 	 [INFO] | steps_accounts.py:35] > Configure Client for accounts and account summaries
2018-10-29 18:14:45,435 	 [INFO] | steps_accounts.py:53] > Execute Request for a feature
2018-10-29 18:14:49,514 	 [INFO] | steps_accounts.py:61] > Validation Smoke code response= 200
2018-10-29 18:14:49,518 	 [INFO] | steps_accounts.py:35] > Configure Client for accounts and account summaries
2018-10-29 18:14:49,520 	 [INFO] | steps_accounts.py:53] > Execute Request for a feature
2018-10-29 18:14:51,717 	 [INFO] | steps_accounts.py:61] > Validation Smoke code response= 200
2018-10-29 18:14:51,722 	 [INFO] | steps_accounts.py:35] > Configure Client for accounts and account summaries
2018-10-29 18:14:51,728 	 [INFO] | steps_accounts.py:53] > Execute Request for a feature
2018-10-29 18:14:54,278 	 [INFO] | steps_accounts.py:61] > Validation Smoke code response= 200
2018-10-29 18:15:51,012 	 [INFO] | steps_accounts.py:35] > Configure Client for accounts and account summaries
2018-10-29 18:15:51,014 	 [INFO] | steps_accounts.py:53] > Execute Request for a feature
2018-10-29 18:15:52,205 	 [INFO] | steps_accounts.py:61] > Validation Smoke code response= 200
2018-10-29 18:15:52,208 	 [INFO] | steps_accounts.py:35] > Configure Client for accounts and account summaries
2018-10-29 18:15:52,209 	 [INFO] | steps_accounts.py:53] > Execute Request for a feature
2018-10-29 18:15:56,404 	 [INFO] | steps_accounts.py:61] > Validation Smoke code response= 200
2018-10-29 18:15:56,408 	 [INFO] | steps_accounts.py:35] > Configure Client for accounts and account summaries
2018-10-29 18:15:56,413 	 [INFO] | steps_accounts.py:53] > Execute Request for a feature
2018-10-29 18:15:58,838 	 [INFO] | steps_accounts.py:61] > Validation Smoke code response= 200
2018-10-29 18:17:25,427 	 [INFO] | steps_accounts.py:35] > Configure Client for accounts and account summaries
2018-10-29 18:17:25,428 	 [INFO] | steps_accounts.py:53] > Execute Request for a feature
2018-10-29 18:17:26,464 	 [INFO] | steps_accounts.py:61] > Validation Smoke code response= 200
2018-10-29 18:17:26,472 	 [INFO] | steps_accounts.py:35] > Configure Client for accounts and account summaries
2018-10-29 18:17:26,474 	 [INFO] | steps_accounts.py:53] > Execute Request for a feature
2018-10-29 18:17:29,948 	 [INFO] | steps_accounts.py:61] > Validation Smoke code response= 200
2018-10-29 18:17:29,954 	 [INFO] | steps_accounts.py:35] > Configure Client for accounts and account summaries
2018-10-29 18:17:29,960 	 [INFO] | steps_accounts.py:53] > Execute Request for a feature
2018-10-29 18:17:32,196 	 [INFO] | steps_accounts.py:61] > Validation Smoke code response= 200
2018-10-29 18:19:07,493 	 [INFO] | steps_accounts.py:35] > Configure Client for accounts and account summaries
2018-10-29 18:19:07,505 	 [INFO] | steps_accounts.py:53] > Execute Request for a feature
2018-10-29 18:19:08,925 	 [INFO] | steps_accounts.py:61] > Validation Smoke code response= 200
2018-10-29 18:19:08,937 	 [INFO] | steps_accounts.py:35] > Configure Client for accounts and account summaries
2018-10-29 18:19:08,940 	 [INFO] | steps_accounts.py:53] > Execute Request for a feature
2018-10-29 18:19:10,208 	 [INFO] | steps_accounts.py:61] > Validation Smoke code response= 200
2018-10-29 18:19:10,211 	 [INFO] | steps_accounts.py:35] > Configure Client for accounts and account summaries
2018-10-29 18:19:10,218 	 [INFO] | steps_accounts.py:53] > Execute Request for a feature
2018-10-29 18:19:12,140 	 [INFO] | steps_accounts.py:61] > Validation Smoke code response= 200
2018-10-29 18:32:10,747 	 [INFO] | steps_accounts.py:17] > Configure Client for account membership 
2018-10-29 18:32:10,750 	 [INFO] | steps_accounts.py:67] > Execute Request for create and update feature
2018-10-29 18:32:10,752 	 [INFO] | steps_accounts.py:53] > Execute Request for a feature
2018-10-29 18:32:13,332 	 [INFO] | steps_accounts.py:61] > Validation Smoke code response= 200
2018-10-29 18:36:34,706 	 [INFO] | steps_accounts.py:17] > Configure Client for account membership 
2018-10-29 18:36:34,714 	 [INFO] | steps_accounts.py:67] > Execute Request for create and update feature
2018-10-29 18:36:34,720 	 [INFO] | steps_accounts.py:53] > Execute Request for a feature
2018-10-29 18:36:36,553 	 [INFO] | steps_accounts.py:61] > Validation Smoke code response= 200
2018-10-29 19:05:12,561 	 [INFO] | steps_accounts.py:17] > Configure Client for account membership 
2018-10-29 19:05:12,568 	 [INFO] | steps_accounts.py:67] > Execute Request for create and update feature
2018-10-29 19:05:12,575 	 [INFO] | steps_accounts.py:53] > Execute Request for a feature
2018-10-29 19:05:15,525 	 [INFO] | steps_accounts.py:61] > Validation Smoke code response= 200
2018-10-29 19:05:26,831 	 [INFO] | steps_accounts.py:17] > Configure Client for account membership 
2018-10-29 19:05:26,836 	 [INFO] | steps_accounts.py:53] > Execute Request for a feature
2018-10-29 19:05:30,783 	 [INFO] | steps_accounts.py:61] > Validation Smoke code response= 200
2018-10-29 19:05:40,206 	 [INFO] | steps_accounts.py:26] > Configure Client for account membership with specific id
2018-10-29 19:05:40,212 	 [INFO] | steps_accounts.py:53] > Execute Request for a feature
2018-10-29 19:05:43,475 	 [INFO] | steps_accounts.py:61] > Validation Smoke code response= 200
2018-10-29 19:05:55,257 	 [INFO] | steps_accounts.py:26] > Configure Client for account membership with specific id
2018-10-29 19:05:55,263 	 [INFO] | steps_accounts.py:67] > Execute Request for create and update feature
2018-10-29 19:05:55,269 	 [INFO] | steps_accounts.py:53] > Execute Request for a feature
2018-10-29 19:05:57,609 	 [INFO] | steps_accounts.py:61] > Validation Smoke code response= 200
2018-10-29 19:06:06,825 	 [INFO] | steps_accounts.py:26] > Configure Client for account membership with specific id
2018-10-29 19:06:06,829 	 [INFO] | steps_accounts.py:53] > Execute Request for a feature
2018-10-29 19:06:10,210 	 [INFO] | steps_accounts.py:61] > Validation Smoke code response= 204
2018-10-29 19:06:13,548 	 [INFO] | steps_accounts.py:35] > Configure Client for accounts and account summaries
2018-10-29 19:06:13,552 	 [INFO] | steps_accounts.py:53] > Execute Request for a feature
2018-10-29 19:06:16,242 	 [INFO] | steps_accounts.py:61] > Validation Smoke code response= 200
2018-10-29 19:06:18,496 	 [INFO] | steps_accounts.py:17] > Configure Client for account membership 
2018-10-29 19:06:18,500 	 [INFO] | steps_accounts.py:53] > Execute Request for a feature
2018-10-29 19:06:20,579 	 [INFO] | steps_accounts.py:61] > Validation Smoke code response= 200
2018-10-29 19:06:20,586 	 [INFO] | steps_accounts.py:35] > Configure Client for accounts and account summaries
2018-10-29 19:06:20,589 	 [INFO] | steps_accounts.py:53] > Execute Request for a feature
2018-10-29 19:06:24,336 	 [INFO] | steps_accounts.py:61] > Validation Smoke code response= 200
2018-10-29 19:06:24,343 	 [INFO] | steps_accounts.py:35] > Configure Client for accounts and account summaries
2018-10-29 19:06:24,352 	 [INFO] | steps_accounts.py:53] > Execute Request for a feature
2018-10-29 19:06:27,816 	 [INFO] | steps_accounts.py:61] > Validation Smoke code response= 200
2018-10-29 19:41:38,677 	 [INFO] | steps_accounts.py:17] > Configure Client for account membership 
2018-10-29 19:41:38,685 	 [INFO] | steps_accounts.py:67] > Execute Request for create and update feature
2018-10-29 19:41:38,692 	 [INFO] | steps_accounts.py:53] > Execute Request for a feature
2018-10-29 19:41:40,623 	 [INFO] | steps_accounts.py:61] > Validation Smoke code response= 200
2018-10-29 19:44:54,055 	 [INFO] | steps_accounts.py:26] > Configure Client for account membership with specific id
2018-10-29 19:44:54,063 	 [INFO] | steps_accounts.py:53] > Execute Request for a feature
2018-10-29 19:44:58,246 	 [INFO] | steps_accounts.py:61] > Validation Smoke code response= 204
2018-10-29 19:52:13,955 	 [INFO] | steps_accounts.py:26] > Configure Client for account membership with specific id
2018-10-29 19:52:13,963 	 [INFO] | steps_accounts.py:53] > Execute Request for a feature
2018-10-29 19:52:17,137 	 [INFO] | steps_accounts.py:61] > Validation Smoke code response= 204
2018-10-29 19:52:32,292 	 [INFO] | steps_accounts.py:26] > Configure Client for account membership with specific id
2018-10-29 19:52:32,299 	 [INFO] | steps_accounts.py:53] > Execute Request for a feature
2018-10-29 19:52:36,999 	 [INFO] | steps_accounts.py:61] > Validation Smoke code response= 204
