2018-10-23 15:07:26,538 	 [INFO] | steps_accounts.py:17] > Configure Client for account membership 
2018-10-23 15:07:26,548 	 [INFO] | steps_accounts.py:66] > Execute Request for create and update feature
2018-10-23 15:07:29,478 	 [INFO] | steps_accounts.py:26] > Configure Client for account membership with specific id
2018-10-23 15:07:29,483 	 [INFO] | steps_accounts.py:66] > Execute Request for create and update feature
2018-10-23 15:07:30,323 	 [INFO] | steps_accounts.py:78] > Validation crud : updated
2018-10-23 15:07:33,023 	 [INFO] | steps_accounts.py:26] > Configure Client for account membership with specific id
2018-10-23 15:07:33,746 	 [INFO] | steps_accounts.py:53] > Execute Request for a feature
2018-10-23 15:11:27,315 	 [INFO] | steps_accounts.py:17] > Configure Client for account membership 
2018-10-23 15:11:27,322 	 [INFO] | steps_accounts.py:66] > Execute Request for create and update feature
2018-10-23 15:11:30,898 	 [INFO] | steps_accounts.py:26] > Configure Client for account membership with specific id
2018-10-23 15:11:30,902 	 [INFO] | steps_accounts.py:66] > Execute Request for create and update feature
2018-10-23 15:11:31,871 	 [INFO] | steps_accounts.py:78] > Validation crud : updated
2018-10-23 15:11:34,687 	 [INFO] | steps_accounts.py:26] > Configure Client for account membership with specific id
2018-10-23 15:11:34,692 	 [INFO] | steps_accounts.py:53] > Execute Request for a feature
2018-10-23 15:13:49,213 	 [INFO] | steps_accounts.py:17] > Configure Client for account membership 
2018-10-23 15:13:49,222 	 [INFO] | steps_accounts.py:66] > Execute Request for create and update feature
2018-10-23 15:13:50,474 	 [INFO] | steps_accounts.py:78] > Validation crud : created
2018-10-23 15:13:53,167 	 [INFO] | steps_accounts.py:26] > Configure Client for account membership with specific id
2018-10-23 15:13:53,171 	 [INFO] | steps_accounts.py:66] > Execute Request for create and update feature
2018-10-23 15:13:54,155 	 [INFO] | steps_accounts.py:78] > Validation crud : updated
2018-10-23 15:13:57,010 	 [INFO] | steps_accounts.py:26] > Configure Client for account membership with specific id
2018-10-23 15:13:57,014 	 [INFO] | steps_accounts.py:53] > Execute Request for a feature
2018-10-23 15:22:05,336 	 [INFO] | steps_accounts.py:17] > Configure Client for account membership 
2018-10-23 15:22:05,346 	 [INFO] | steps_accounts.py:66] > Execute Request for create and update feature
2018-10-23 15:22:06,251 	 [INFO] | steps_accounts.py:60] > Validation Smoke code response= 200
2018-10-23 15:22:10,240 	 [INFO] | steps_accounts.py:35] > Configure Client for accounts and account summaries
2018-10-23 15:22:10,244 	 [INFO] | steps_accounts.py:53] > Execute Request for a feature
2018-10-23 15:22:11,053 	 [INFO] | steps_accounts.py:60] > Validation Smoke code response= 200
2018-10-23 15:22:12,428 	 [INFO] | steps_accounts.py:17] > Configure Client for account membership 
2018-10-23 15:22:12,433 	 [INFO] | steps_accounts.py:53] > Execute Request for a feature
2018-10-23 15:22:13,426 	 [INFO] | steps_accounts.py:60] > Validation Smoke code response= 200
2018-10-23 15:22:13,433 	 [INFO] | steps_accounts.py:35] > Configure Client for accounts and account summaries
2018-10-23 15:22:13,436 	 [INFO] | steps_accounts.py:53] > Execute Request for a feature
2018-10-23 15:22:14,240 	 [INFO] | steps_accounts.py:60] > Validation Smoke code response= 200
2018-10-23 15:22:14,247 	 [INFO] | steps_accounts.py:35] > Configure Client for accounts and account summaries
2018-10-23 15:22:14,251 	 [INFO] | steps_accounts.py:53] > Execute Request for a feature
2018-10-23 15:22:15,181 	 [INFO] | steps_accounts.py:60] > Validation Smoke code response= 200
2018-10-23 15:27:45,638 	 [INFO] | steps_accounts.py:17] > Configure Client for account membership 
2018-10-23 15:27:45,647 	 [INFO] | steps_accounts.py:66] > Execute Request for create and update feature
2018-10-23 15:27:48,298 	 [INFO] | steps_accounts.py:17] > Configure Client for account membership 
2018-10-23 15:27:48,303 	 [INFO] | steps_accounts.py:53] > Execute Request for a feature
2018-10-23 15:27:49,134 	 [INFO] | steps_accounts.py:60] > Validation Smoke code response= 200
2018-10-23 15:27:51,784 	 [INFO] | steps_accounts.py:26] > Configure Client for account membership with specific id
2018-10-23 15:27:51,789 	 [INFO] | steps_accounts.py:53] > Execute Request for a feature
2018-10-23 15:27:52,511 	 [INFO] | steps_accounts.py:60] > Validation Smoke code response= 200
2018-10-23 15:27:55,261 	 [INFO] | steps_accounts.py:26] > Configure Client for account membership with specific id
2018-10-23 15:27:55,265 	 [INFO] | steps_accounts.py:66] > Execute Request for create and update feature
2018-10-23 15:27:56,116 	 [INFO] | steps_accounts.py:60] > Validation Smoke code response= 200
2018-10-23 15:27:59,152 	 [INFO] | steps_accounts.py:26] > Configure Client for account membership with specific id
2018-10-23 15:27:59,157 	 [INFO] | steps_accounts.py:53] > Execute Request for a feature
2018-10-23 15:28:00,055 	 [INFO] | steps_accounts.py:60] > Validation Smoke code response= 204
2018-10-23 15:28:00,852 	 [INFO] | steps_accounts.py:35] > Configure Client for accounts and account summaries
2018-10-23 15:28:00,857 	 [INFO] | steps_accounts.py:53] > Execute Request for a feature
2018-10-23 15:28:01,984 	 [INFO] | steps_accounts.py:60] > Validation Smoke code response= 200
2018-10-23 15:28:02,916 	 [INFO] | steps_accounts.py:17] > Configure Client for account membership 
2018-10-23 15:28:02,921 	 [INFO] | steps_accounts.py:53] > Execute Request for a feature
2018-10-23 15:28:03,779 	 [INFO] | steps_accounts.py:60] > Validation Smoke code response= 200
2018-10-23 15:28:03,786 	 [INFO] | steps_accounts.py:35] > Configure Client for accounts and account summaries
2018-10-23 15:28:03,790 	 [INFO] | steps_accounts.py:53] > Execute Request for a feature
2018-10-23 15:28:04,619 	 [INFO] | steps_accounts.py:60] > Validation Smoke code response= 200
2018-10-23 15:28:04,625 	 [INFO] | steps_accounts.py:35] > Configure Client for accounts and account summaries
2018-10-23 15:28:04,629 	 [INFO] | steps_accounts.py:53] > Execute Request for a feature
2018-10-23 15:28:05,466 	 [INFO] | steps_accounts.py:60] > Validation Smoke code response= 200
2018-10-23 15:28:56,384 	 [INFO] | steps_accounts.py:17] > Configure Client for account membership 
2018-10-23 15:28:56,391 	 [INFO] | steps_accounts.py:66] > Execute Request for create and update feature
2018-10-23 15:28:57,231 	 [INFO] | steps_accounts.py:60] > Validation Smoke code response= 200
2018-10-23 15:29:00,079 	 [INFO] | steps_accounts.py:17] > Configure Client for account membership 
2018-10-23 15:29:00,083 	 [INFO] | steps_accounts.py:53] > Execute Request for a feature
2018-10-23 15:29:01,153 	 [INFO] | steps_accounts.py:60] > Validation Smoke code response= 200
2018-10-23 15:29:03,771 	 [INFO] | steps_accounts.py:26] > Configure Client for account membership with specific id
2018-10-23 15:29:03,776 	 [INFO] | steps_accounts.py:53] > Execute Request for a feature
2018-10-23 15:29:04,952 	 [INFO] | steps_accounts.py:60] > Validation Smoke code response= 200
2018-10-23 15:29:07,967 	 [INFO] | steps_accounts.py:26] > Configure Client for account membership with specific id
2018-10-23 15:29:07,971 	 [INFO] | steps_accounts.py:66] > Execute Request for create and update feature
2018-10-23 15:29:08,814 	 [INFO] | steps_accounts.py:60] > Validation Smoke code response= 200
2018-10-23 15:29:11,702 	 [INFO] | steps_accounts.py:26] > Configure Client for account membership with specific id
2018-10-23 15:29:11,708 	 [INFO] | steps_accounts.py:53] > Execute Request for a feature
2018-10-23 15:29:12,460 	 [INFO] | steps_accounts.py:60] > Validation Smoke code response= 204
2018-10-23 15:29:13,204 	 [INFO] | steps_accounts.py:35] > Configure Client for accounts and account summaries
2018-10-23 15:29:13,207 	 [INFO] | steps_accounts.py:53] > Execute Request for a feature
2018-10-23 15:29:14,066 	 [INFO] | steps_accounts.py:60] > Validation Smoke code response= 200
2018-10-23 15:29:14,896 	 [INFO] | steps_accounts.py:17] > Configure Client for account membership 
2018-10-23 15:29:14,900 	 [INFO] | steps_accounts.py:53] > Execute Request for a feature
2018-10-23 15:29:15,597 	 [INFO] | steps_accounts.py:60] > Validation Smoke code response= 200
2018-10-23 15:29:15,605 	 [INFO] | steps_accounts.py:35] > Configure Client for accounts and account summaries
2018-10-23 15:29:15,610 	 [INFO] | steps_accounts.py:53] > Execute Request for a feature
2018-10-23 15:29:16,438 	 [INFO] | steps_accounts.py:60] > Validation Smoke code response= 200
2018-10-23 15:29:16,443 	 [INFO] | steps_accounts.py:35] > Configure Client for accounts and account summaries
2018-10-23 15:29:16,446 	 [INFO] | steps_accounts.py:53] > Execute Request for a feature
2018-10-23 15:29:17,178 	 [INFO] | steps_accounts.py:60] > Validation Smoke code response= 200
2018-10-23 15:42:20,816 	 [INFO] | steps_accounts.py:17] > Configure Client for account membership 
2018-10-23 15:42:20,826 	 [INFO] | steps_accounts.py:66] > Execute Request for create and update feature
2018-10-23 15:42:21,778 	 [INFO] | steps_accounts.py:60] > Validation Smoke code response= 200
2018-10-23 15:42:24,317 	 [INFO] | steps_accounts.py:17] > Configure Client for account membership 
2018-10-23 15:42:24,322 	 [INFO] | steps_accounts.py:53] > Execute Request for a feature
2018-10-23 15:42:25,010 	 [INFO] | steps_accounts.py:60] > Validation Smoke code response= 200
2018-10-23 15:42:27,287 	 [INFO] | steps_accounts.py:26] > Configure Client for account membership with specific id
2018-10-23 15:42:27,290 	 [INFO] | steps_accounts.py:53] > Execute Request for a feature
2018-10-23 15:42:28,310 	 [INFO] | steps_accounts.py:60] > Validation Smoke code response= 200
2018-10-23 15:42:30,702 	 [INFO] | steps_accounts.py:26] > Configure Client for account membership with specific id
2018-10-23 15:42:30,707 	 [INFO] | steps_accounts.py:66] > Execute Request for create and update feature
2018-10-23 15:42:31,676 	 [INFO] | steps_accounts.py:60] > Validation Smoke code response= 200
2018-10-23 15:42:34,859 	 [INFO] | steps_accounts.py:26] > Configure Client for account membership with specific id
2018-10-23 15:42:34,861 	 [INFO] | steps_accounts.py:53] > Execute Request for a feature
2018-10-23 15:42:35,686 	 [INFO] | steps_accounts.py:60] > Validation Smoke code response= 204
2018-10-23 15:42:36,632 	 [INFO] | steps_accounts.py:35] > Configure Client for accounts and account summaries
2018-10-23 15:42:36,635 	 [INFO] | steps_accounts.py:53] > Execute Request for a feature
2018-10-23 15:42:37,427 	 [INFO] | steps_accounts.py:60] > Validation Smoke code response= 200
2018-10-23 15:42:38,441 	 [INFO] | steps_accounts.py:17] > Configure Client for account membership 
2018-10-23 15:42:38,445 	 [INFO] | steps_accounts.py:53] > Execute Request for a feature
2018-10-23 15:42:39,514 	 [INFO] | steps_accounts.py:60] > Validation Smoke code response= 200
2018-10-23 15:42:39,521 	 [INFO] | steps_accounts.py:35] > Configure Client for accounts and account summaries
2018-10-23 15:42:39,525 	 [INFO] | steps_accounts.py:53] > Execute Request for a feature
2018-10-23 15:42:40,506 	 [INFO] | steps_accounts.py:60] > Validation Smoke code response= 200
2018-10-23 15:42:40,512 	 [INFO] | steps_accounts.py:35] > Configure Client for accounts and account summaries
2018-10-23 15:42:40,517 	 [INFO] | steps_accounts.py:53] > Execute Request for a feature
2018-10-23 15:42:41,218 	 [INFO] | steps_accounts.py:60] > Validation Smoke code response= 200
2018-10-23 15:42:52,402 	 [INFO] | steps_accounts.py:17] > Configure Client for account membership 
2018-10-23 15:42:52,409 	 [INFO] | steps_accounts.py:66] > Execute Request for create and update feature
2018-10-23 15:42:53,302 	 [INFO] | steps_accounts.py:60] > Validation Smoke code response= 200
2018-10-23 15:42:53,319 	 [INFO] | steps_accounts.py:78] > Validation crud : created
2018-10-23 15:46:02,528 	 [INFO] | steps_accounts.py:17] > Configure Client for account membership 
2018-10-23 15:46:02,535 	 [INFO] | steps_accounts.py:66] > Execute Request for create and update feature
2018-10-23 15:46:03,561 	 [INFO] | steps_accounts.py:60] > Validation Smoke code response= 200
2018-10-23 15:46:03,572 	 [INFO] | steps_accounts.py:78] > Validation crud : created
2018-10-23 15:46:06,426 	 [INFO] | steps_accounts.py:26] > Configure Client for account membership with specific id
2018-10-23 15:46:06,431 	 [INFO] | steps_accounts.py:53] > Execute Request for a feature
2018-10-23 15:46:07,304 	 [INFO] | steps_accounts.py:60] > Validation Smoke code response= 200
2018-10-23 15:46:09,274 	 [INFO] | steps_accounts.py:17] > Configure Client for account membership 
2018-10-23 15:46:09,277 	 [INFO] | steps_accounts.py:53] > Execute Request for a feature
2018-10-23 15:46:10,214 	 [INFO] | steps_accounts.py:60] > Validation Smoke code response= 200
2018-10-23 15:46:12,164 	 [INFO] | steps_accounts.py:26] > Configure Client for account membership with specific id
2018-10-23 15:46:12,169 	 [INFO] | steps_accounts.py:66] > Execute Request for create and update feature
2018-10-23 15:46:13,041 	 [INFO] | steps_accounts.py:78] > Validation crud : updated
2018-10-23 15:46:13,052 	 [INFO] | steps_accounts.py:78] > Validation crud : created
2018-10-23 15:46:15,646 	 [INFO] | steps_accounts.py:26] > Configure Client for account membership with specific id
2018-10-23 15:46:15,652 	 [INFO] | steps_accounts.py:53] > Execute Request for a feature
2018-10-23 15:46:16,583 	 [INFO] | steps_accounts.py:78] > Validation crud : created
2018-10-23 17:22:43,816 	 [INFO] | steps_accounts.py:17] > Configure Client for account membership 
2018-10-23 17:22:43,822 	 [INFO] | steps_accounts.py:66] > Execute Request for create and update feature
2018-10-23 17:22:44,887 	 [INFO] | steps_accounts.py:60] > Validation Smoke code response= 200
2018-10-23 17:22:44,894 	 [INFO] | steps_accounts.py:78] > Validation crud : created
2018-10-23 17:22:48,079 	 [INFO] | steps_accounts.py:26] > Configure Client for account membership with specific id
2018-10-23 17:22:48,082 	 [INFO] | steps_accounts.py:53] > Execute Request for a feature
2018-10-23 17:22:48,938 	 [INFO] | steps_accounts.py:60] > Validation Smoke code response= 200
2018-10-23 17:22:50,929 	 [INFO] | steps_accounts.py:17] > Configure Client for account membership 
2018-10-23 17:22:50,934 	 [INFO] | steps_accounts.py:53] > Execute Request for a feature
2018-10-23 17:22:51,672 	 [INFO] | steps_accounts.py:60] > Validation Smoke code response= 200
2018-10-23 17:22:53,410 	 [INFO] | steps_accounts.py:26] > Configure Client for account membership with specific id
2018-10-23 17:22:53,414 	 [INFO] | steps_accounts.py:66] > Execute Request for create and update feature
2018-10-23 17:22:54,427 	 [INFO] | steps_accounts.py:78] > Validation crud : updated
2018-10-23 17:22:54,437 	 [INFO] | steps_accounts.py:78] > Validation crud : created
2018-10-23 17:22:57,301 	 [INFO] | steps_accounts.py:26] > Configure Client for account membership with specific id
2018-10-23 17:22:57,306 	 [INFO] | steps_accounts.py:53] > Execute Request for a feature
2018-10-23 17:22:58,172 	 [INFO] | steps_accounts.py:78] > Validation crud : created
2018-10-23 17:33:13,023 	 [INFO] | steps_accounts.py:17] > Configure Client for account membership 
2018-10-23 17:33:13,031 	 [INFO] | steps_accounts.py:53] > Execute Request for a feature
2018-10-23 17:33:13,774 	 [INFO] | steps_accounts.py:60] > Validation Smoke code response= 200
2018-10-23 17:34:42,177 	 [INFO] | steps_accounts.py:26] > Configure Client for account membership with specific id
2018-10-23 17:34:42,186 	 [INFO] | steps_accounts.py:66] > Execute Request for create and update feature
2018-10-23 17:34:43,135 	 [INFO] | steps_accounts.py:60] > Validation Smoke code response= 200
2018-10-23 17:35:06,892 	 [INFO] | steps_accounts.py:17] > Configure Client for account membership 
2018-10-23 17:35:06,899 	 [INFO] | steps_accounts.py:66] > Execute Request for create and update feature
2018-10-23 17:35:07,777 	 [INFO] | steps_accounts.py:60] > Validation Smoke code response= 200
2018-10-23 17:35:11,399 	 [INFO] | steps_accounts.py:17] > Configure Client for account membership 
2018-10-23 17:35:11,419 	 [INFO] | steps_accounts.py:53] > Execute Request for a feature
2018-10-23 17:35:12,932 	 [INFO] | steps_accounts.py:60] > Validation Smoke code response= 200
2018-10-23 17:35:16,214 	 [INFO] | steps_accounts.py:26] > Configure Client for account membership with specific id
2018-10-23 17:35:16,220 	 [INFO] | steps_accounts.py:53] > Execute Request for a feature
2018-10-23 17:35:17,128 	 [INFO] | steps_accounts.py:60] > Validation Smoke code response= 200
2018-10-23 17:35:19,938 	 [INFO] | steps_accounts.py:26] > Configure Client for account membership with specific id
2018-10-23 17:35:19,943 	 [INFO] | steps_accounts.py:66] > Execute Request for create and update feature
2018-10-23 17:35:20,904 	 [INFO] | steps_accounts.py:60] > Validation Smoke code response= 200
2018-10-23 17:35:24,160 	 [INFO] | steps_accounts.py:26] > Configure Client for account membership with specific id
2018-10-23 17:35:24,166 	 [INFO] | steps_accounts.py:53] > Execute Request for a feature
2018-10-23 17:35:25,110 	 [INFO] | steps_accounts.py:60] > Validation Smoke code response= 204
2018-10-23 17:35:26,013 	 [INFO] | steps_accounts.py:35] > Configure Client for accounts and account summaries
2018-10-23 17:35:26,016 	 [INFO] | steps_accounts.py:53] > Execute Request for a feature
2018-10-23 17:35:27,004 	 [INFO] | steps_accounts.py:60] > Validation Smoke code response= 200
2018-10-23 17:35:27,887 	 [INFO] | steps_accounts.py:17] > Configure Client for account membership 
2018-10-23 17:35:27,893 	 [INFO] | steps_accounts.py:53] > Execute Request for a feature
2018-10-23 17:35:28,824 	 [INFO] | steps_accounts.py:60] > Validation Smoke code response= 200
2018-10-23 17:35:28,834 	 [INFO] | steps_accounts.py:35] > Configure Client for accounts and account summaries
2018-10-23 17:35:28,839 	 [INFO] | steps_accounts.py:53] > Execute Request for a feature
2018-10-23 17:35:29,620 	 [INFO] | steps_accounts.py:60] > Validation Smoke code response= 200
2018-10-23 17:35:29,625 	 [INFO] | steps_accounts.py:35] > Configure Client for accounts and account summaries
2018-10-23 17:35:29,630 	 [INFO] | steps_accounts.py:53] > Execute Request for a feature
2018-10-23 17:35:30,523 	 [INFO] | steps_accounts.py:60] > Validation Smoke code response= 200
2018-10-23 17:36:50,112 	 [INFO] | steps_accounts.py:17] > Configure Client for account membership 
2018-10-23 17:36:50,123 	 [INFO] | steps_accounts.py:66] > Execute Request for create and update feature
2018-10-23 17:36:51,281 	 [INFO] | steps_accounts.py:60] > Validation Smoke code response= 200
2018-10-23 17:36:53,997 	 [INFO] | steps_accounts.py:17] > Configure Client for account membership 
2018-10-23 17:36:54,002 	 [INFO] | steps_accounts.py:53] > Execute Request for a feature
2018-10-23 17:36:55,125 	 [INFO] | steps_accounts.py:60] > Validation Smoke code response= 200
2018-10-23 17:36:58,055 	 [INFO] | steps_accounts.py:26] > Configure Client for account membership with specific id
2018-10-23 17:36:58,060 	 [INFO] | steps_accounts.py:53] > Execute Request for a feature
2018-10-23 17:36:58,876 	 [INFO] | steps_accounts.py:60] > Validation Smoke code response= 200
2018-10-23 17:37:01,984 	 [INFO] | steps_accounts.py:26] > Configure Client for account membership with specific id
2018-10-23 17:37:01,987 	 [INFO] | steps_accounts.py:66] > Execute Request for create and update feature
2018-10-23 17:37:03,213 	 [INFO] | steps_accounts.py:60] > Validation Smoke code response= 200
2018-10-23 17:37:06,001 	 [INFO] | steps_accounts.py:26] > Configure Client for account membership with specific id
2018-10-23 17:37:06,005 	 [INFO] | steps_accounts.py:53] > Execute Request for a feature
2018-10-23 17:37:06,906 	 [INFO] | steps_accounts.py:60] > Validation Smoke code response= 204
2018-10-23 17:37:07,669 	 [INFO] | steps_accounts.py:35] > Configure Client for accounts and account summaries
2018-10-23 17:37:07,672 	 [INFO] | steps_accounts.py:53] > Execute Request for a feature
2018-10-23 17:37:08,437 	 [INFO] | steps_accounts.py:60] > Validation Smoke code response= 200
2018-10-23 17:37:09,274 	 [INFO] | steps_accounts.py:17] > Configure Client for account membership 
2018-10-23 17:37:09,278 	 [INFO] | steps_accounts.py:53] > Execute Request for a feature
2018-10-23 17:37:10,158 	 [INFO] | steps_accounts.py:60] > Validation Smoke code response= 200
2018-10-23 17:37:10,165 	 [INFO] | steps_accounts.py:35] > Configure Client for accounts and account summaries
2018-10-23 17:37:10,170 	 [INFO] | steps_accounts.py:53] > Execute Request for a feature
2018-10-23 17:37:11,111 	 [INFO] | steps_accounts.py:60] > Validation Smoke code response= 200
2018-10-23 17:37:11,119 	 [INFO] | steps_accounts.py:35] > Configure Client for accounts and account summaries
2018-10-23 17:37:11,122 	 [INFO] | steps_accounts.py:53] > Execute Request for a feature
2018-10-23 17:37:12,025 	 [INFO] | steps_accounts.py:60] > Validation Smoke code response= 200
2018-10-23 17:38:18,192 	 [INFO] | steps_accounts.py:17] > Configure Client for account membership 
2018-10-23 17:38:18,200 	 [INFO] | steps_accounts.py:66] > Execute Request for create and update feature
2018-10-23 17:38:19,275 	 [INFO] | steps_accounts.py:60] > Validation Smoke code response= 200
2018-10-23 17:38:22,160 	 [INFO] | steps_accounts.py:17] > Configure Client for account membership 
2018-10-23 17:38:22,164 	 [INFO] | steps_accounts.py:53] > Execute Request for a feature
2018-10-23 17:38:23,249 	 [INFO] | steps_accounts.py:60] > Validation Smoke code response= 200
2018-10-23 17:38:26,424 	 [INFO] | steps_accounts.py:26] > Configure Client for account membership with specific id
2018-10-23 17:38:26,426 	 [INFO] | steps_accounts.py:53] > Execute Request for a feature
2018-10-23 17:38:27,235 	 [INFO] | steps_accounts.py:60] > Validation Smoke code response= 200
2018-10-23 17:38:30,257 	 [INFO] | steps_accounts.py:26] > Configure Client for account membership with specific id
2018-10-23 17:38:30,261 	 [INFO] | steps_accounts.py:66] > Execute Request for create and update feature
2018-10-23 17:38:31,481 	 [INFO] | steps_accounts.py:60] > Validation Smoke code response= 200
2018-10-23 17:38:34,219 	 [INFO] | steps_accounts.py:26] > Configure Client for account membership with specific id
2018-10-23 17:38:34,223 	 [INFO] | steps_accounts.py:53] > Execute Request for a feature
2018-10-23 17:38:35,371 	 [INFO] | steps_accounts.py:60] > Validation Smoke code response= 204
2018-10-23 17:38:36,600 	 [INFO] | steps_accounts.py:35] > Configure Client for accounts and account summaries
2018-10-23 17:38:36,605 	 [INFO] | steps_accounts.py:53] > Execute Request for a feature
2018-10-23 17:38:38,036 	 [INFO] | steps_accounts.py:60] > Validation Smoke code response= 200
2018-10-23 17:38:39,470 	 [INFO] | steps_accounts.py:17] > Configure Client for account membership 
2018-10-23 17:38:39,474 	 [INFO] | steps_accounts.py:53] > Execute Request for a feature
2018-10-23 17:38:40,665 	 [INFO] | steps_accounts.py:60] > Validation Smoke code response= 200
2018-10-23 17:38:40,672 	 [INFO] | steps_accounts.py:35] > Configure Client for accounts and account summaries
2018-10-23 17:38:40,676 	 [INFO] | steps_accounts.py:53] > Execute Request for a feature
2018-10-23 17:38:41,571 	 [INFO] | steps_accounts.py:60] > Validation Smoke code response= 200
2018-10-23 17:38:41,578 	 [INFO] | steps_accounts.py:35] > Configure Client for accounts and account summaries
2018-10-23 17:38:41,582 	 [INFO] | steps_accounts.py:53] > Execute Request for a feature
2018-10-23 17:38:42,337 	 [INFO] | steps_accounts.py:60] > Validation Smoke code response= 200
2018-10-23 18:06:11,112 	 [INFO] | steps_accounts.py:17] > Configure Client for account membership 
2018-10-23 18:06:11,118 	 [INFO] | steps_accounts.py:66] > Execute Request for create and update feature
2018-10-23 18:06:12,085 	 [INFO] | steps_accounts.py:60] > Validation Smoke code response= 200
2018-10-23 18:06:15,095 	 [INFO] | steps_accounts.py:17] > Configure Client for account membership 
2018-10-23 18:06:15,099 	 [INFO] | steps_accounts.py:53] > Execute Request for a feature
2018-10-23 18:06:15,950 	 [INFO] | steps_accounts.py:60] > Validation Smoke code response= 200
2018-10-23 18:06:19,372 	 [INFO] | steps_accounts.py:26] > Configure Client for account membership with specific id
2018-10-23 18:06:19,377 	 [INFO] | steps_accounts.py:53] > Execute Request for a feature
2018-10-23 18:06:20,265 	 [INFO] | steps_accounts.py:60] > Validation Smoke code response= 200
2018-10-23 18:06:23,419 	 [INFO] | steps_accounts.py:26] > Configure Client for account membership with specific id
2018-10-23 18:06:23,423 	 [INFO] | steps_accounts.py:66] > Execute Request for create and update feature
2018-10-23 18:06:24,381 	 [INFO] | steps_accounts.py:60] > Validation Smoke code response= 200
2018-10-23 18:06:27,577 	 [INFO] | steps_accounts.py:26] > Configure Client for account membership with specific id
2018-10-23 18:06:27,580 	 [INFO] | steps_accounts.py:53] > Execute Request for a feature
2018-10-23 18:06:28,533 	 [INFO] | steps_accounts.py:60] > Validation Smoke code response= 204
2018-10-23 18:06:29,600 	 [INFO] | steps_accounts.py:35] > Configure Client for accounts and account summaries
2018-10-23 18:06:29,604 	 [INFO] | steps_accounts.py:53] > Execute Request for a feature
2018-10-23 18:06:30,868 	 [INFO] | steps_accounts.py:60] > Validation Smoke code response= 200
2018-10-23 18:06:31,698 	 [INFO] | steps_accounts.py:17] > Configure Client for account membership 
2018-10-23 18:06:31,702 	 [INFO] | steps_accounts.py:53] > Execute Request for a feature
2018-10-23 18:06:32,698 	 [INFO] | steps_accounts.py:60] > Validation Smoke code response= 200
2018-10-23 18:06:32,703 	 [INFO] | steps_accounts.py:35] > Configure Client for accounts and account summaries
2018-10-23 18:06:32,706 	 [INFO] | steps_accounts.py:53] > Execute Request for a feature
2018-10-23 18:06:33,687 	 [INFO] | steps_accounts.py:60] > Validation Smoke code response= 200
2018-10-23 18:08:41,983 	 [INFO] | steps_accounts.py:17] > Configure Client for account membership 
2018-10-23 18:08:41,991 	 [INFO] | steps_accounts.py:66] > Execute Request for create and update feature
2018-10-23 18:08:43,437 	 [INFO] | steps_accounts.py:60] > Validation Smoke code response= 200
2018-10-23 18:08:46,064 	 [INFO] | steps_accounts.py:17] > Configure Client for account membership 
2018-10-23 18:08:46,069 	 [INFO] | steps_accounts.py:53] > Execute Request for a feature
2018-10-23 18:08:46,814 	 [INFO] | steps_accounts.py:60] > Validation Smoke code response= 200
2018-10-23 18:08:49,734 	 [INFO] | steps_accounts.py:26] > Configure Client for account membership with specific id
2018-10-23 18:08:49,738 	 [INFO] | steps_accounts.py:53] > Execute Request for a feature
2018-10-23 18:08:50,431 	 [INFO] | steps_accounts.py:60] > Validation Smoke code response= 200
2018-10-23 18:08:53,984 	 [INFO] | steps_accounts.py:26] > Configure Client for account membership with specific id
2018-10-23 18:08:53,988 	 [INFO] | steps_accounts.py:66] > Execute Request for create and update feature
2018-10-23 18:08:54,912 	 [INFO] | steps_accounts.py:60] > Validation Smoke code response= 200
2018-10-23 18:08:58,178 	 [INFO] | steps_accounts.py:26] > Configure Client for account membership with specific id
2018-10-23 18:08:58,182 	 [INFO] | steps_accounts.py:53] > Execute Request for a feature
2018-10-23 18:08:59,404 	 [INFO] | steps_accounts.py:60] > Validation Smoke code response= 204
2018-10-23 18:09:00,310 	 [INFO] | steps_accounts.py:35] > Configure Client for accounts and account summaries
2018-10-23 18:09:00,318 	 [INFO] | steps_accounts.py:53] > Execute Request for a feature
2018-10-23 18:09:01,353 	 [INFO] | steps_accounts.py:60] > Validation Smoke code response= 200
2018-10-23 18:09:02,712 	 [INFO] | steps_accounts.py:17] > Configure Client for account membership 
2018-10-23 18:09:02,717 	 [INFO] | steps_accounts.py:53] > Execute Request for a feature
2018-10-23 18:09:03,644 	 [INFO] | steps_accounts.py:60] > Validation Smoke code response= 200
2018-10-23 18:09:03,652 	 [INFO] | steps_accounts.py:35] > Configure Client for accounts and account summaries
2018-10-23 18:09:03,657 	 [INFO] | steps_accounts.py:53] > Execute Request for a feature
2018-10-23 18:09:04,459 	 [INFO] | steps_accounts.py:60] > Validation Smoke code response= 200
2018-10-23 18:10:51,507 	 [INFO] | steps_accounts.py:17] > Configure Client for account membership 
2018-10-23 18:10:51,517 	 [INFO] | steps_accounts.py:66] > Execute Request for create and update feature
2018-10-23 18:10:52,399 	 [INFO] | steps_accounts.py:60] > Validation Smoke code response= 200
2018-10-23 18:10:56,863 	 [INFO] | steps_accounts.py:17] > Configure Client for account membership 
2018-10-23 18:10:56,867 	 [INFO] | steps_accounts.py:53] > Execute Request for a feature
2018-10-23 18:10:57,684 	 [INFO] | steps_accounts.py:60] > Validation Smoke code response= 200
2018-10-23 18:11:00,961 	 [INFO] | steps_accounts.py:26] > Configure Client for account membership with specific id
2018-10-23 18:11:00,966 	 [INFO] | steps_accounts.py:53] > Execute Request for a feature
2018-10-23 18:11:01,948 	 [INFO] | steps_accounts.py:60] > Validation Smoke code response= 200
2018-10-23 18:11:05,338 	 [INFO] | steps_accounts.py:26] > Configure Client for account membership with specific id
2018-10-23 18:11:05,341 	 [INFO] | steps_accounts.py:66] > Execute Request for create and update feature
2018-10-23 18:11:06,697 	 [INFO] | steps_accounts.py:60] > Validation Smoke code response= 200
2018-10-23 18:11:09,973 	 [INFO] | steps_accounts.py:26] > Configure Client for account membership with specific id
2018-10-23 18:11:09,975 	 [INFO] | steps_accounts.py:53] > Execute Request for a feature
2018-10-23 18:11:10,783 	 [INFO] | steps_accounts.py:60] > Validation Smoke code response= 204
2018-10-23 18:11:11,812 	 [INFO] | steps_accounts.py:35] > Configure Client for accounts and account summaries
2018-10-23 18:11:11,816 	 [INFO] | steps_accounts.py:53] > Execute Request for a feature
2018-10-23 18:11:12,660 	 [INFO] | steps_accounts.py:60] > Validation Smoke code response= 200
2018-10-23 18:11:13,441 	 [INFO] | steps_accounts.py:17] > Configure Client for account membership 
2018-10-23 18:11:13,444 	 [INFO] | steps_accounts.py:53] > Execute Request for a feature
2018-10-23 18:11:14,333 	 [INFO] | steps_accounts.py:60] > Validation Smoke code response= 200
2018-10-23 18:11:14,340 	 [INFO] | steps_accounts.py:35] > Configure Client for accounts and account summaries
2018-10-23 18:11:14,344 	 [INFO] | steps_accounts.py:53] > Execute Request for a feature
2018-10-23 18:11:15,703 	 [INFO] | steps_accounts.py:60] > Validation Smoke code response= 200
2018-10-23 18:12:55,236 	 [INFO] | steps_accounts.py:17] > Configure Client for account membership 
2018-10-23 18:12:55,243 	 [INFO] | steps_accounts.py:66] > Execute Request for create and update feature
2018-10-23 18:12:56,261 	 [INFO] | steps_accounts.py:60] > Validation Smoke code response= 200
2018-10-23 18:12:58,952 	 [INFO] | steps_accounts.py:17] > Configure Client for account membership 
2018-10-23 18:12:58,957 	 [INFO] | steps_accounts.py:53] > Execute Request for a feature
2018-10-23 18:12:59,920 	 [INFO] | steps_accounts.py:60] > Validation Smoke code response= 200
2018-10-23 18:13:02,813 	 [INFO] | steps_accounts.py:26] > Configure Client for account membership with specific id
2018-10-23 18:13:02,817 	 [INFO] | steps_accounts.py:53] > Execute Request for a feature
2018-10-23 18:13:03,761 	 [INFO] | steps_accounts.py:60] > Validation Smoke code response= 200
2018-10-23 18:13:06,708 	 [INFO] | steps_accounts.py:26] > Configure Client for account membership with specific id
2018-10-23 18:13:06,713 	 [INFO] | steps_accounts.py:66] > Execute Request for create and update feature
2018-10-23 18:13:07,594 	 [INFO] | steps_accounts.py:60] > Validation Smoke code response= 200
2018-10-23 18:13:10,434 	 [INFO] | steps_accounts.py:26] > Configure Client for account membership with specific id
2018-10-23 18:13:10,440 	 [INFO] | steps_accounts.py:53] > Execute Request for a feature
2018-10-23 18:13:11,176 	 [INFO] | steps_accounts.py:60] > Validation Smoke code response= 204
2018-10-23 18:13:12,094 	 [INFO] | steps_accounts.py:35] > Configure Client for accounts and account summaries
2018-10-23 18:13:12,099 	 [INFO] | steps_accounts.py:53] > Execute Request for a feature
2018-10-23 18:13:13,068 	 [INFO] | steps_accounts.py:60] > Validation Smoke code response= 200
2018-10-23 18:13:14,063 	 [INFO] | steps_accounts.py:17] > Configure Client for account membership 
2018-10-23 18:13:14,067 	 [INFO] | steps_accounts.py:53] > Execute Request for a feature
2018-10-23 18:13:14,971 	 [INFO] | steps_accounts.py:60] > Validation Smoke code response= 200
2018-10-23 18:13:14,978 	 [INFO] | steps_accounts.py:35] > Configure Client for accounts and account summaries
2018-10-23 18:13:14,983 	 [INFO] | steps_accounts.py:53] > Execute Request for a feature
2018-10-23 18:13:15,916 	 [INFO] | steps_accounts.py:60] > Validation Smoke code response= 200
2018-10-23 18:13:15,927 	 [INFO] | steps_accounts.py:53] > Execute Request for a feature
2018-10-23 18:19:10,936 	 [INFO] | steps_accounts.py:17] > Configure Client for account membership 
2018-10-23 18:19:10,944 	 [INFO] | steps_accounts.py:66] > Execute Request for create and update feature
2018-10-23 18:19:11,964 	 [INFO] | steps_accounts.py:60] > Validation Smoke code response= 200
2018-10-23 18:19:16,155 	 [INFO] | steps_accounts.py:17] > Configure Client for account membership 
2018-10-23 18:19:16,160 	 [INFO] | steps_accounts.py:53] > Execute Request for a feature
2018-10-23 18:19:17,048 	 [INFO] | steps_accounts.py:60] > Validation Smoke code response= 200
2018-10-23 18:19:22,305 	 [INFO] | steps_accounts.py:26] > Configure Client for account membership with specific id
2018-10-23 18:19:22,309 	 [INFO] | steps_accounts.py:53] > Execute Request for a feature
2018-10-23 18:19:23,123 	 [INFO] | steps_accounts.py:60] > Validation Smoke code response= 200
2018-10-23 18:19:25,611 	 [INFO] | steps_accounts.py:26] > Configure Client for account membership with specific id
2018-10-23 18:19:25,615 	 [INFO] | steps_accounts.py:66] > Execute Request for create and update feature
2018-10-23 18:19:26,811 	 [INFO] | steps_accounts.py:60] > Validation Smoke code response= 200
2018-10-23 18:19:30,805 	 [INFO] | steps_accounts.py:26] > Configure Client for account membership with specific id
2018-10-23 18:19:30,808 	 [INFO] | steps_accounts.py:53] > Execute Request for a feature
2018-10-23 18:19:31,728 	 [INFO] | steps_accounts.py:60] > Validation Smoke code response= 204
2018-10-23 18:19:33,159 	 [INFO] | steps_accounts.py:35] > Configure Client for accounts and account summaries
2018-10-23 18:19:33,162 	 [INFO] | steps_accounts.py:53] > Execute Request for a feature
2018-10-23 18:19:34,287 	 [INFO] | steps_accounts.py:60] > Validation Smoke code response= 200
2018-10-23 18:19:35,309 	 [INFO] | steps_accounts.py:17] > Configure Client for account membership 
2018-10-23 18:19:35,312 	 [INFO] | steps_accounts.py:53] > Execute Request for a feature
2018-10-23 18:19:36,466 	 [INFO] | steps_accounts.py:60] > Validation Smoke code response= 200
2018-10-23 18:19:36,479 	 [INFO] | steps_accounts.py:35] > Configure Client for accounts and account summaries
2018-10-23 18:19:36,485 	 [INFO] | steps_accounts.py:53] > Execute Request for a feature
2018-10-23 18:19:37,324 	 [INFO] | steps_accounts.py:60] > Validation Smoke code response= 200
2018-10-23 18:19:37,333 	 [INFO] | steps_accounts.py:53] > Execute Request for a feature
2018-10-23 18:24:36,055 	 [INFO] | steps_accounts.py:17] > Configure Client for account membership 
2018-10-23 18:24:36,063 	 [INFO] | steps_accounts.py:66] > Execute Request for create and update feature
2018-10-23 18:24:37,589 	 [INFO] | steps_accounts.py:60] > Validation Smoke code response= 200
2018-10-23 18:24:44,899 	 [INFO] | steps_accounts.py:17] > Configure Client for account membership 
2018-10-23 18:24:44,903 	 [INFO] | steps_accounts.py:53] > Execute Request for a feature
2018-10-23 18:24:47,023 	 [INFO] | steps_accounts.py:60] > Validation Smoke code response= 200
2018-10-23 18:24:52,647 	 [INFO] | steps_accounts.py:26] > Configure Client for account membership with specific id
2018-10-23 18:24:52,650 	 [INFO] | steps_accounts.py:53] > Execute Request for a feature
2018-10-23 18:24:54,854 	 [INFO] | steps_accounts.py:60] > Validation Smoke code response= 200
2018-10-23 18:25:00,137 	 [INFO] | steps_accounts.py:26] > Configure Client for account membership with specific id
2018-10-23 18:25:00,142 	 [INFO] | steps_accounts.py:66] > Execute Request for create and update feature
2018-10-23 18:25:00,936 	 [INFO] | steps_accounts.py:60] > Validation Smoke code response= 200
2018-10-23 18:25:03,549 	 [INFO] | steps_accounts.py:26] > Configure Client for account membership with specific id
2018-10-23 18:25:03,553 	 [INFO] | steps_accounts.py:53] > Execute Request for a feature
2018-10-23 18:25:04,556 	 [INFO] | steps_accounts.py:60] > Validation Smoke code response= 204
2018-10-23 18:25:05,547 	 [INFO] | steps_accounts.py:35] > Configure Client for accounts and account summaries
2018-10-23 18:25:05,551 	 [INFO] | steps_accounts.py:53] > Execute Request for a feature
2018-10-23 18:25:06,396 	 [INFO] | steps_accounts.py:60] > Validation Smoke code response= 200
2018-10-23 18:25:07,390 	 [INFO] | steps_accounts.py:17] > Configure Client for account membership 
2018-10-23 18:25:07,394 	 [INFO] | steps_accounts.py:53] > Execute Request for a feature
2018-10-23 18:25:08,221 	 [INFO] | steps_accounts.py:60] > Validation Smoke code response= 200
2018-10-23 18:25:08,228 	 [INFO] | steps_accounts.py:35] > Configure Client for accounts and account summaries
2018-10-23 18:25:08,232 	 [INFO] | steps_accounts.py:53] > Execute Request for a feature
2018-10-23 18:25:09,024 	 [INFO] | steps_accounts.py:60] > Validation Smoke code response= 200
2018-10-23 18:25:09,034 	 [INFO] | steps_accounts.py:53] > Execute Request for a feature
2018-10-23 18:31:11,384 	 [INFO] | steps_accounts.py:53] > Execute Request for a feature
2018-10-23 18:33:28,379 	 [INFO] | steps_accounts.py:53] > Execute Request for a feature
2018-10-23 18:38:07,795 	 [INFO] | steps_accounts.py:53] > Execute Request for a feature
2018-10-23 18:46:43,965 	 [INFO] | steps_accounts.py:53] > Execute Request for a feature
2018-10-23 18:50:19,138 	 [INFO] | steps_accounts.py:53] > Execute Request for a feature
2018-10-23 19:02:48,088 	 [INFO] | steps_accounts.py:35] > Configure Client for accounts and account summaries
2018-10-23 19:02:48,093 	 [INFO] | steps_accounts.py:53] > Execute Request for a feature
2018-10-23 19:04:37,357 	 [INFO] | steps_accounts.py:35] > Configure Client for accounts and account summaries
2018-10-23 19:04:37,360 	 [INFO] | steps_accounts.py:53] > Execute Request for a feature
2018-10-23 19:05:38,329 	 [INFO] | steps_accounts.py:35] > Configure Client for accounts and account summaries
2018-10-23 19:05:38,333 	 [INFO] | steps_accounts.py:53] > Execute Request for a feature
2018-10-23 19:06:38,278 	 [INFO] | steps_accounts.py:35] > Configure Client for accounts and account summaries
2018-10-23 19:06:38,281 	 [INFO] | steps_accounts.py:53] > Execute Request for a feature
2018-10-23 19:08:15,247 	 [INFO] | steps_accounts.py:35] > Configure Client for accounts and account summaries
2018-10-23 19:08:15,251 	 [INFO] | steps_accounts.py:53] > Execute Request for a feature
2018-10-23 19:08:44,237 	 [INFO] | steps_accounts.py:35] > Configure Client for accounts and account summaries
2018-10-23 19:08:44,240 	 [INFO] | steps_accounts.py:53] > Execute Request for a feature
2018-10-23 19:09:28,372 	 [INFO] | steps_accounts.py:35] > Configure Client for accounts and account summaries
2018-10-23 19:09:28,378 	 [INFO] | steps_accounts.py:53] > Execute Request for a feature
2018-10-23 19:09:32,605 	 [INFO] | steps_accounts.py:61] > Validation Smoke code response= 200
2018-10-23 19:10:13,358 	 [INFO] | steps_accounts.py:17] > Configure Client for account membership 
2018-10-23 19:10:13,366 	 [INFO] | steps_accounts.py:67] > Execute Request for create and update feature
2018-10-23 19:10:15,546 	 [INFO] | steps_accounts.py:61] > Validation Smoke code response= 200
2018-10-23 19:10:19,909 	 [INFO] | steps_accounts.py:17] > Configure Client for account membership 
2018-10-23 19:10:19,914 	 [INFO] | steps_accounts.py:53] > Execute Request for a feature
2018-10-23 19:10:21,989 	 [INFO] | steps_accounts.py:61] > Validation Smoke code response= 200
2018-10-23 19:10:25,247 	 [INFO] | steps_accounts.py:26] > Configure Client for account membership with specific id
2018-10-23 19:10:25,253 	 [INFO] | steps_accounts.py:53] > Execute Request for a feature
2018-10-23 19:10:28,947 	 [INFO] | steps_accounts.py:61] > Validation Smoke code response= 200
2018-10-23 19:10:43,333 	 [INFO] | steps_accounts.py:26] > Configure Client for account membership with specific id
2018-10-23 19:10:43,337 	 [INFO] | steps_accounts.py:67] > Execute Request for create and update feature
2018-10-23 19:10:44,266 	 [INFO] | steps_accounts.py:61] > Validation Smoke code response= 200
2018-10-23 19:10:49,456 	 [INFO] | steps_accounts.py:26] > Configure Client for account membership with specific id
2018-10-23 19:10:49,460 	 [INFO] | steps_accounts.py:53] > Execute Request for a feature
2018-10-23 19:10:50,389 	 [INFO] | steps_accounts.py:61] > Validation Smoke code response= 204
2018-10-23 19:10:51,390 	 [INFO] | steps_accounts.py:35] > Configure Client for accounts and account summaries
2018-10-23 19:10:51,396 	 [INFO] | steps_accounts.py:53] > Execute Request for a feature
2018-10-23 19:10:55,909 	 [INFO] | steps_accounts.py:61] > Validation Smoke code response= 200
2018-10-23 19:10:57,444 	 [INFO] | steps_accounts.py:17] > Configure Client for account membership 
2018-10-23 19:10:57,449 	 [INFO] | steps_accounts.py:53] > Execute Request for a feature
2018-10-23 19:10:58,457 	 [INFO] | steps_accounts.py:61] > Validation Smoke code response= 200
2018-10-23 19:10:58,465 	 [INFO] | steps_accounts.py:35] > Configure Client for accounts and account summaries
2018-10-23 19:10:58,469 	 [INFO] | steps_accounts.py:53] > Execute Request for a feature
2018-10-23 19:10:59,787 	 [INFO] | steps_accounts.py:61] > Validation Smoke code response= 200
2018-10-23 19:10:59,794 	 [INFO] | steps_accounts.py:35] > Configure Client for accounts and account summaries
2018-10-23 19:10:59,802 	 [INFO] | steps_accounts.py:53] > Execute Request for a feature
2018-10-23 19:11:00,963 	 [INFO] | steps_accounts.py:61] > Validation Smoke code response= 200
2018-10-23 19:29:48,489 	 [INFO] | steps_accounts.py:17] > Configure Client for account membership 
2018-10-23 19:29:48,516 	 [INFO] | steps_accounts.py:67] > Execute Request for create and update feature
2018-10-23 19:29:49,544 	 [INFO] | steps_accounts.py:61] > Validation Smoke code response= 200
2018-10-23 19:29:52,097 	 [INFO] | steps_accounts.py:26] > Configure Client for account membership with specific id
2018-10-23 19:29:52,099 	 [INFO] | steps_accounts.py:53] > Execute Request for a feature
2018-10-23 19:29:52,730 	 [INFO] | steps_accounts.py:61] > Validation Smoke code response= 200
2018-10-23 19:29:54,079 	 [INFO] | steps_accounts.py:17] > Configure Client for account membership 
2018-10-23 19:29:54,080 	 [INFO] | steps_accounts.py:53] > Execute Request for a feature
2018-10-23 19:29:54,729 	 [INFO] | steps_accounts.py:61] > Validation Smoke code response= 200
2018-10-23 19:29:56,261 	 [INFO] | steps_accounts.py:26] > Configure Client for account membership with specific id
2018-10-23 19:29:56,262 	 [INFO] | steps_accounts.py:67] > Execute Request for create and update feature
2018-10-23 19:29:56,926 	 [INFO] | steps_accounts.py:79] > Validation crud : updated
2018-10-23 19:29:59,137 	 [INFO] | steps_accounts.py:26] > Configure Client for account membership with specific id
2018-10-23 19:29:59,138 	 [INFO] | steps_accounts.py:53] > Execute Request for a feature
2018-10-23 19:31:35,134 	 [INFO] | steps_accounts.py:17] > Configure Client for account membership 
2018-10-23 19:31:35,135 	 [INFO] | steps_accounts.py:67] > Execute Request for create and update feature
2018-10-23 19:31:36,099 	 [INFO] | steps_accounts.py:61] > Validation Smoke code response= 200
2018-10-23 19:31:38,338 	 [INFO] | steps_accounts.py:26] > Configure Client for account membership with specific id
2018-10-23 19:31:38,339 	 [INFO] | steps_accounts.py:53] > Execute Request for a feature
2018-10-23 19:31:38,991 	 [INFO] | steps_accounts.py:61] > Validation Smoke code response= 200
2018-10-23 19:31:40,311 	 [INFO] | steps_accounts.py:17] > Configure Client for account membership 
2018-10-23 19:31:40,312 	 [INFO] | steps_accounts.py:53] > Execute Request for a feature
2018-10-23 19:31:40,951 	 [INFO] | steps_accounts.py:61] > Validation Smoke code response= 200
2018-10-23 19:31:42,819 	 [INFO] | steps_accounts.py:26] > Configure Client for account membership with specific id
2018-10-23 19:31:42,820 	 [INFO] | steps_accounts.py:67] > Execute Request for create and update feature
2018-10-23 19:31:43,520 	 [INFO] | steps_accounts.py:79] > Validation crud : updated
2018-10-23 19:31:45,679 	 [INFO] | steps_accounts.py:26] > Configure Client for account membership with specific id
2018-10-23 19:31:45,680 	 [INFO] | steps_accounts.py:53] > Execute Request for a feature
2018-10-23 19:33:29,801 	 [INFO] | steps_accounts.py:17] > Configure Client for account membership 
2018-10-23 19:33:29,806 	 [INFO] | steps_accounts.py:67] > Execute Request for create and update feature
2018-10-23 19:33:30,668 	 [INFO] | steps_accounts.py:61] > Validation Smoke code response= 200
2018-10-23 19:33:30,676 	 [INFO] | steps_accounts.py:79] > Validation crud : created
2018-10-23 19:33:33,228 	 [INFO] | steps_accounts.py:26] > Configure Client for account membership with specific id
2018-10-23 19:33:33,231 	 [INFO] | steps_accounts.py:53] > Execute Request for a feature
2018-10-23 19:33:33,867 	 [INFO] | steps_accounts.py:61] > Validation Smoke code response= 200
2018-10-23 19:33:35,507 	 [INFO] | steps_accounts.py:17] > Configure Client for account membership 
2018-10-23 19:33:35,509 	 [INFO] | steps_accounts.py:53] > Execute Request for a feature
2018-10-23 19:33:36,324 	 [INFO] | steps_accounts.py:61] > Validation Smoke code response= 200
2018-10-23 19:33:37,753 	 [INFO] | steps_accounts.py:26] > Configure Client for account membership with specific id
2018-10-23 19:33:37,754 	 [INFO] | steps_accounts.py:67] > Execute Request for create and update feature
2018-10-23 19:33:38,421 	 [INFO] | steps_accounts.py:79] > Validation crud : updated
2018-10-23 19:33:38,423 	 [INFO] | steps_accounts.py:79] > Validation crud : created
2018-10-23 19:33:40,572 	 [INFO] | steps_accounts.py:26] > Configure Client for account membership with specific id
2018-10-23 19:33:40,573 	 [INFO] | steps_accounts.py:53] > Execute Request for a feature
2018-10-23 19:33:41,245 	 [INFO] | steps_accounts.py:79] > Validation crud : created
2018-10-23 19:35:01,099 	 [INFO] | steps_accounts.py:17] > Configure Client for account membership 
2018-10-23 19:35:01,105 	 [INFO] | steps_accounts.py:67] > Execute Request for create and update feature
2018-10-23 19:35:01,802 	 [INFO] | steps_accounts.py:61] > Validation Smoke code response= 200
2018-10-23 19:35:01,806 	 [INFO] | steps_accounts.py:79] > Validation crud : created
2018-10-23 19:35:04,295 	 [INFO] | steps_accounts.py:26] > Configure Client for account membership with specific id
2018-10-23 19:35:04,296 	 [INFO] | steps_accounts.py:53] > Execute Request for a feature
2018-10-23 19:35:04,945 	 [INFO] | steps_accounts.py:61] > Validation Smoke code response= 200
2018-10-23 19:35:06,276 	 [INFO] | steps_accounts.py:17] > Configure Client for account membership 
2018-10-23 19:35:06,278 	 [INFO] | steps_accounts.py:53] > Execute Request for a feature
2018-10-23 19:35:07,062 	 [INFO] | steps_accounts.py:61] > Validation Smoke code response= 200
2018-10-23 19:35:08,503 	 [INFO] | steps_accounts.py:26] > Configure Client for account membership with specific id
2018-10-23 19:35:08,505 	 [INFO] | steps_accounts.py:67] > Execute Request for create and update feature
2018-10-23 19:35:09,182 	 [INFO] | steps_accounts.py:79] > Validation crud : updated
2018-10-23 19:35:09,189 	 [INFO] | steps_accounts.py:79] > Validation crud : created
2018-10-23 19:35:11,407 	 [INFO] | steps_accounts.py:26] > Configure Client for account membership with specific id
2018-10-23 19:35:11,408 	 [INFO] | steps_accounts.py:53] > Execute Request for a feature
2018-10-23 19:35:12,070 	 [INFO] | steps_accounts.py:79] > Validation crud : created
2018-10-23 19:36:00,319 	 [INFO] | steps_accounts.py:17] > Configure Client for account membership 
2018-10-23 19:36:00,324 	 [INFO] | steps_accounts.py:67] > Execute Request for create and update feature
2018-10-23 19:36:01,263 	 [INFO] | steps_accounts.py:61] > Validation Smoke code response= 200
2018-10-23 19:36:01,269 	 [INFO] | steps_accounts.py:79] > Validation crud : created
2018-10-23 19:36:03,818 	 [INFO] | steps_accounts.py:26] > Configure Client for account membership with specific id
2018-10-23 19:36:03,823 	 [INFO] | steps_accounts.py:53] > Execute Request for a feature
2018-10-23 19:36:04,466 	 [INFO] | steps_accounts.py:61] > Validation Smoke code response= 200
2018-10-23 19:36:05,817 	 [INFO] | steps_accounts.py:17] > Configure Client for account membership 
2018-10-23 19:36:05,820 	 [INFO] | steps_accounts.py:53] > Execute Request for a feature
2018-10-23 19:36:06,595 	 [INFO] | steps_accounts.py:61] > Validation Smoke code response= 200
2018-10-23 19:36:08,293 	 [INFO] | steps_accounts.py:26] > Configure Client for account membership with specific id
2018-10-23 19:36:08,295 	 [INFO] | steps_accounts.py:67] > Execute Request for create and update feature
2018-10-23 19:36:08,980 	 [INFO] | steps_accounts.py:79] > Validation crud : updated
2018-10-23 19:36:08,983 	 [INFO] | steps_accounts.py:79] > Validation crud : created
2018-10-23 19:36:11,172 	 [INFO] | steps_accounts.py:26] > Configure Client for account membership with specific id
2018-10-23 19:36:11,173 	 [INFO] | steps_accounts.py:53] > Execute Request for a feature
2018-10-23 19:36:11,844 	 [INFO] | steps_accounts.py:79] > Validation crud : created
2018-10-23 19:37:01,152 	 [INFO] | steps_accounts.py:17] > Configure Client for account membership 
2018-10-23 19:37:01,162 	 [INFO] | steps_accounts.py:67] > Execute Request for create and update feature
2018-10-23 19:37:02,054 	 [INFO] | steps_accounts.py:61] > Validation Smoke code response= 200
2018-10-23 19:37:02,058 	 [INFO] | steps_accounts.py:79] > Validation crud : created
2018-10-23 19:37:04,197 	 [INFO] | steps_accounts.py:26] > Configure Client for account membership with specific id
2018-10-23 19:37:04,198 	 [INFO] | steps_accounts.py:53] > Execute Request for a feature
2018-10-23 19:37:04,928 	 [INFO] | steps_accounts.py:61] > Validation Smoke code response= 200
2018-10-23 19:37:06,270 	 [INFO] | steps_accounts.py:17] > Configure Client for account membership 
2018-10-23 19:37:06,275 	 [INFO] | steps_accounts.py:53] > Execute Request for a feature
2018-10-23 19:37:07,064 	 [INFO] | steps_accounts.py:61] > Validation Smoke code response= 200
2018-10-23 19:37:08,461 	 [INFO] | steps_accounts.py:26] > Configure Client for account membership with specific id
2018-10-23 19:37:08,463 	 [INFO] | steps_accounts.py:67] > Execute Request for create and update feature
2018-10-23 19:37:09,413 	 [INFO] | steps_accounts.py:79] > Validation crud : updated
2018-10-23 19:37:09,417 	 [INFO] | steps_accounts.py:79] > Validation crud : created
2018-10-23 19:37:11,654 	 [INFO] | steps_accounts.py:26] > Configure Client for account membership with specific id
2018-10-23 19:37:11,655 	 [INFO] | steps_accounts.py:53] > Execute Request for a feature
2018-10-23 19:37:12,316 	 [INFO] | steps_accounts.py:79] > Validation crud : created
2018-10-23 19:38:40,266 	 [INFO] | steps_accounts.py:17] > Configure Client for account membership 
2018-10-23 19:38:40,270 	 [INFO] | steps_accounts.py:67] > Execute Request for create and update feature
2018-10-23 19:38:41,255 	 [INFO] | steps_accounts.py:61] > Validation Smoke code response= 200
2018-10-23 19:38:43,317 	 [INFO] | steps_accounts.py:26] > Configure Client for account membership with specific id
2018-10-23 19:38:43,318 	 [INFO] | steps_accounts.py:53] > Execute Request for a feature
2018-10-23 19:38:44,137 	 [INFO] | steps_accounts.py:61] > Validation Smoke code response= 200
2018-10-23 19:38:45,510 	 [INFO] | steps_accounts.py:17] > Configure Client for account membership 
2018-10-23 19:38:45,513 	 [INFO] | steps_accounts.py:53] > Execute Request for a feature
2018-10-23 19:38:46,280 	 [INFO] | steps_accounts.py:61] > Validation Smoke code response= 200
2018-10-23 19:38:47,974 	 [INFO] | steps_accounts.py:26] > Configure Client for account membership with specific id
2018-10-23 19:38:47,975 	 [INFO] | steps_accounts.py:67] > Execute Request for create and update feature
2018-10-23 19:38:48,936 	 [INFO] | steps_accounts.py:79] > Validation crud : updated
2018-10-23 19:38:51,006 	 [INFO] | steps_accounts.py:26] > Configure Client for account membership with specific id
2018-10-23 19:38:51,008 	 [INFO] | steps_accounts.py:53] > Execute Request for a feature
2018-10-23 19:39:15,216 	 [INFO] | steps_accounts.py:17] > Configure Client for account membership 
2018-10-23 19:39:15,923 	 [INFO] | steps_accounts.py:67] > Execute Request for create and update feature
2018-10-23 19:39:16,621 	 [INFO] | steps_accounts.py:61] > Validation Smoke code response= 200
2018-10-23 19:39:16,630 	 [INFO] | steps_accounts.py:79] > Validation crud : created
2018-10-23 19:39:18,873 	 [INFO] | steps_accounts.py:26] > Configure Client for account membership with specific id
2018-10-23 19:39:18,878 	 [INFO] | steps_accounts.py:53] > Execute Request for a feature
2018-10-23 19:39:19,655 	 [INFO] | steps_accounts.py:61] > Validation Smoke code response= 200
2018-10-23 19:39:21,008 	 [INFO] | steps_accounts.py:17] > Configure Client for account membership 
2018-10-23 19:39:21,011 	 [INFO] | steps_accounts.py:53] > Execute Request for a feature
2018-10-23 19:39:21,761 	 [INFO] | steps_accounts.py:61] > Validation Smoke code response= 200
2018-10-23 19:39:23,489 	 [INFO] | steps_accounts.py:26] > Configure Client for account membership with specific id
2018-10-23 19:39:23,491 	 [INFO] | steps_accounts.py:67] > Execute Request for create and update feature
2018-10-23 19:39:24,453 	 [INFO] | steps_accounts.py:79] > Validation crud : updated
2018-10-23 19:39:24,459 	 [INFO] | steps_accounts.py:79] > Validation crud : created
2018-10-23 19:39:26,692 	 [INFO] | steps_accounts.py:26] > Configure Client for account membership with specific id
2018-10-23 19:39:26,695 	 [INFO] | steps_accounts.py:53] > Execute Request for a feature
2018-10-23 19:39:27,357 	 [INFO] | steps_accounts.py:79] > Validation crud : created
2018-10-23 19:40:34,125 	 [INFO] | steps_accounts.py:17] > Configure Client for account membership 
2018-10-23 19:40:34,129 	 [INFO] | steps_accounts.py:67] > Execute Request for create and update feature
2018-10-23 19:40:35,178 	 [INFO] | steps_accounts.py:61] > Validation Smoke code response= 200
2018-10-23 19:40:35,186 	 [INFO] | steps_accounts.py:79] > Validation crud : created
2018-10-23 19:40:37,417 	 [INFO] | steps_accounts.py:26] > Configure Client for account membership with specific id
2018-10-23 19:40:37,421 	 [INFO] | steps_accounts.py:53] > Execute Request for a feature
2018-10-23 19:40:38,184 	 [INFO] | steps_accounts.py:61] > Validation Smoke code response= 200
2018-10-23 19:40:39,757 	 [INFO] | steps_accounts.py:17] > Configure Client for account membership 
2018-10-23 19:40:39,758 	 [INFO] | steps_accounts.py:53] > Execute Request for a feature
2018-10-23 19:40:40,521 	 [INFO] | steps_accounts.py:61] > Validation Smoke code response= 200
2018-10-23 19:40:42,216 	 [INFO] | steps_accounts.py:26] > Configure Client for account membership with specific id
2018-10-23 19:40:42,219 	 [INFO] | steps_accounts.py:67] > Execute Request for create and update feature
2018-10-23 19:40:42,934 	 [INFO] | steps_accounts.py:79] > Validation crud : updated
2018-10-23 19:40:42,941 	 [INFO] | steps_accounts.py:79] > Validation crud : created
2018-10-23 19:40:45,414 	 [INFO] | steps_accounts.py:26] > Configure Client for account membership with specific id
2018-10-23 19:40:45,418 	 [INFO] | steps_accounts.py:53] > Execute Request for a feature
