2018-10-25 06:52:08,240 	 [INFO] | steps_accounts.py:17] > Configure Client for account membership 
2018-10-25 06:52:08,249 	 [INFO] | steps_accounts.py:66] > Execute Request for create and update feature
2018-10-25 06:52:08,257 	 [INFO] | steps_accounts.py:53] > Execute Request for a feature
2018-10-25 06:52:09,507 	 [INFO] | steps_accounts.py:60] > Validation Smoke code response= 200
2018-10-25 06:52:09,535 	 [INFO] | steps_accounts.py:75] > Validation crud : created
2018-10-25 06:53:05,647 	 [INFO] | steps_accounts.py:17] > Configure Client for account membership 
2018-10-25 06:53:05,652 	 [INFO] | steps_accounts.py:66] > Execute Request for create and update feature
2018-10-25 06:53:05,654 	 [INFO] | steps_accounts.py:53] > Execute Request for a feature
2018-10-25 06:53:06,507 	 [INFO] | steps_accounts.py:60] > Validation Smoke code response= 200
2018-10-25 06:53:06,522 	 [INFO] | steps_accounts.py:75] > Validation crud : created
2018-10-25 06:54:41,224 	 [INFO] | steps_accounts.py:17] > Configure Client for account membership 
2018-10-25 06:54:41,230 	 [INFO] | steps_accounts.py:66] > Execute Request for create and update feature
2018-10-25 06:54:41,235 	 [INFO] | steps_accounts.py:53] > Execute Request for a feature
2018-10-25 06:54:42,027 	 [INFO] | steps_accounts.py:60] > Validation Smoke code response= 200
2018-10-25 06:54:42,038 	 [INFO] | steps_accounts.py:75] > Validation crud : created
2018-10-25 06:58:24,706 	 [INFO] | steps_accounts.py:17] > Configure Client for account membership 
2018-10-25 06:58:24,712 	 [INFO] | steps_accounts.py:66] > Execute Request for create and update feature
2018-10-25 06:58:24,718 	 [INFO] | steps_accounts.py:53] > Execute Request for a feature
2018-10-25 06:58:25,400 	 [INFO] | steps_accounts.py:60] > Validation Smoke code response= 200
2018-10-25 06:58:25,411 	 [INFO] | steps_accounts.py:75] > Validation crud : created
2018-10-25 06:58:27,932 	 [INFO] | steps_accounts.py:26] > Configure Client for account membership with specific id
2018-10-25 06:58:27,937 	 [INFO] | steps_accounts.py:53] > Execute Request for a feature
2018-10-25 06:58:28,556 	 [INFO] | steps_accounts.py:60] > Validation Smoke code response= 200
2018-10-25 06:58:30,391 	 [INFO] | steps_accounts.py:17] > Configure Client for account membership 
2018-10-25 06:58:30,396 	 [INFO] | steps_accounts.py:53] > Execute Request for a feature
2018-10-25 06:58:31,016 	 [INFO] | steps_accounts.py:60] > Validation Smoke code response= 200
2018-10-25 06:58:32,644 	 [INFO] | steps_accounts.py:26] > Configure Client for account membership with specific id
2018-10-25 06:58:32,648 	 [INFO] | steps_accounts.py:66] > Execute Request for create and update feature
2018-10-25 06:58:32,653 	 [INFO] | steps_accounts.py:53] > Execute Request for a feature
2018-10-25 06:58:33,564 	 [INFO] | steps_accounts.py:75] > Validation crud : updated
2018-10-25 06:58:36,128 	 [INFO] | steps_accounts.py:26] > Configure Client for account membership with specific id
2018-10-25 06:58:36,133 	 [INFO] | steps_accounts.py:53] > Execute Request for a feature
2018-10-25 07:03:15,840 	 [INFO] | steps_accounts.py:17] > Configure Client for account membership 
2018-10-25 07:03:15,849 	 [INFO] | steps_accounts.py:66] > Execute Request for create and update feature
2018-10-25 07:03:15,857 	 [INFO] | steps_accounts.py:53] > Execute Request for a feature
2018-10-25 07:03:16,907 	 [INFO] | steps_accounts.py:60] > Validation Smoke code response= 200
2018-10-25 07:03:16,920 	 [INFO] | steps_accounts.py:75] > Validation crud : created
2018-10-25 07:03:19,566 	 [INFO] | steps_accounts.py:26] > Configure Client for account membership with specific id
2018-10-25 07:03:19,569 	 [INFO] | steps_accounts.py:53] > Execute Request for a feature
2018-10-25 07:03:20,144 	 [INFO] | steps_accounts.py:60] > Validation Smoke code response= 200
2018-10-25 07:03:21,597 	 [INFO] | steps_accounts.py:17] > Configure Client for account membership 
2018-10-25 07:03:21,601 	 [INFO] | steps_accounts.py:53] > Execute Request for a feature
2018-10-25 07:03:22,211 	 [INFO] | steps_accounts.py:60] > Validation Smoke code response= 200
2018-10-25 07:03:24,278 	 [INFO] | steps_accounts.py:26] > Configure Client for account membership with specific id
2018-10-25 07:03:24,283 	 [INFO] | steps_accounts.py:66] > Execute Request for create and update feature
2018-10-25 07:03:24,289 	 [INFO] | steps_accounts.py:53] > Execute Request for a feature
2018-10-25 07:03:25,299 	 [INFO] | steps_accounts.py:60] > Validation Smoke code response= 200
2018-10-25 07:03:25,310 	 [INFO] | steps_accounts.py:75] > Validation crud : update
2018-10-25 07:03:27,760 	 [INFO] | steps_accounts.py:26] > Configure Client for account membership with specific id
2018-10-25 07:03:27,764 	 [INFO] | steps_accounts.py:53] > Execute Request for a feature
2018-10-25 07:13:15,531 	 [INFO] | steps_accounts.py:17] > Configure Client for account membership 
2018-10-25 07:13:15,539 	 [INFO] | steps_accounts.py:66] > Execute Request for create and update feature
2018-10-25 07:13:15,545 	 [INFO] | steps_accounts.py:53] > Execute Request for a feature
2018-10-25 07:13:16,653 	 [INFO] | steps_accounts.py:60] > Validation Smoke code response= 200
2018-10-25 07:13:16,660 	 [INFO] | steps_accounts.py:75] > Validation crud for created 
2018-10-25 07:13:20,447 	 [INFO] | steps_accounts.py:26] > Configure Client for account membership with specific id
2018-10-25 07:13:20,451 	 [INFO] | steps_accounts.py:53] > Execute Request for a feature
2018-10-25 07:13:21,221 	 [INFO] | steps_accounts.py:60] > Validation Smoke code response= 200
2018-10-25 07:13:24,334 	 [INFO] | steps_accounts.py:17] > Configure Client for account membership 
2018-10-25 07:13:24,338 	 [INFO] | steps_accounts.py:53] > Execute Request for a feature
2018-10-25 07:13:25,767 	 [INFO] | steps_accounts.py:60] > Validation Smoke code response= 200
2018-10-25 07:13:27,818 	 [INFO] | steps_accounts.py:26] > Configure Client for account membership with specific id
2018-10-25 07:13:27,823 	 [INFO] | steps_accounts.py:66] > Execute Request for create and update feature
2018-10-25 07:13:27,829 	 [INFO] | steps_accounts.py:53] > Execute Request for a feature
2018-10-25 07:13:28,839 	 [INFO] | steps_accounts.py:60] > Validation Smoke code response= 200
2018-10-25 07:13:28,850 	 [INFO] | steps_accounts.py:83] > Validation crud for updated 
2018-10-25 07:13:31,709 	 [INFO] | steps_accounts.py:26] > Configure Client for account membership with specific id
2018-10-25 07:13:31,714 	 [INFO] | steps_accounts.py:53] > Execute Request for a feature
2018-10-25 07:19:07,170 	 [INFO] | steps_accounts.py:17] > Configure Client for account membership 
2018-10-25 07:19:07,177 	 [INFO] | steps_accounts.py:66] > Execute Request for create and update feature
2018-10-25 07:19:07,182 	 [INFO] | steps_accounts.py:53] > Execute Request for a feature
2018-10-25 07:19:07,990 	 [INFO] | steps_accounts.py:60] > Validation Smoke code response= 200
2018-10-25 07:19:08,001 	 [INFO] | steps_accounts.py:75] > Validation crud for created 
2018-10-25 07:19:10,443 	 [INFO] | steps_accounts.py:26] > Configure Client for account membership with specific id
2018-10-25 07:19:10,447 	 [INFO] | steps_accounts.py:53] > Execute Request for a feature
2018-10-25 07:19:11,058 	 [INFO] | steps_accounts.py:60] > Validation Smoke code response= 200
2018-10-25 07:19:12,525 	 [INFO] | steps_accounts.py:17] > Configure Client for account membership 
2018-10-25 07:19:12,531 	 [INFO] | steps_accounts.py:53] > Execute Request for a feature
2018-10-25 07:19:13,518 	 [INFO] | steps_accounts.py:60] > Validation Smoke code response= 200
2018-10-25 07:19:15,356 	 [INFO] | steps_accounts.py:26] > Configure Client for account membership with specific id
2018-10-25 07:19:15,361 	 [INFO] | steps_accounts.py:66] > Execute Request for create and update feature
2018-10-25 07:19:15,367 	 [INFO] | steps_accounts.py:53] > Execute Request for a feature
2018-10-25 07:19:16,039 	 [INFO] | steps_accounts.py:60] > Validation Smoke code response= 200
2018-10-25 07:19:16,052 	 [INFO] | steps_accounts.py:83] > Validation crud for updated 
2018-10-25 07:19:18,244 	 [INFO] | steps_accounts.py:26] > Configure Client for account membership with specific id
2018-10-25 07:19:18,248 	 [INFO] | steps_accounts.py:53] > Execute Request for a feature
2018-10-25 07:23:02,278 	 [INFO] | steps_accounts.py:17] > Configure Client for account membership 
2018-10-25 07:23:02,284 	 [INFO] | steps_accounts.py:66] > Execute Request for create and update feature
2018-10-25 07:23:02,291 	 [INFO] | steps_accounts.py:53] > Execute Request for a feature
2018-10-25 07:23:03,306 	 [INFO] | steps_accounts.py:60] > Validation Smoke code response= 200
2018-10-25 07:23:03,318 	 [INFO] | steps_accounts.py:75] > Validation crud for created 
2018-10-25 07:23:05,962 	 [INFO] | steps_accounts.py:26] > Configure Client for account membership with specific id
2018-10-25 07:23:05,966 	 [INFO] | steps_accounts.py:53] > Execute Request for a feature
2018-10-25 07:23:07,215 	 [INFO] | steps_accounts.py:60] > Validation Smoke code response= 200
2018-10-25 07:23:08,726 	 [INFO] | steps_accounts.py:17] > Configure Client for account membership 
2018-10-25 07:23:08,741 	 [INFO] | steps_accounts.py:53] > Execute Request for a feature
2018-10-25 07:23:09,340 	 [INFO] | steps_accounts.py:60] > Validation Smoke code response= 200
2018-10-25 07:23:11,287 	 [INFO] | steps_accounts.py:26] > Configure Client for account membership with specific id
2018-10-25 07:23:11,293 	 [INFO] | steps_accounts.py:66] > Execute Request for create and update feature
2018-10-25 07:23:11,300 	 [INFO] | steps_accounts.py:53] > Execute Request for a feature
2018-10-25 07:23:11,957 	 [INFO] | steps_accounts.py:60] > Validation Smoke code response= 200
2018-10-25 07:23:11,966 	 [INFO] | steps_accounts.py:83] > Validation crud for updated 
2018-10-25 07:23:14,874 	 [INFO] | steps_accounts.py:26] > Configure Client for account membership with specific id
2018-10-25 07:23:14,878 	 [INFO] | steps_accounts.py:53] > Execute Request for a feature
2018-10-25 07:48:35,234 	 [INFO] | steps_accounts.py:17] > Configure Client for account membership 
2018-10-25 07:48:35,241 	 [INFO] | steps_accounts.py:66] > Execute Request for create and update feature
2018-10-25 07:48:35,247 	 [INFO] | steps_accounts.py:53] > Execute Request for a feature
2018-10-25 07:48:36,083 	 [INFO] | steps_accounts.py:60] > Validation Smoke code response= 200
2018-10-25 07:48:36,097 	 [INFO] | steps_accounts.py:75] > Validation crud for created 
2018-10-25 07:48:38,113 	 [INFO] | steps_accounts.py:26] > Configure Client for account membership with specific id
2018-10-25 07:48:38,117 	 [INFO] | steps_accounts.py:53] > Execute Request for a feature
2018-10-25 07:48:38,839 	 [INFO] | steps_accounts.py:60] > Validation Smoke code response= 200
2018-10-25 07:48:40,175 	 [INFO] | steps_accounts.py:17] > Configure Client for account membership 
2018-10-25 07:48:40,179 	 [INFO] | steps_accounts.py:53] > Execute Request for a feature
2018-10-25 07:48:40,838 	 [INFO] | steps_accounts.py:60] > Validation Smoke code response= 200
2018-10-25 07:48:42,370 	 [INFO] | steps_accounts.py:26] > Configure Client for account membership with specific id
2018-10-25 07:48:42,375 	 [INFO] | steps_accounts.py:66] > Execute Request for create and update feature
2018-10-25 07:48:42,380 	 [INFO] | steps_accounts.py:53] > Execute Request for a feature
2018-10-25 07:48:43,006 	 [INFO] | steps_accounts.py:60] > Validation Smoke code response= 400
2018-10-25 07:48:45,371 	 [INFO] | steps_accounts.py:26] > Configure Client for account membership with specific id
2018-10-25 07:48:45,376 	 [INFO] | steps_accounts.py:53] > Execute Request for a feature
2018-10-25 07:49:21,901 	 [INFO] | steps_accounts.py:17] > Configure Client for account membership 
2018-10-25 07:49:21,907 	 [INFO] | steps_accounts.py:66] > Execute Request for create and update feature
2018-10-25 07:49:21,913 	 [INFO] | steps_accounts.py:53] > Execute Request for a feature
2018-10-25 07:49:22,675 	 [INFO] | steps_accounts.py:60] > Validation Smoke code response= 200
2018-10-25 07:49:22,687 	 [INFO] | steps_accounts.py:75] > Validation crud for created 
2018-10-25 07:49:25,481 	 [INFO] | steps_accounts.py:26] > Configure Client for account membership with specific id
2018-10-25 07:49:25,486 	 [INFO] | steps_accounts.py:53] > Execute Request for a feature
2018-10-25 07:49:26,177 	 [INFO] | steps_accounts.py:60] > Validation Smoke code response= 200
2018-10-25 07:49:27,824 	 [INFO] | steps_accounts.py:17] > Configure Client for account membership 
2018-10-25 07:49:27,829 	 [INFO] | steps_accounts.py:53] > Execute Request for a feature
2018-10-25 07:49:28,664 	 [INFO] | steps_accounts.py:60] > Validation Smoke code response= 200
2018-10-25 07:49:30,501 	 [INFO] | steps_accounts.py:26] > Configure Client for account membership with specific id
2018-10-25 07:49:30,505 	 [INFO] | steps_accounts.py:66] > Execute Request for create and update feature
2018-10-25 07:49:30,512 	 [INFO] | steps_accounts.py:53] > Execute Request for a feature
2018-10-25 07:49:31,906 	 [INFO] | steps_accounts.py:60] > Validation Smoke code response= 400
2018-10-25 07:49:35,941 	 [INFO] | steps_accounts.py:26] > Configure Client for account membership with specific id
2018-10-25 07:49:35,945 	 [INFO] | steps_accounts.py:53] > Execute Request for a feature
2018-10-25 07:54:02,476 	 [INFO] | steps_accounts.py:17] > Configure Client for account membership 
2018-10-25 07:54:02,484 	 [INFO] | steps_accounts.py:66] > Execute Request for create and update feature
2018-10-25 07:54:02,497 	 [INFO] | steps_accounts.py:53] > Execute Request for a feature
2018-10-25 07:54:03,598 	 [INFO] | steps_accounts.py:60] > Validation Smoke code response= 200
2018-10-25 07:54:20,560 	 [INFO] | steps_accounts.py:17] > Configure Client for account membership 
2018-10-25 07:54:20,566 	 [INFO] | steps_accounts.py:66] > Execute Request for create and update feature
2018-10-25 07:54:20,578 	 [INFO] | steps_accounts.py:53] > Execute Request for a feature
2018-10-25 07:54:21,731 	 [INFO] | steps_accounts.py:60] > Validation Smoke code response= 200
2018-10-25 07:54:23,627 	 [INFO] | steps_accounts.py:17] > Configure Client for account membership 
2018-10-25 07:54:23,631 	 [INFO] | steps_accounts.py:66] > Execute Request for create and update feature
2018-10-25 07:54:23,641 	 [INFO] | steps_accounts.py:53] > Execute Request for a feature
2018-10-25 07:54:24,387 	 [INFO] | steps_accounts.py:60] > Validation Smoke code response= 200
2018-10-25 08:02:00,366 	 [INFO] | steps_accounts.py:17] > Configure Client for account membership 
2018-10-25 08:02:00,374 	 [INFO] | steps_accounts.py:66] > Execute Request for create and update feature
2018-10-25 08:02:00,384 	 [INFO] | steps_accounts.py:53] > Execute Request for a feature
2018-10-25 08:02:01,500 	 [INFO] | steps_accounts.py:60] > Validation Smoke code response= 200
2018-10-25 08:02:03,137 	 [INFO] | steps_accounts.py:17] > Configure Client for account membership 
2018-10-25 08:02:03,141 	 [INFO] | steps_accounts.py:66] > Execute Request for create and update feature
2018-10-25 08:02:03,149 	 [INFO] | steps_accounts.py:53] > Execute Request for a feature
2018-10-25 08:02:03,954 	 [INFO] | steps_accounts.py:60] > Validation Smoke code response= 200
2018-10-25 08:02:05,904 	 [INFO] | steps_accounts.py:17] > Configure Client for account membership 
2018-10-25 08:02:05,908 	 [INFO] | steps_accounts.py:66] > Execute Request for create and update feature
2018-10-25 08:02:05,916 	 [INFO] | steps_accounts.py:53] > Execute Request for a feature
2018-10-25 08:02:07,030 	 [INFO] | steps_accounts.py:60] > Validation Smoke code response= 200
2018-10-25 08:02:08,986 	 [INFO] | steps_accounts.py:17] > Configure Client for account membership 
2018-10-25 08:02:08,990 	 [INFO] | steps_accounts.py:66] > Execute Request for create and update feature
2018-10-25 08:02:09,000 	 [INFO] | steps_accounts.py:53] > Execute Request for a feature
2018-10-25 08:02:09,897 	 [INFO] | steps_accounts.py:60] > Validation Smoke code response= 200
2018-10-25 08:02:11,432 	 [INFO] | steps_accounts.py:17] > Configure Client for account membership 
2018-10-25 08:02:11,437 	 [INFO] | steps_accounts.py:66] > Execute Request for create and update feature
2018-10-25 08:02:11,446 	 [INFO] | steps_accounts.py:53] > Execute Request for a feature
2018-10-25 08:02:12,311 	 [INFO] | steps_accounts.py:60] > Validation Smoke code response= 200
2018-10-25 08:02:13,650 	 [INFO] | steps_accounts.py:17] > Configure Client for account membership 
2018-10-25 08:02:13,654 	 [INFO] | steps_accounts.py:66] > Execute Request for create and update feature
2018-10-25 08:02:13,662 	 [INFO] | steps_accounts.py:53] > Execute Request for a feature
2018-10-25 08:02:14,426 	 [INFO] | steps_accounts.py:60] > Validation Smoke code response= 200
2018-10-25 08:02:16,655 	 [INFO] | steps_accounts.py:17] > Configure Client for account membership 
2018-10-25 08:02:16,658 	 [INFO] | steps_accounts.py:66] > Execute Request for create and update feature
2018-10-25 08:02:16,667 	 [INFO] | steps_accounts.py:53] > Execute Request for a feature
2018-10-25 08:02:17,434 	 [INFO] | steps_accounts.py:60] > Validation Smoke code response= 200
2018-10-25 08:02:19,621 	 [INFO] | steps_accounts.py:17] > Configure Client for account membership 
2018-10-25 08:02:19,625 	 [INFO] | steps_accounts.py:66] > Execute Request for create and update feature
2018-10-25 08:02:19,633 	 [INFO] | steps_accounts.py:53] > Execute Request for a feature
2018-10-25 08:02:20,558 	 [INFO] | steps_accounts.py:60] > Validation Smoke code response= 200
2018-10-25 08:02:21,978 	 [INFO] | steps_accounts.py:17] > Configure Client for account membership 
2018-10-25 08:02:21,981 	 [INFO] | steps_accounts.py:66] > Execute Request for create and update feature
2018-10-25 08:02:21,989 	 [INFO] | steps_accounts.py:53] > Execute Request for a feature
2018-10-25 08:02:22,907 	 [INFO] | steps_accounts.py:60] > Validation Smoke code response= 200
2018-10-25 08:02:24,644 	 [INFO] | steps_accounts.py:17] > Configure Client for account membership 
2018-10-25 08:02:24,648 	 [INFO] | steps_accounts.py:66] > Execute Request for create and update feature
2018-10-25 08:02:24,658 	 [INFO] | steps_accounts.py:53] > Execute Request for a feature
2018-10-25 08:02:25,769 	 [INFO] | steps_accounts.py:60] > Validation Smoke code response= 200
2018-10-25 08:02:27,420 	 [INFO] | steps_accounts.py:17] > Configure Client for account membership 
2018-10-25 08:02:27,425 	 [INFO] | steps_accounts.py:66] > Execute Request for create and update feature
2018-10-25 08:02:27,432 	 [INFO] | steps_accounts.py:53] > Execute Request for a feature
2018-10-25 08:02:28,192 	 [INFO] | steps_accounts.py:60] > Validation Smoke code response= 200
2018-10-25 08:02:29,757 	 [INFO] | steps_accounts.py:17] > Configure Client for account membership 
2018-10-25 08:02:29,760 	 [INFO] | steps_accounts.py:66] > Execute Request for create and update feature
2018-10-25 08:02:29,768 	 [INFO] | steps_accounts.py:53] > Execute Request for a feature
2018-10-25 08:02:30,583 	 [INFO] | steps_accounts.py:60] > Validation Smoke code response= 200
2018-10-25 11:01:04,923 	 [INFO] | steps_accounts.py:17] > Configure Client for account membership 
2018-10-25 11:01:04,926 	 [INFO] | steps_accounts.py:66] > Execute Request for create and update feature
2018-10-25 11:01:04,928 	 [INFO] | steps_accounts.py:53] > Execute Request for a feature
2018-10-25 11:01:05,810 	 [INFO] | steps_accounts.py:60] > Validation Smoke code response= 200
2018-10-25 11:01:05,822 	 [INFO] | steps_accounts.py:75] > Validation crud for created 
2018-10-25 11:01:08,688 	 [INFO] | steps_accounts.py:26] > Configure Client for account membership with specific id
2018-10-25 11:01:08,692 	 [INFO] | steps_accounts.py:53] > Execute Request for a feature
2018-10-25 11:01:09,494 	 [INFO] | steps_accounts.py:60] > Validation Smoke code response= 200
2018-10-25 11:01:11,721 	 [INFO] | steps_accounts.py:17] > Configure Client for account membership 
2018-10-25 11:01:11,724 	 [INFO] | steps_accounts.py:53] > Execute Request for a feature
2018-10-25 11:01:13,035 	 [INFO] | steps_accounts.py:60] > Validation Smoke code response= 200
2018-10-25 11:01:15,354 	 [INFO] | steps_accounts.py:26] > Configure Client for account membership with specific id
2018-10-25 11:01:15,359 	 [INFO] | steps_accounts.py:66] > Execute Request for create and update feature
2018-10-25 11:01:15,364 	 [INFO] | steps_accounts.py:53] > Execute Request for a feature
2018-10-25 11:01:16,497 	 [INFO] | steps_accounts.py:60] > Validation Smoke code response= 200
2018-10-25 11:01:16,510 	 [INFO] | steps_accounts.py:83] > Validation crud for updated 
2018-10-25 15:35:53,807 	 [INFO] | steps_accounts.py:17] > Configure Client for account membership 
2018-10-25 15:35:55,086 	 [INFO] | steps_accounts.py:17] > Configure Client for account membership 
2018-10-25 15:35:55,883 	 [INFO] | steps_accounts.py:17] > Configure Client for account membership 
2018-10-25 15:35:56,675 	 [INFO] | steps_accounts.py:17] > Configure Client for account membership 
2018-10-25 15:35:57,564 	 [INFO] | steps_accounts.py:17] > Configure Client for account membership 
2018-10-25 15:35:58,438 	 [INFO] | steps_accounts.py:17] > Configure Client for account membership 
2018-10-25 15:35:59,350 	 [INFO] | steps_accounts.py:17] > Configure Client for account membership 
2018-10-25 15:36:00,138 	 [INFO] | steps_accounts.py:17] > Configure Client for account membership 
2018-10-25 15:36:00,990 	 [INFO] | steps_accounts.py:17] > Configure Client for account membership 
2018-10-25 15:36:01,957 	 [INFO] | steps_accounts.py:17] > Configure Client for account membership 
2018-10-25 15:36:02,819 	 [INFO] | steps_accounts.py:17] > Configure Client for account membership 
2018-10-25 15:36:03,695 	 [INFO] | steps_accounts.py:17] > Configure Client for account membership 
2018-10-25 15:37:20,103 	 [INFO] | steps_accounts.py:17] > Configure Client for account membership 
2018-10-25 15:39:49,150 	 [INFO] | steps_accounts.py:17] > Configure Client for account membership 
2018-10-25 15:40:39,973 	 [INFO] | steps_accounts.py:17] > Configure Client for account membership 
2018-10-25 15:43:51,252 	 [INFO] | steps_accounts.py:17] > Configure Client for account membership 
2018-10-25 15:45:15,429 	 [INFO] | steps_accounts.py:17] > Configure Client for account membership 
2018-10-25 15:46:30,293 	 [INFO] | steps_accounts.py:17] > Configure Client for account membership 
2018-10-25 15:46:30,315 	 [INFO] | steps_accounts.py:53] > Execute Request for a feature
2018-10-25 15:51:01,484 	 [INFO] | steps_accounts.py:17] > Configure Client for account membership 
2018-10-25 15:51:01,507 	 [INFO] | steps_accounts.py:53] > Execute Request for a feature
2018-10-25 15:53:07,548 	 [INFO] | steps_accounts.py:17] > Configure Client for account membership 
2018-10-25 15:53:07,573 	 [INFO] | steps_accounts.py:53] > Execute Request for a feature
2018-10-25 15:55:49,698 	 [INFO] | steps_accounts.py:17] > Configure Client for account membership 
2018-10-25 15:55:49,716 	 [INFO] | steps_accounts.py:53] > Execute Request for a feature
2018-10-25 15:58:51,760 	 [INFO] | steps_accounts.py:17] > Configure Client for account membership 
2018-10-25 15:58:51,776 	 [INFO] | steps_accounts.py:53] > Execute Request for a feature
2018-10-25 15:58:53,692 	 [INFO] | steps_accounts.py:60] > Validation Smoke code response= 200
2018-10-25 16:03:18,599 	 [INFO] | steps_accounts.py:17] > Configure Client for account membership 
2018-10-25 16:03:18,618 	 [INFO] | steps_accounts.py:53] > Execute Request for a feature
2018-10-25 16:03:19,782 	 [INFO] | steps_accounts.py:60] > Validation Smoke code response= 200
2018-10-25 16:05:47,806 	 [INFO] | steps_accounts.py:17] > Configure Client for account membership 
2018-10-25 16:05:47,831 	 [INFO] | steps_accounts.py:53] > Execute Request for a feature
2018-10-25 16:05:49,132 	 [INFO] | steps_accounts.py:60] > Validation Smoke code response= 200
2018-10-25 16:06:12,081 	 [INFO] | steps_accounts.py:17] > Configure Client for account membership 
2018-10-25 16:06:12,109 	 [INFO] | steps_accounts.py:53] > Execute Request for a feature
2018-10-25 16:06:13,088 	 [INFO] | steps_accounts.py:60] > Validation Smoke code response= 200
2018-10-25 16:06:40,539 	 [INFO] | steps_accounts.py:17] > Configure Client for account membership 
2018-10-25 16:06:40,574 	 [INFO] | steps_accounts.py:53] > Execute Request for a feature
2018-10-25 16:06:41,764 	 [INFO] | steps_accounts.py:60] > Validation Smoke code response= 200
2018-10-25 16:07:24,570 	 [INFO] | steps_accounts.py:17] > Configure Client for account membership 
2018-10-25 16:08:21,915 	 [INFO] | steps_accounts.py:17] > Configure Client for account membership 
2018-10-25 16:56:28,038 	 [INFO] | steps_accounts.py:17] > Configure Client for account membership 
2018-10-25 16:56:49,010 	 [INFO] | steps_accounts.py:17] > Configure Client for account membership 
2018-10-25 17:03:25,187 	 [INFO] | steps_accounts.py:17] > Configure Client for account membership 
2018-10-25 17:06:29,279 	 [INFO] | steps_accounts.py:17] > Configure Client for account membership 
2018-10-25 17:06:29,290 	 [INFO] | steps_accounts.py:53] > Execute Request for a feature
2018-10-25 17:07:39,676 	 [INFO] | steps_accounts.py:17] > Configure Client for account membership 
2018-10-25 17:07:39,690 	 [INFO] | steps_accounts.py:53] > Execute Request for a feature
2018-10-25 17:08:54,192 	 [INFO] | steps_accounts.py:17] > Configure Client for account membership 
2018-10-25 17:08:54,201 	 [INFO] | steps_accounts.py:53] > Execute Request for a feature
2018-10-25 17:10:03,642 	 [INFO] | steps_accounts.py:17] > Configure Client for account membership 
2018-10-25 17:10:03,654 	 [INFO] | steps_accounts.py:53] > Execute Request for a feature
2018-10-25 17:10:57,057 	 [INFO] | steps_accounts.py:17] > Configure Client for account membership 
2018-10-25 17:10:57,071 	 [INFO] | steps_accounts.py:53] > Execute Request for a feature
2018-10-25 17:13:47,374 	 [INFO] | steps_accounts.py:17] > Configure Client for account membership 
2018-10-25 17:13:47,388 	 [INFO] | steps_accounts.py:53] > Execute Request for a feature
2018-10-25 17:16:13,082 	 [INFO] | steps_accounts.py:17] > Configure Client for account membership 
2018-10-25 17:16:13,098 	 [INFO] | steps_accounts.py:53] > Execute Request for a feature
2018-10-25 17:16:13,805 	 [INFO] | steps_accounts.py:60] > Validation Smoke code response= 400
2018-10-25 17:16:29,902 	 [INFO] | steps_accounts.py:17] > Configure Client for account membership 
2018-10-25 17:16:29,915 	 [INFO] | steps_accounts.py:53] > Execute Request for a feature
2018-10-25 17:16:30,642 	 [INFO] | steps_accounts.py:60] > Validation Smoke code response= 400
