2018-10-19 00:08:14,068 	 [INFO] | steps_accounts.py:25] > Configure Client
2018-10-19 00:08:14,070 	 [INFO] | steps_accounts.py:89] > Execute Request
2018-10-19 00:08:14,775 	 [INFO] | steps_accounts.py:83] > Validation Smoke code response= 200
2018-10-19 00:08:16,515 	 [INFO] | steps_accounts.py:25] > Configure Client
2018-10-19 00:08:16,516 	 [INFO] | steps_accounts.py:68] > Execute Request
2018-10-19 00:08:17,190 	 [INFO] | steps_accounts.py:83] > Validation Smoke code response= 200
2018-10-19 00:08:18,521 	 [INFO] | steps_accounts.py:34] > Configure Client
2018-10-19 00:08:18,524 	 [INFO] | steps_accounts.py:68] > Execute Request
2018-10-19 00:08:19,128 	 [INFO] | steps_accounts.py:83] > Validation Smoke code response= 200
2018-10-19 00:08:20,454 	 [INFO] | steps_accounts.py:34] > Configure Client
2018-10-19 00:08:20,455 	 [INFO] | steps_accounts.py:100] > Execute Request
2018-10-19 00:08:21,187 	 [INFO] | steps_accounts.py:83] > Validation Smoke code response= 200
2018-10-19 00:08:22,534 	 [INFO] | steps_accounts.py:34] > Configure Client
2018-10-19 00:08:22,535 	 [INFO] | steps_accounts.py:68] > Execute Request
2018-10-19 00:08:23,179 	 [INFO] | steps_accounts.py:83] > Validation Smoke code response= 204
2018-10-19 00:08:23,812 	 [INFO] | steps_accounts.py:43] > Configure Client
2018-10-19 00:08:23,813 	 [INFO] | steps_accounts.py:68] > Execute Request
2018-10-19 00:08:24,427 	 [INFO] | steps_accounts.py:83] > Validation Smoke code response= 200
2018-10-19 00:08:24,428 	 [INFO] | steps_accounts.py:52] > Configure Client
2018-10-19 00:08:24,429 	 [INFO] | steps_accounts.py:68] > Execute Request
2018-10-19 00:08:25,080 	 [INFO] | steps_accounts.py:83] > Validation Smoke code response= 200
2018-10-19 00:08:25,083 	 [INFO] | steps_accounts.py:43] > Configure Client
2018-10-19 00:08:25,085 	 [INFO] | steps_accounts.py:68] > Execute Request
2018-10-19 00:08:25,800 	 [INFO] | steps_accounts.py:83] > Validation Smoke code response= 200
2018-10-19 00:08:25,805 	 [INFO] | steps_accounts.py:43] > Configure Client
2018-10-19 00:08:25,806 	 [INFO] | steps_accounts.py:68] > Execute Request
2018-10-19 00:08:26,457 	 [INFO] | steps_accounts.py:83] > Validation Smoke code response= 200
2018-10-19 00:20:10,479 	 [INFO] | steps_accounts.py:16] > Configure Client
2018-10-19 00:20:10,480 	 [INFO] | steps_accounts.py:65] > Execute Request
2018-10-19 00:20:11,164 	 [INFO] | steps_accounts.py:59] > Validation Smoke code response= 200
2018-10-19 00:20:12,507 	 [INFO] | steps_accounts.py:16] > Configure Client
2018-10-19 00:20:12,509 	 [INFO] | steps_accounts.py:52] > Execute Request
2018-10-19 00:20:13,136 	 [INFO] | steps_accounts.py:59] > Validation Smoke code response= 200
2018-10-19 00:20:14,400 	 [INFO] | steps_accounts.py:25] > Configure Client
2018-10-19 00:20:14,401 	 [INFO] | steps_accounts.py:52] > Execute Request
2018-10-19 00:20:15,025 	 [INFO] | steps_accounts.py:59] > Validation Smoke code response= 200
2018-10-19 00:20:16,287 	 [INFO] | steps_accounts.py:25] > Configure Client
2018-10-19 00:20:16,289 	 [INFO] | steps_accounts.py:65] > Execute Request
2018-10-19 00:20:16,936 	 [INFO] | steps_accounts.py:59] > Validation Smoke code response= 200
2018-10-19 00:20:18,243 	 [INFO] | steps_accounts.py:25] > Configure Client
2018-10-19 00:20:18,245 	 [INFO] | steps_accounts.py:52] > Execute Request
2018-10-19 00:20:18,839 	 [INFO] | steps_accounts.py:59] > Validation Smoke code response= 204
2018-10-19 00:20:19,443 	 [INFO] | steps_accounts.py:34] > Configure Client
2018-10-19 00:20:19,444 	 [INFO] | steps_accounts.py:52] > Execute Request
2018-10-19 00:20:20,114 	 [INFO] | steps_accounts.py:59] > Validation Smoke code response= 200
2018-10-19 00:20:20,115 	 [INFO] | steps_accounts.py:43] > Configure Client
2018-10-19 00:20:20,116 	 [INFO] | steps_accounts.py:52] > Execute Request
2018-10-19 00:20:20,707 	 [INFO] | steps_accounts.py:59] > Validation Smoke code response= 200
2018-10-19 00:20:20,708 	 [INFO] | steps_accounts.py:34] > Configure Client
2018-10-19 00:20:20,709 	 [INFO] | steps_accounts.py:52] > Execute Request
2018-10-19 00:20:21,382 	 [INFO] | steps_accounts.py:59] > Validation Smoke code response= 200
2018-10-19 00:20:21,385 	 [INFO] | steps_accounts.py:34] > Configure Client
2018-10-19 00:20:21,386 	 [INFO] | steps_accounts.py:52] > Execute Request
2018-10-19 00:20:22,045 	 [INFO] | steps_accounts.py:59] > Validation Smoke code response= 200
2018-10-19 00:25:05,541 	 [INFO] | steps_accounts.py:16] > Configure Client for account membership 
2018-10-19 00:25:05,543 	 [INFO] | steps_accounts.py:65] > Execute Request for create and update feature
2018-10-19 00:25:06,320 	 [INFO] | steps_accounts.py:59] > Validation Smoke code response= 200
2018-10-19 00:25:07,570 	 [INFO] | steps_accounts.py:16] > Configure Client for account membership 
2018-10-19 00:25:07,571 	 [INFO] | steps_accounts.py:52] > Execute Request for a feature
2018-10-19 00:25:08,184 	 [INFO] | steps_accounts.py:59] > Validation Smoke code response= 200
2018-10-19 00:25:09,478 	 [INFO] | steps_accounts.py:25] > Configure Client for account membership with specific id
2018-10-19 00:25:09,482 	 [INFO] | steps_accounts.py:52] > Execute Request for a feature
2018-10-19 00:25:10,085 	 [INFO] | steps_accounts.py:59] > Validation Smoke code response= 200
2018-10-19 00:25:11,347 	 [INFO] | steps_accounts.py:25] > Configure Client for account membership with specific id
2018-10-19 00:25:11,347 	 [INFO] | steps_accounts.py:65] > Execute Request for create and update feature
2018-10-19 00:25:11,984 	 [INFO] | steps_accounts.py:59] > Validation Smoke code response= 200
2018-10-19 00:25:13,297 	 [INFO] | steps_accounts.py:25] > Configure Client for account membership with specific id
2018-10-19 00:25:13,299 	 [INFO] | steps_accounts.py:52] > Execute Request for a feature
2018-10-19 00:25:13,913 	 [INFO] | steps_accounts.py:59] > Validation Smoke code response= 204
2018-10-19 00:25:14,575 	 [INFO] | steps_accounts.py:34] > Configure Client for accounts and account summaries
2018-10-19 00:25:14,577 	 [INFO] | steps_accounts.py:52] > Execute Request for a feature
2018-10-19 00:25:15,254 	 [INFO] | steps_accounts.py:59] > Validation Smoke code response= 200
2018-10-19 00:25:15,256 	 [INFO] | steps_accounts.py:43] > Configure Client for account with specific id
2018-10-19 00:25:15,257 	 [INFO] | steps_accounts.py:52] > Execute Request for a feature
2018-10-19 00:25:15,889 	 [INFO] | steps_accounts.py:59] > Validation Smoke code response= 200
2018-10-19 00:25:15,894 	 [INFO] | steps_accounts.py:34] > Configure Client for accounts and account summaries
2018-10-19 00:25:15,897 	 [INFO] | steps_accounts.py:52] > Execute Request for a feature
2018-10-19 00:25:16,562 	 [INFO] | steps_accounts.py:59] > Validation Smoke code response= 200
2018-10-19 00:25:16,568 	 [INFO] | steps_accounts.py:34] > Configure Client for accounts and account summaries
2018-10-19 00:25:16,570 	 [INFO] | steps_accounts.py:52] > Execute Request for a feature
2018-10-19 00:25:17,223 	 [INFO] | steps_accounts.py:59] > Validation Smoke code response= 200
2018-10-19 00:30:41,578 	 [INFO] | steps_accounts.py:16] > Configure Client for account membership 
2018-10-19 00:30:41,580 	 [INFO] | steps_accounts.py:65] > Execute Request for create and update feature
2018-10-19 00:30:42,512 	 [INFO] | steps_accounts.py:59] > Validation Smoke code response= 200
2018-10-19 00:30:43,773 	 [INFO] | steps_accounts.py:16] > Configure Client for account membership 
2018-10-19 00:30:43,776 	 [INFO] | steps_accounts.py:52] > Execute Request for a feature
2018-10-19 00:30:44,536 	 [INFO] | steps_accounts.py:59] > Validation Smoke code response= 200
2018-10-19 00:30:45,871 	 [INFO] | steps_accounts.py:25] > Configure Client for account membership with specific id
2018-10-19 00:30:45,875 	 [INFO] | steps_accounts.py:52] > Execute Request for a feature
2018-10-19 00:30:46,475 	 [INFO] | steps_accounts.py:59] > Validation Smoke code response= 200
2018-10-19 00:30:47,782 	 [INFO] | steps_accounts.py:25] > Configure Client for account membership with specific id
2018-10-19 00:30:47,785 	 [INFO] | steps_accounts.py:65] > Execute Request for create and update feature
2018-10-19 00:30:48,478 	 [INFO] | steps_accounts.py:59] > Validation Smoke code response= 200
2018-10-19 00:30:49,869 	 [INFO] | steps_accounts.py:25] > Configure Client for account membership with specific id
2018-10-19 00:30:49,870 	 [INFO] | steps_accounts.py:52] > Execute Request for a feature
2018-10-19 00:30:50,549 	 [INFO] | steps_accounts.py:59] > Validation Smoke code response= 204
2018-10-19 00:30:51,167 	 [INFO] | steps_accounts.py:34] > Configure Client for accounts and account summaries
2018-10-19 00:30:51,168 	 [INFO] | steps_accounts.py:52] > Execute Request for a feature
2018-10-19 00:30:51,832 	 [INFO] | steps_accounts.py:59] > Validation Smoke code response= 200
2018-10-19 00:30:51,836 	 [INFO] | steps_accounts.py:43] > Configure Client for account with specific id
2018-10-19 00:30:51,838 	 [INFO] | steps_accounts.py:52] > Execute Request for a feature
2018-10-19 00:30:52,476 	 [INFO] | steps_accounts.py:59] > Validation Smoke code response= 200
2018-10-19 00:30:52,481 	 [INFO] | steps_accounts.py:34] > Configure Client for accounts and account summaries
2018-10-19 00:30:52,483 	 [INFO] | steps_accounts.py:52] > Execute Request for a feature
2018-10-19 00:30:53,177 	 [INFO] | steps_accounts.py:59] > Validation Smoke code response= 200
2018-10-19 00:30:53,179 	 [INFO] | steps_accounts.py:34] > Configure Client for accounts and account summaries
2018-10-19 00:30:53,179 	 [INFO] | steps_accounts.py:52] > Execute Request for a feature
2018-10-19 00:30:53,854 	 [INFO] | steps_accounts.py:59] > Validation Smoke code response= 200
2018-10-19 00:32:17,529 	 [INFO] | steps_accounts.py:16] > Configure Client for account membership 
2018-10-19 00:32:17,534 	 [INFO] | steps_accounts.py:65] > Execute Request for create and update feature
2018-10-19 00:32:18,195 	 [INFO] | steps_accounts.py:59] > Validation Smoke code response= 200
2018-10-19 00:32:19,523 	 [INFO] | steps_accounts.py:16] > Configure Client for account membership 
2018-10-19 00:32:19,526 	 [INFO] | steps_accounts.py:52] > Execute Request for a feature
2018-10-19 00:32:20,111 	 [INFO] | steps_accounts.py:59] > Validation Smoke code response= 200
2018-10-19 00:32:21,406 	 [INFO] | steps_accounts.py:25] > Configure Client for account membership with specific id
2018-10-19 00:32:21,409 	 [INFO] | steps_accounts.py:52] > Execute Request for a feature
2018-10-19 00:32:22,006 	 [INFO] | steps_accounts.py:59] > Validation Smoke code response= 200
2018-10-19 00:32:23,289 	 [INFO] | steps_accounts.py:25] > Configure Client for account membership with specific id
2018-10-19 00:32:23,293 	 [INFO] | steps_accounts.py:65] > Execute Request for create and update feature
2018-10-19 00:32:23,969 	 [INFO] | steps_accounts.py:59] > Validation Smoke code response= 200
2018-10-19 00:32:25,302 	 [INFO] | steps_accounts.py:25] > Configure Client for account membership with specific id
2018-10-19 00:32:25,304 	 [INFO] | steps_accounts.py:52] > Execute Request for a feature
2018-10-19 00:32:25,903 	 [INFO] | steps_accounts.py:59] > Validation Smoke code response= 204
2018-10-19 00:32:26,494 	 [INFO] | steps_accounts.py:34] > Configure Client for accounts and account summaries
2018-10-19 00:32:26,495 	 [INFO] | steps_accounts.py:52] > Execute Request for a feature
2018-10-19 00:32:27,123 	 [INFO] | steps_accounts.py:59] > Validation Smoke code response= 200
2018-10-19 00:32:27,126 	 [INFO] | steps_accounts.py:43] > Configure Client for account with specific id
2018-10-19 00:32:27,127 	 [INFO] | steps_accounts.py:52] > Execute Request for a feature
2018-10-19 00:32:27,725 	 [INFO] | steps_accounts.py:59] > Validation Smoke code response= 200
2018-10-19 00:32:27,728 	 [INFO] | steps_accounts.py:34] > Configure Client for accounts and account summaries
2018-10-19 00:32:27,730 	 [INFO] | steps_accounts.py:52] > Execute Request for a feature
2018-10-19 00:32:28,347 	 [INFO] | steps_accounts.py:59] > Validation Smoke code response= 200
2018-10-19 00:32:28,351 	 [INFO] | steps_accounts.py:34] > Configure Client for accounts and account summaries
2018-10-19 00:32:28,354 	 [INFO] | steps_accounts.py:52] > Execute Request for a feature
2018-10-19 00:32:29,000 	 [INFO] | steps_accounts.py:59] > Validation Smoke code response= 200
2018-10-19 01:17:05,308 	 [INFO] | steps_accounts.py:25] > Configure Client for account membership with specific id
2018-10-19 01:17:05,314 	 [INFO] | steps_accounts.py:52] > Execute Request for a feature
2018-10-19 01:18:52,011 	 [INFO] | steps_accounts.py:25] > Configure Client for account membership with specific id
2018-10-19 01:18:52,018 	 [INFO] | steps_accounts.py:52] > Execute Request for a feature
2018-10-19 01:20:06,799 	 [INFO] | steps_accounts.py:25] > Configure Client for account membership with specific id
2018-10-19 01:20:06,806 	 [INFO] | steps_accounts.py:65] > Execute Request for create and update feature
2018-10-19 01:23:31,149 	 [INFO] | steps_accounts.py:25] > Configure Client for account membership with specific id
2018-10-19 01:23:31,155 	 [INFO] | steps_accounts.py:65] > Execute Request for create and update feature
2018-10-19 01:23:32,067 	 [INFO] | steps_accounts.py:76] > Validation crud : updated
2018-10-19 01:24:18,452 	 [INFO] | steps_accounts.py:25] > Configure Client for account membership with specific id
2018-10-19 01:24:18,461 	 [INFO] | steps_accounts.py:65] > Execute Request for create and update feature
2018-10-19 01:24:19,465 	 [INFO] | steps_accounts.py:76] > Validation crud : updated
2018-10-19 01:26:07,105 	 [INFO] | steps_accounts.py:25] > Configure Client for account membership with specific id
2018-10-19 01:26:07,113 	 [INFO] | steps_accounts.py:65] > Execute Request for create and update feature
2018-10-19 01:26:08,124 	 [INFO] | steps_accounts.py:76] > Validation crud : updated
2018-10-19 01:36:47,441 	 [INFO] | steps_accounts.py:25] > Configure Client for account membership with specific id
2018-10-19 01:36:47,449 	 [INFO] | steps_accounts.py:65] > Execute Request for create and update feature
2018-10-19 01:36:48,839 	 [INFO] | steps_accounts.py:76] > Validation crud : updated
2018-10-19 01:44:06,906 	 [INFO] | steps_accounts.py:25] > Configure Client for account membership with specific id
2018-10-19 01:44:06,913 	 [INFO] | steps_accounts.py:65] > Execute Request for create and update feature
2018-10-19 01:44:07,821 	 [INFO] | steps_accounts.py:77] > Validation crud : updated
2018-10-19 01:44:53,499 	 [INFO] | steps_accounts.py:25] > Configure Client for account membership with specific id
2018-10-19 01:44:53,506 	 [INFO] | steps_accounts.py:65] > Execute Request for create and update feature
2018-10-19 01:44:54,726 	 [INFO] | steps_accounts.py:77] > Validation crud : updated
2018-10-19 01:47:33,448 	 [INFO] | steps_accounts.py:25] > Configure Client for account membership with specific id
2018-10-19 01:47:33,456 	 [INFO] | steps_accounts.py:65] > Execute Request for create and update feature
2018-10-19 01:47:34,905 	 [INFO] | steps_accounts.py:77] > Validation crud : updated
2018-10-19 01:49:40,229 	 [INFO] | steps_accounts.py:16] > Configure Client for account membership 
2018-10-19 01:49:40,233 	 [INFO] | steps_accounts.py:65] > Execute Request for create and update feature
2018-10-19 01:49:41,649 	 [INFO] | steps_accounts.py:77] > Validation crud : created
2018-10-19 01:49:43,497 	 [INFO] | steps_accounts.py:25] > Configure Client for account membership with specific id
2018-10-19 01:49:43,506 	 [INFO] | steps_accounts.py:52] > Execute Request for a feature
2018-10-19 01:49:45,133 	 [INFO] | steps_accounts.py:16] > Configure Client for account membership 
2018-10-19 01:49:45,137 	 [INFO] | steps_accounts.py:65] > Execute Request for create and update feature
2018-10-19 01:49:46,038 	 [INFO] | steps_accounts.py:59] > Validation Smoke code response= 200
2018-10-19 01:49:47,490 	 [INFO] | steps_accounts.py:16] > Configure Client for account membership 
2018-10-19 01:49:47,494 	 [INFO] | steps_accounts.py:52] > Execute Request for a feature
2018-10-19 01:49:48,658 	 [INFO] | steps_accounts.py:59] > Validation Smoke code response= 200
2018-10-19 01:49:50,435 	 [INFO] | steps_accounts.py:25] > Configure Client for account membership with specific id
2018-10-19 01:49:50,438 	 [INFO] | steps_accounts.py:52] > Execute Request for a feature
2018-10-19 01:49:51,349 	 [INFO] | steps_accounts.py:59] > Validation Smoke code response= 200
2018-10-19 01:49:53,019 	 [INFO] | steps_accounts.py:25] > Configure Client for account membership with specific id
2018-10-19 01:49:53,024 	 [INFO] | steps_accounts.py:65] > Execute Request for create and update feature
2018-10-19 01:49:53,706 	 [INFO] | steps_accounts.py:59] > Validation Smoke code response= 200
2018-10-19 01:49:55,628 	 [INFO] | steps_accounts.py:25] > Configure Client for account membership with specific id
2018-10-19 01:49:55,632 	 [INFO] | steps_accounts.py:52] > Execute Request for a feature
2018-10-19 01:49:56,531 	 [INFO] | steps_accounts.py:59] > Validation Smoke code response= 204
2018-10-19 01:49:57,349 	 [INFO] | steps_accounts.py:34] > Configure Client for accounts and account summaries
2018-10-19 01:49:57,353 	 [INFO] | steps_accounts.py:52] > Execute Request for a feature
2018-10-19 01:49:58,340 	 [INFO] | steps_accounts.py:59] > Validation Smoke code response= 200
2018-10-19 01:49:58,348 	 [INFO] | steps_accounts.py:43] > Configure Client for account with specific id
2018-10-19 01:49:58,352 	 [INFO] | steps_accounts.py:52] > Execute Request for a feature
2018-10-19 01:49:59,670 	 [INFO] | steps_accounts.py:59] > Validation Smoke code response= 200
2018-10-19 01:49:59,677 	 [INFO] | steps_accounts.py:34] > Configure Client for accounts and account summaries
2018-10-19 01:49:59,681 	 [INFO] | steps_accounts.py:52] > Execute Request for a feature
2018-10-19 01:50:00,604 	 [INFO] | steps_accounts.py:59] > Validation Smoke code response= 200
2018-10-19 01:50:00,611 	 [INFO] | steps_accounts.py:34] > Configure Client for accounts and account summaries
2018-10-19 01:50:00,615 	 [INFO] | steps_accounts.py:52] > Execute Request for a feature
2018-10-19 01:50:01,923 	 [INFO] | steps_accounts.py:59] > Validation Smoke code response= 200
2018-10-19 01:50:01,934 	 [INFO] | steps_me.py:13] > Configure Client
2018-10-19 01:50:01,939 	 [INFO] | steps_me.py:22] > Execute Request
2018-10-19 01:50:04,656 	 [INFO] | steps_me.py:32] > Validation Smoke
2018-10-19 07:35:10,817 	 [INFO] | steps_accounts.py:16] > Configure Client for account membership 
2018-10-19 07:35:10,870 	 [INFO] | steps_accounts.py:65] > Execute Request for create and update feature
2018-10-19 07:36:19,879 	 [INFO] | steps_accounts.py:16] > Configure Client for account membership 
2018-10-19 07:36:19,882 	 [INFO] | steps_accounts.py:65] > Execute Request for create and update feature
2018-10-19 07:36:20,740 	 [INFO] | steps_accounts.py:77] > Validation crud : created
2018-10-19 07:38:07,174 	 [INFO] | steps_accounts.py:16] > Configure Client for account membership 
2018-10-19 07:38:07,177 	 [INFO] | steps_accounts.py:65] > Execute Request for create and update feature
2018-10-19 07:38:08,214 	 [INFO] | steps_accounts.py:77] > Validation crud : created
2018-10-19 07:38:08,996 	 [INFO] | steps_accounts.py:16] > Configure Client for account membership 
2018-10-19 07:38:09,759 	 [INFO] | steps_accounts.py:25] > Configure Client for account membership with specific id
2018-10-19 07:38:09,766 	 [INFO] | steps_accounts.py:52] > Execute Request for a feature
2018-10-19 07:41:05,174 	 [INFO] | steps_accounts.py:16] > Configure Client for account membership 
2018-10-19 07:41:05,192 	 [INFO] | steps_accounts.py:65] > Execute Request for create and update feature
2018-10-19 07:41:06,051 	 [INFO] | steps_accounts.py:77] > Validation crud : created
2018-10-19 07:41:06,742 	 [INFO] | steps_accounts.py:25] > Configure Client for account membership with specific id
2018-10-19 07:41:07,609 	 [INFO] | steps_accounts.py:25] > Configure Client for account membership with specific id
2018-10-19 07:41:07,615 	 [INFO] | steps_accounts.py:52] > Execute Request for a feature
2018-10-19 07:41:47,080 	 [INFO] | steps_accounts.py:16] > Configure Client for account membership 
2018-10-19 07:41:47,088 	 [INFO] | steps_accounts.py:65] > Execute Request for create and update feature
2018-10-19 07:41:47,960 	 [INFO] | steps_accounts.py:77] > Validation crud : created
2018-10-19 07:41:49,807 	 [INFO] | steps_accounts.py:25] > Configure Client for account membership with specific id
2018-10-19 07:41:49,812 	 [INFO] | steps_accounts.py:65] > Execute Request for create and update feature
2018-10-19 07:41:50,624 	 [INFO] | steps_accounts.py:77] > Validation crud : updated
2018-10-19 07:41:52,265 	 [INFO] | steps_accounts.py:25] > Configure Client for account membership with specific id
2018-10-19 07:41:52,270 	 [INFO] | steps_accounts.py:52] > Execute Request for a feature
2018-10-19 10:54:24,016 	 [INFO] | steps_accounts.py:16] > Configure Client for account membership 
2018-10-19 10:54:24,018 	 [INFO] | steps_accounts.py:65] > Execute Request for create and update feature
2018-10-19 10:54:25,141 	 [INFO] | steps_accounts.py:77] > Validation crud : created
2018-10-19 10:54:26,785 	 [INFO] | steps_accounts.py:25] > Configure Client for account membership with specific id
2018-10-19 10:54:26,791 	 [INFO] | steps_accounts.py:65] > Execute Request for create and update feature
2018-10-19 10:54:27,818 	 [INFO] | steps_accounts.py:77] > Validation crud : updated
2018-10-19 10:54:29,446 	 [INFO] | steps_accounts.py:25] > Configure Client for account membership with specific id
2018-10-19 10:54:29,450 	 [INFO] | steps_accounts.py:52] > Execute Request for a feature
2018-10-19 11:04:05,375 	 [INFO] | steps_accounts.py:16] > Configure Client for account membership 
2018-10-19 11:04:05,377 	 [INFO] | steps_accounts.py:65] > Execute Request for create and update feature
2018-10-19 11:04:06,150 	 [INFO] | steps_accounts.py:77] > Validation crud : created
2018-10-19 11:04:07,596 	 [INFO] | steps_accounts.py:25] > Configure Client for account membership with specific id
2018-10-19 11:04:07,601 	 [INFO] | steps_accounts.py:65] > Execute Request for create and update feature
2018-10-19 11:04:08,617 	 [INFO] | steps_accounts.py:77] > Validation crud : updated
2018-10-19 11:04:10,457 	 [INFO] | steps_accounts.py:25] > Configure Client for account membership with specific id
2018-10-19 11:04:10,459 	 [INFO] | steps_accounts.py:52] > Execute Request for a feature
2018-10-19 11:04:36,162 	 [INFO] | steps_accounts.py:16] > Configure Client for account membership 
2018-10-19 11:04:36,165 	 [INFO] | steps_accounts.py:65] > Execute Request for create and update feature
2018-10-19 11:04:37,231 	 [INFO] | steps_accounts.py:77] > Validation crud : created
2018-10-19 11:04:38,520 	 [INFO] | steps_accounts.py:25] > Configure Client for account membership with specific id
2018-10-19 11:04:38,522 	 [INFO] | steps_accounts.py:65] > Execute Request for create and update feature
2018-10-19 11:04:39,537 	 [INFO] | steps_accounts.py:77] > Validation crud : updated
2018-10-19 11:04:40,989 	 [INFO] | steps_accounts.py:25] > Configure Client for account membership with specific id
2018-10-19 11:04:40,992 	 [INFO] | steps_accounts.py:52] > Execute Request for a feature
2018-10-19 11:12:36,674 	 [INFO] | steps_accounts.py:16] > Configure Client for account membership 
2018-10-19 11:12:36,679 	 [INFO] | steps_accounts.py:65] > Execute Request for create and update feature
2018-10-19 11:12:37,740 	 [INFO] | steps_accounts.py:77] > Validation crud : created
2018-10-19 12:15:59,213 	 [INFO] | steps_accounts.py:16] > Configure Client for account membership 
2018-10-19 12:15:59,227 	 [INFO] | steps_accounts.py:65] > Execute Request for create and update feature
2018-10-19 12:16:00,326 	 [INFO] | steps_accounts.py:77] > Validation crud : created
2018-10-19 12:16:31,570 	 [INFO] | steps_accounts.py:16] > Configure Client for account membership 
2018-10-19 12:16:31,572 	 [INFO] | steps_accounts.py:65] > Execute Request for create and update feature
2018-10-19 12:16:32,365 	 [INFO] | steps_accounts.py:77] > Validation crud : created
2018-10-19 12:21:16,507 	 [INFO] | steps_accounts.py:16] > Configure Client for account membership 
2018-10-19 12:21:16,509 	 [INFO] | steps_accounts.py:65] > Execute Request for create and update feature
2018-10-19 12:21:17,420 	 [INFO] | steps_accounts.py:77] > Validation crud : created
2018-10-19 12:22:24,036 	 [INFO] | steps_accounts.py:16] > Configure Client for account membership 
2018-10-19 12:22:24,037 	 [INFO] | steps_accounts.py:65] > Execute Request for create and update feature
2018-10-19 12:22:24,950 	 [INFO] | steps_accounts.py:77] > Validation crud : created
2018-10-19 12:25:03,696 	 [INFO] | steps_accounts.py:16] > Configure Client for account membership 
2018-10-19 12:25:58,392 	 [INFO] | steps_accounts.py:16] > Configure Client for account membership 
2018-10-19 12:26:55,628 	 [INFO] | steps_accounts.py:16] > Configure Client for account membership 
2018-10-19 12:26:55,630 	 [INFO] | steps_accounts.py:65] > Execute Request for create and update feature
2018-10-19 12:26:56,618 	 [INFO] | steps_accounts.py:77] > Validation crud : created
2018-10-19 12:26:58,225 	 [INFO] | steps_accounts.py:25] > Configure Client for account membership with specific id
2018-10-19 12:26:58,227 	 [INFO] | steps_accounts.py:65] > Execute Request for create and update feature
2018-10-19 12:26:59,179 	 [INFO] | steps_accounts.py:77] > Validation crud : updated
2018-10-19 12:27:00,454 	 [INFO] | steps_accounts.py:25] > Configure Client for account membership with specific id
2018-10-19 12:27:00,457 	 [INFO] | steps_accounts.py:52] > Execute Request for a feature
2018-10-19 12:28:25,998 	 [INFO] | steps_accounts.py:16] > Configure Client for account membership 
2018-10-19 12:28:26,000 	 [INFO] | steps_accounts.py:65] > Execute Request for create and update feature
2018-10-19 12:28:26,854 	 [INFO] | steps_accounts.py:77] > Validation crud : created
2018-10-19 12:28:28,457 	 [INFO] | steps_accounts.py:25] > Configure Client for account membership with specific id
2018-10-19 12:28:28,459 	 [INFO] | steps_accounts.py:65] > Execute Request for create and update feature
2018-10-19 12:28:29,410 	 [INFO] | steps_accounts.py:77] > Validation crud : updated
2018-10-19 12:28:31,029 	 [INFO] | steps_accounts.py:25] > Configure Client for account membership with specific id
2018-10-19 12:28:31,033 	 [INFO] | steps_accounts.py:52] > Execute Request for a feature
2018-10-19 12:35:07,084 	 [INFO] | steps_accounts.py:16] > Configure Client for account membership 
2018-10-19 12:35:07,086 	 [INFO] | steps_accounts.py:65] > Execute Request for create and update feature
2018-10-19 12:35:07,814 	 [INFO] | steps_accounts.py:77] > Validation crud : created
2018-10-19 12:35:09,093 	 [INFO] | steps_accounts.py:25] > Configure Client for account membership with specific id
2018-10-19 12:35:09,096 	 [INFO] | steps_accounts.py:65] > Execute Request for create and update feature
2018-10-19 12:35:10,048 	 [INFO] | steps_accounts.py:77] > Validation crud : updated
2018-10-19 12:35:11,970 	 [INFO] | steps_accounts.py:25] > Configure Client for account membership with specific id
2018-10-19 12:35:11,971 	 [INFO] | steps_accounts.py:52] > Execute Request for a feature
2018-10-19 12:37:07,926 	 [INFO] | steps_accounts.py:16] > Configure Client for account membership 
2018-10-19 12:37:07,927 	 [INFO] | steps_accounts.py:65] > Execute Request for create and update feature
2018-10-19 12:37:08,775 	 [INFO] | steps_accounts.py:77] > Validation crud : created
2018-10-19 12:37:10,374 	 [INFO] | steps_accounts.py:25] > Configure Client for account membership with specific id
2018-10-19 12:37:10,376 	 [INFO] | steps_accounts.py:65] > Execute Request for create and update feature
2018-10-19 12:37:11,345 	 [INFO] | steps_accounts.py:77] > Validation crud : updated
2018-10-19 12:37:12,612 	 [INFO] | steps_accounts.py:25] > Configure Client for account membership with specific id
2018-10-19 12:37:12,614 	 [INFO] | steps_accounts.py:52] > Execute Request for a feature
2018-10-19 13:04:20,565 	 [INFO] | steps_accounts.py:16] > Configure Client for account membership 
2018-10-19 13:04:20,567 	 [INFO] | steps_accounts.py:65] > Execute Request for create and update feature
2018-10-19 13:04:21,914 	 [INFO] | steps_accounts.py:77] > Validation crud : created
2018-10-19 13:04:25,423 	 [INFO] | steps_accounts.py:25] > Configure Client for account membership with specific id
2018-10-19 13:04:25,426 	 [INFO] | steps_accounts.py:65] > Execute Request for create and update feature
2018-10-19 13:04:29,247 	 [INFO] | steps_accounts.py:77] > Validation crud : updated
2018-10-19 13:04:34,323 	 [INFO] | steps_accounts.py:25] > Configure Client for account membership with specific id
2018-10-19 13:04:34,325 	 [INFO] | steps_accounts.py:52] > Execute Request for a feature
2018-10-19 13:33:26,958 	 [INFO] | steps_accounts.py:17] > Configure Client for account membership 
2018-10-19 13:33:26,960 	 [INFO] | steps_accounts.py:66] > Execute Request for create and update feature
2018-10-19 13:33:34,121 	 [INFO] | steps_accounts.py:26] > Configure Client for account membership with specific id
2018-10-19 13:33:34,123 	 [INFO] | steps_accounts.py:66] > Execute Request for create and update feature
2018-10-19 13:33:36,847 	 [INFO] | steps_accounts.py:78] > Validation crud : updated
2018-10-19 13:33:40,995 	 [INFO] | steps_accounts.py:26] > Configure Client for account membership with specific id
2018-10-19 13:33:40,996 	 [INFO] | steps_accounts.py:53] > Execute Request for a feature
2018-10-19 13:36:13,767 	 [INFO] | steps_accounts.py:17] > Configure Client for account membership 
2018-10-19 13:36:13,769 	 [INFO] | steps_accounts.py:66] > Execute Request for create and update feature
2018-10-19 13:36:23,361 	 [INFO] | steps_accounts.py:26] > Configure Client for account membership with specific id
2018-10-19 13:36:23,362 	 [INFO] | steps_accounts.py:66] > Execute Request for create and update feature
2018-10-19 13:36:26,532 	 [INFO] | steps_accounts.py:78] > Validation crud : updated
2018-10-19 13:36:31,482 	 [INFO] | steps_accounts.py:26] > Configure Client for account membership with specific id
2018-10-19 13:36:31,483 	 [INFO] | steps_accounts.py:53] > Execute Request for a feature
